
nohup: ignoring input
2026-04-07 17:32:14,229 - INFO - Private dataset loaded from: self_data/75_Sta_60_test_dso
2026-04-07 17:32:14,229 - INFO - use_dso=False, signal_length=2048
2026-04-07 17:32:14,229 - INFO - num_classes=8, class_names=['L0', 'L120', 'L1800', 'L320', 'L330', 'L75', 'L800', 'NO_L']
2026-04-07 17:32:14,229 - INFO - train_samples=25975, test_samples=6495
2026-04-07 17:32:34,976 - INFO - [Eval @ Epoch 1/300] test_loss=0.375022, test_acc=0.8300
2026-04-07 17:32:34,976 - INFO - [Eval Per-Class] L0(prec=0.9889, rec=0.9951, n=1617); L120(prec=0.8284, rec=0.8413, n=3220); L1800(prec=0.6734, rec=0.6609, n=1610); L320(prec=0.0000, rec=0.0000, n=4); L330(prec=0.0000, rec=0.0000, n=14); L75(prec=0.0000, rec=0.0000, n=4); L800(prec=0.5000, rec=0.4091, n=22); NO_L(prec=0.0000, rec=0.0000, n=4)
2026-04-07 17:32:34,976 - INFO - [Epoch 1/300] train_loss=0.699871, loss_label_inv=0.757905, loss_entropy=0.007090, loss_total=0.707592, grl=0.0166, lr=0.00010000, epoch_time=00:00:20, eta=01:41:18, test_loss=0.375022, test_acc=0.8300
2026-04-07 17:33:45,271 - INFO - [Eval @ Epoch 5/300] test_loss=0.400066, test_acc=0.7997
2026-04-07 17:33:45,271 - INFO - [Eval Per-Class] L0(prec=0.9994, rec=0.9944, n=1617); L120(prec=0.9644, rec=0.6301, n=3220); L1800(prec=0.5630, rec=0.9547, n=1610); L320(prec=0.0000, rec=0.0000, n=4); L330(prec=0.0000, rec=0.0000, n=14); L75(prec=0.0000, rec=0.0000, n=4); L800(prec=0.3846, rec=0.9091, n=22); NO_L(prec=0.0000, rec=0.0000, n=4)
2026-04-07 17:35:16,364 - INFO - [Eval @ Epoch 10/300] test_loss=0.282732, test_acc=0.8585
2026-04-07 17:35:16,364 - INFO - [Eval Per-Class] L0(prec=0.9938, rec=0.9951, n=1617); L120(prec=0.9570, rec=0.7602, n=3220); L1800(prec=0.6601, rec=0.9323, n=1610); L320(prec=0.0000, rec=0.0000, n=4); L330(prec=0.0000, rec=0.0000, n=14); L75(prec=0.0000, rec=0.0000, n=4); L800(prec=0.4286, rec=0.8182, n=22); NO_L(prec=0.0000, rec=0.0000, n=4)
2026-04-07 17:35:16,364 - INFO - [Epoch 10/300] train_loss=0.284477, loss_label_inv=0.282770, loss_entropy=0.050180, loss_total=0.288309, grl=0.1651, lr=0.00009973, epoch_time=00:00:19, eta=01:27:49, test_loss=0.282732, test_acc=0.8585
2026-04-07 17:36:50,743 - INFO - [Eval @ Epoch 15/300] test_loss=0.599705, test_acc=0.7877
2026-04-07 17:36:50,743 - INFO - [Eval Per-Class] L0(prec=0.9981, rec=0.9944, n=1617); L120(prec=0.7066, rec=1.0000, n=3220); L1800(prec=1.0000, rec=0.1696, n=1610); L320(prec=0.0000, rec=0.0000, n=4); L330(prec=0.2391, rec=0.7857, n=14); L75(prec=0.0000, rec=0.0000, n=4); L800(prec=0.5000, rec=0.1818, n=22); NO_L(prec=0.0000, rec=0.0000, n=4)
2026-04-07 17:38:22,365 - INFO - [Eval @ Epoch 20/300] test_loss=0.205204, test_acc=0.9130
2026-04-07 17:38:22,365 - INFO - [Eval Per-Class] L0(prec=0.9878, rec=0.9975, n=1617); L120(prec=0.8800, rec=0.9680, n=3220); L1800(prec=0.9186, rec=0.7360, n=1610); L320(prec=0.0000, rec=0.0000, n=4); L330(prec=0.4286, rec=0.4286, n=14); L75(prec=0.0000, rec=0.0000, n=4); L800(prec=0.5625, rec=0.4091, n=22); NO_L(prec=0.0000, rec=0.0000, n=4)
2026-04-07 17:38:22,365 - INFO - [Epoch 20/300] train_loss=0.258666, loss_label_inv=0.256003, loss_entropy=0.085154, loss_total=0.262930, grl=0.3215, lr=0.00009892, epoch_time=00:00:19, eta=01:25:48, test_loss=0.205204, test_acc=0.9130
2026-04-07 17:39:53,995 - INFO - [Eval @ Epoch 25/300] test_loss=0.313877, test_acc=0.8559
2026-04-07 17:39:53,995 - INFO - [Eval Per-Class] L0(prec=0.9969, rec=0.9951, n=1617); L120(prec=0.7847, rec=0.9929, n=3220); L1800(prec=0.9696, rec=0.4553, n=1610); L320(prec=0.0000, rec=0.0000, n=4); L330(prec=0.2667, rec=0.2857, n=14); L75(prec=0.0000, rec=0.0000, n=4); L800(prec=0.4444, rec=0.7273, n=22); NO_L(prec=0.0000, rec=0.0000, n=4)
2026-04-07 17:41:25,338 - INFO - [Eval @ Epoch 30/300] test_loss=0.167595, test_acc=0.9283
2026-04-07 17:41:25,338 - INFO - [Eval Per-Class] L0(prec=0.9975, rec=0.9944, n=1617); L120(prec=0.9066, rec=0.9649, n=3220); L1800(prec=0.9195, rec=0.8019, n=1610); L320(prec=0.0000, rec=0.0000, n=4); L330(prec=0.3846, rec=0.3571, n=14); L75(prec=0.0000, rec=0.0000, n=4); L800(prec=0.4615, rec=0.8182, n=22); NO_L(prec=0.0000, rec=0.0000, n=4)
2026-04-07 17:41:25,338 - INFO - [Epoch 30/300] train_loss=0.231286, loss_label_inv=0.230035, loss_entropy=0.108673, loss_total=0.235760, grl=0.4621, lr=0.00009758, epoch_time=00:00:19, eta=01:22:36, test_loss=0.167595, test_acc=0.9283
2026-04-07 17:42:54,657 - INFO - [Eval @ Epoch 35/300] test_loss=0.389236, test_acc=0.8462
2026-04-07 17:42:54,658 - INFO - [Eval Per-Class] L0(prec=0.9975, rec=0.9963, n=1617); L120(prec=0.7687, rec=1.0000, n=3220); L1800(prec=1.0000, rec=0.3994, n=1610); L320(prec=0.0000, rec=0.0000, n=4); L330(prec=0.3871, rec=0.8571, n=14); L75(prec=0.0000, rec=0.0000, n=4); L800(prec=0.6250, rec=0.4545, n=22); NO_L(prec=0.0000, rec=0.0000, n=4)
2026-04-07 17:44:26,759 - INFO - [Eval @ Epoch 40/300] test_loss=0.167257, test_acc=0.9327
2026-04-07 17:44:26,759 - INFO - [Eval Per-Class] L0(prec=0.9957, rec=0.9969, n=1617); L120(prec=0.9007, rec=0.9835, n=3220); L1800(prec=0.9590, rec=0.7839, n=1610); L320(prec=0.0000, rec=0.0000, n=4); L330(prec=0.3000, rec=0.2143, n=14); L75(prec=0.0000, rec=0.0000, n=4); L800(prec=0.4118, rec=0.6364, n=22); NO_L(prec=0.0000, rec=0.0000, n=4)
2026-04-07 17:44:26,759 - INFO - [Epoch 40/300] train_loss=0.198928, loss_label_inv=0.197591, loss_entropy=0.107594, loss_total=0.203056, grl=0.5828, lr=0.00009572, epoch_time=00:00:20, eta=01:19:18, test_loss=0.167257, test_acc=0.9327
2026-04-07 17:45:55,422 - INFO - [Eval @ Epoch 45/300] test_loss=0.256500, test_acc=0.8801
2026-04-07 17:45:55,422 - INFO - [Eval Per-Class] L0(prec=0.9975, rec=0.9963, n=1617); L120(prec=0.9847, rec=0.7817, n=3220); L1800(prec=0.6909, rec=0.9758, n=1610); L320(prec=0.0000, rec=0.0000, n=4); L330(prec=0.1667, rec=0.2143, n=14); L75(prec=0.0000, rec=0.0000, n=4); L800(prec=0.4375, rec=0.6364, n=22); NO_L(prec=0.0000, rec=0.0000, n=4)
2026-04-07 17:47:28,129 - INFO - [Eval @ Epoch 50/300] test_loss=0.444655, test_acc=0.8106
2026-04-07 17:47:28,129 - INFO - [Eval Per-Class] L0(prec=0.9981, rec=0.9944, n=1617); L120(prec=0.7295, rec=1.0000, n=3220); L1800(prec=1.0000, rec=0.2584, n=1610); L320(prec=0.0000, rec=0.0000, n=4); L330(prec=0.2500, rec=0.2143, n=14); L75(prec=0.0000, rec=0.0000, n=4); L800(prec=0.4286, rec=0.8182, n=22); NO_L(prec=0.0000, rec=0.0000, n=4)
2026-04-07 17:47:28,129 - INFO - [Epoch 50/300] train_loss=0.190887, loss_label_inv=0.190389, loss_entropy=0.102328, loss_total=0.194837, grl=0.6822, lr=0.00009337, epoch_time=00:00:19, eta=01:16:07, test_loss=0.444655, test_acc=0.8106
2026-04-07 17:49:01,431 - INFO - [Eval @ Epoch 55/300] test_loss=0.155004, test_acc=0.9353
2026-04-07 17:49:01,432 - INFO - [Eval Per-Class] L0(prec=0.9969, rec=0.9951, n=1617); L120(prec=0.9454, rec=0.9351, n=3220); L1800(prec=0.8729, rec=0.8919, n=1610); L320(prec=0.0000, rec=0.0000, n=4); L330(prec=0.2778, rec=0.3571, n=14); L75(prec=0.0000, rec=0.0000, n=4); L800(prec=0.4516, rec=0.6364, n=22); NO_L(prec=0.0000, rec=0.0000, n=4)
2026-04-07 17:50:31,147 - INFO - [Eval @ Epoch 60/300] test_loss=0.575383, test_acc=0.7948
2026-04-07 17:50:31,147 - INFO - [Eval Per-Class] L0(prec=0.9969, rec=0.9969, n=1617); L120(prec=0.9995, rec=0.5963, n=3220); L1800(prec=0.5531, rec=0.9994, n=1610); L320(prec=0.0000, rec=0.0000, n=4); L330(prec=0.2500, rec=0.2143, n=14); L75(prec=0.0000, rec=0.0000, n=4); L800(prec=0.5294, rec=0.8182, n=22); NO_L(prec=0.0000, rec=0.0000, n=4)
2026-04-07 17:50:31,147 - INFO - [Epoch 60/300] train_loss=0.204610, loss_label_inv=0.203654, loss_entropy=0.103004, loss_total=0.208707, grl=0.7616, lr=0.00009055, epoch_time=00:00:18, eta=01:13:06, test_loss=0.575383, test_acc=0.7948
2026-04-07 17:51:59,483 - INFO - [Eval @ Epoch 65/300] test_loss=0.150849, test_acc=0.9412
2026-04-07 17:51:59,483 - INFO - [Eval Per-Class] L0(prec=0.9969, rec=0.9975, n=1617); L120(prec=0.9346, rec=0.9587, n=3220); L1800(prec=0.9129, rec=0.8658, n=1610); L320(prec=0.0000, rec=0.0000, n=4); L330(prec=0.2381, rec=0.3571, n=14); L75(prec=0.0000, rec=0.0000, n=4); L800(prec=0.5385, rec=0.6364, n=22); NO_L(prec=0.0000, rec=0.0000, n=4)
2026-04-07 17:53:33,202 - INFO - [Eval @ Epoch 70/300] test_loss=1.085560, test_acc=0.7532
2026-04-07 17:53:33,202 - INFO - [Eval Per-Class] L0(prec=0.9975, rec=0.9944, n=1617); L120(prec=0.6718, rec=1.0000, n=3220); L1800(prec=1.0000, rec=0.0230, n=1610); L320(prec=0.0000, rec=0.0000, n=4); L330(prec=0.4444, rec=0.5714, n=14); L75(prec=0.0000, rec=0.0000, n=4); L800(prec=0.6552, rec=0.8636, n=22); NO_L(prec=0.0000, rec=0.0000, n=4)
2026-04-07 17:53:33,203 - INFO - [Epoch 70/300] train_loss=0.164395, loss_label_inv=0.164066, loss_entropy=0.101991, loss_total=0.168076, grl=0.8232, lr=0.00008729, epoch_time=00:00:19, eta=01:10:00, test_loss=1.085560, test_acc=0.7532
2026-04-07 17:55:04,598 - INFO - [Eval @ Epoch 75/300] test_loss=0.143976, test_acc=0.9460
2026-04-07 17:55:04,598 - INFO - [Eval Per-Class] L0(prec=0.9975, rec=0.9951, n=1617); L120(prec=0.9329, rec=0.9717, n=3220); L1800(prec=0.9383, rec=0.8602, n=1610); L320(prec=0.0000, rec=0.0000, n=4); L330(prec=0.3182, rec=0.5000, n=14); L75(prec=0.0000, rec=0.0000, n=4); L800(prec=0.6364, rec=0.6364, n=22); NO_L(prec=0.0000, rec=0.0000, n=4)
2026-04-07 17:56:37,290 - INFO - [Eval @ Epoch 80/300] test_loss=0.215788, test_acc=0.9135
2026-04-07 17:56:37,290 - INFO - [Eval Per-Class] L0(prec=0.9981, rec=0.9938, n=1617); L120(prec=0.8613, rec=0.9969, n=3220); L1800(prec=0.9909, rec=0.6789, n=1610); L320(prec=0.0000, rec=0.0000, n=4); L330(prec=0.2353, rec=0.2857, n=14); L75(prec=0.1667, rec=0.2500, n=4); L800(prec=0.6429, rec=0.8182, n=22); NO_L(prec=0.0000, rec=0.0000, n=4)
2026-04-07 17:56:37,290 - INFO - [Epoch 80/300] train_loss=0.163482, loss_label_inv=0.163116, loss_entropy=0.097683, loss_total=0.167067, grl=0.8701, lr=0.00008362, epoch_time=00:00:19, eta=01:07:02, test_loss=0.215788, test_acc=0.9135
2026-04-07 17:58:06,776 - INFO - [Eval @ Epoch 85/300] test_loss=0.144368, test_acc=0.9498
2026-04-07 17:58:06,776 - INFO - [Eval Per-Class] L0(prec=0.9975, rec=0.9944, n=1617); L120(prec=0.9271, rec=0.9879, n=3220); L1800(prec=0.9721, rec=0.8447, n=1610); L320(prec=0.0000, rec=0.0000, n=4); L330(prec=0.2727, rec=0.4286, n=14); L75(prec=0.0000, rec=0.0000, n=4); L800(prec=0.6087, rec=0.6364, n=22); NO_L(prec=0.0000, rec=0.0000, n=4)
2026-04-07 17:59:40,430 - INFO - [Eval @ Epoch 90/300] test_loss=0.199382, test_acc=0.9189
2026-04-07 17:59:40,431 - INFO - [Eval Per-Class] L0(prec=0.9981, rec=0.9932, n=1617); L120(prec=0.8724, rec=0.9938, n=3220); L1800(prec=0.9828, rec=0.7093, n=1610); L320(prec=0.1667, rec=0.2500, n=4); L330(prec=0.2400, rec=0.4286, n=14); L75(prec=0.2000, rec=0.2500, n=4); L800(prec=0.7059, rec=0.5455, n=22); NO_L(prec=0.0000, rec=0.0000, n=4)
2026-04-07 17:59:40,431 - INFO - [Epoch 90/300] train_loss=0.163274, loss_label_inv=0.162890, loss_entropy=0.095960, loss_total=0.166822, grl=0.9051, lr=0.00007960, epoch_time=00:00:19, eta=01:04:00, test_loss=0.199382, test_acc=0.9189
2026-04-07 18:01:11,864 - INFO - [Eval @ Epoch 95/300] test_loss=0.245803, test_acc=0.9055
2026-04-07 18:01:11,864 - INFO - [Eval Per-Class] L0(prec=0.9969, rec=0.9938, n=1617); L120(prec=0.9790, rec=0.8391, n=3220); L1800(prec=0.7498, rec=0.9640, n=1610); L320(prec=0.1429, rec=0.2500, n=4); L330(prec=0.3182, rec=0.5000, n=14); L75(prec=0.0000, rec=0.0000, n=4); L800(prec=0.7059, rec=0.5455, n=22); NO_L(prec=0.0000, rec=0.0000, n=4)
2026-04-07 18:02:43,806 - INFO - [Eval @ Epoch 100/300] test_loss=1.714387, test_acc=0.7587
2026-04-07 18:02:43,806 - INFO - [Eval Per-Class] L0(prec=0.9981, rec=0.9951, n=1617); L120(prec=1.0000, rec=0.5236, n=3220); L1800(prec=0.5121, rec=1.0000, n=1610); L320(prec=0.1250, rec=0.2500, n=4); L330(prec=0.4167, rec=0.3571, n=14); L75(prec=0.2000, rec=0.2500, n=4); L800(prec=0.5926, rec=0.7273, n=22); NO_L(prec=0.0000, rec=0.0000, n=4)
2026-04-07 18:02:43,806 - INFO - [Epoch 100/300] train_loss=0.152149, loss_label_inv=0.151864, loss_entropy=0.095286, loss_total=0.155573, grl=0.9311, lr=0.00007525, epoch_time=00:00:19, eta=01:00:58, test_loss=1.714387, test_acc=0.7587
2026-04-07 18:04:15,095 - INFO - [Eval @ Epoch 105/300] test_loss=1.396689, test_acc=0.7527
2026-04-07 18:04:15,095 - INFO - [Eval Per-Class] L0(prec=0.9969, rec=0.9969, n=1617); L120(prec=0.6717, rec=1.0000, n=3220); L1800(prec=1.0000, rec=0.0224, n=1610); L320(prec=0.1429, rec=0.2500, n=4); L330(prec=0.3750, rec=0.4286, n=14); L75(prec=0.0000, rec=0.0000, n=4); L800(prec=0.7647, rec=0.5909, n=22); NO_L(prec=0.1250, rec=0.2500, n=4)
2026-04-07 18:05:41,677 - INFO - [Eval @ Epoch 110/300] test_loss=1.344543, test_acc=0.7480
2026-04-07 18:05:41,678 - INFO - [Eval Per-Class] L0(prec=0.9969, rec=0.9951, n=1617); L120(prec=0.6678, rec=1.0000, n=3220); L1800(prec=1.0000, rec=0.0050, n=1610); L320(prec=0.1111, rec=0.2500, n=4); L330(prec=0.4000, rec=0.4286, n=14); L75(prec=0.0000, rec=0.0000, n=4); L800(prec=0.7368, rec=0.6364, n=22); NO_L(prec=0.0000, rec=0.0000, n=4)
2026-04-07 18:05:41,678 - INFO - [Epoch 110/300] train_loss=0.147454, loss_label_inv=0.146975, loss_entropy=0.088321, loss_total=0.150690, grl=0.9501, lr=0.00007063, epoch_time=00:00:19, eta=00:57:46, test_loss=1.344543, test_acc=0.7480
2026-04-07 18:07:11,029 - INFO - [Eval @ Epoch 115/300] test_loss=1.302490, test_acc=0.7584
2026-04-07 18:07:11,029 - INFO - [Eval Per-Class] L0(prec=0.9969, rec=0.9944, n=1617); L120(prec=0.6775, rec=1.0000, n=3220); L1800(prec=1.0000, rec=0.0478, n=1610); L320(prec=0.1667, rec=0.2500, n=4); L330(prec=0.3158, rec=0.4286, n=14); L75(prec=0.0000, rec=0.0000, n=4); L800(prec=0.8235, rec=0.6364, n=22); NO_L(prec=0.0000, rec=0.0000, n=4)
2026-04-07 18:08:41,547 - INFO - [Eval @ Epoch 120/300] test_loss=1.712266, test_acc=0.7487
2026-04-07 18:08:41,547 - INFO - [Eval Per-Class] L0(prec=0.9969, rec=0.9951, n=1617); L120(prec=1.0000, rec=0.5043, n=3220); L1800(prec=0.5022, rec=1.0000, n=1610); L320(prec=0.0000, rec=0.0000, n=4); L330(prec=0.4118, rec=0.5000, n=14); L75(prec=0.0000, rec=0.0000, n=4); L800(prec=0.6842, rec=0.5909, n=22); NO_L(prec=0.0000, rec=0.0000, n=4)
2026-04-07 18:08:41,547 - INFO - [Epoch 120/300] train_loss=0.138548, loss_label_inv=0.137980, loss_entropy=0.089283, loss_total=0.141713, grl=0.9640, lr=0.00006580, epoch_time=00:00:18, eta=00:54:40, test_loss=1.712266, test_acc=0.7487
2026-04-07 18:10:11,873 - INFO - [Eval @ Epoch 125/300] test_loss=0.440408, test_acc=0.8306
2026-04-07 18:10:11,874 - INFO - [Eval Per-Class] L0(prec=0.9969, rec=0.9944, n=1617); L120(prec=0.7525, rec=0.9997, n=3220); L1800(prec=0.9982, rec=0.3422, n=1610); L320(prec=0.0000, rec=0.0000, n=4); L330(prec=0.2500, rec=0.2143, n=14); L75(prec=0.0000, rec=0.0000, n=4); L800(prec=0.6667, rec=0.6364, n=22); NO_L(prec=0.0000, rec=0.0000, n=4)
2026-04-07 18:11:43,577 - INFO - [Eval @ Epoch 130/300] test_loss=0.404603, test_acc=0.8487
2026-04-07 18:11:43,577 - INFO - [Eval Per-Class] L0(prec=0.9969, rec=0.9963, n=1617); L120(prec=0.7729, rec=0.9997, n=3220); L1800(prec=0.9985, rec=0.4124, n=1610); L320(prec=0.0000, rec=0.0000, n=4); L330(prec=0.3636, rec=0.2857, n=14); L75(prec=0.0000, rec=0.0000, n=4); L800(prec=0.6364, rec=0.6364, n=22); NO_L(prec=0.0000, rec=0.0000, n=4)
2026-04-07 18:11:43,577 - INFO - [Epoch 130/300] train_loss=0.132929, loss_label_inv=0.132753, loss_entropy=0.084886, loss_total=0.135954, grl=0.9741, lr=0.00006079, epoch_time=00:00:19, eta=00:51:37, test_loss=0.404603, test_acc=0.8487
2026-04-07 18:13:11,265 - INFO - [Eval @ Epoch 135/300] test_loss=0.628057, test_acc=0.8351
2026-04-07 18:13:11,265 - INFO - [Eval Per-Class] L0(prec=0.9981, rec=0.9944, n=1617); L120(prec=0.7568, rec=1.0000, n=3220); L1800(prec=1.0000, rec=0.3571, n=1610); L320(prec=0.0000, rec=0.0000, n=4); L330(prec=0.3125, rec=0.3571, n=14); L75(prec=0.3333, rec=0.2500, n=4); L800(prec=0.6250, rec=0.6818, n=22); NO_L(prec=0.0000, rec=0.0000, n=4)
2026-04-07 18:14:45,537 - INFO - [Eval @ Epoch 140/300] test_loss=4.207802, test_acc=0.7466
2026-04-07 18:14:45,537 - INFO - [Eval Per-Class] L0(prec=0.9975, rec=0.9951, n=1617); L120(prec=0.6666, rec=0.9997, n=3220); L1800(prec=0.0000, rec=0.0000, n=1610); L320(prec=0.0000, rec=0.0000, n=4); L330(prec=0.3636, rec=0.5714, n=14); L75(prec=0.2000, rec=0.2500, n=4); L800(prec=0.7059, rec=0.5455, n=22); NO_L(prec=0.0000, rec=0.0000, n=4)
2026-04-07 18:14:45,537 - INFO - [Epoch 140/300] train_loss=0.078548, loss_label_inv=0.077361, loss_entropy=0.021536, loss_total=0.079752, grl=0.9814, lr=0.00005567, epoch_time=00:00:20, eta=00:48:35, test_loss=4.207802, test_acc=0.7466
2026-04-07 18:16:13,979 - INFO - [Eval @ Epoch 145/300] test_loss=1.140200, test_acc=0.7926
2026-04-07 18:16:13,980 - INFO - [Eval Per-Class] L0(prec=0.9981, rec=0.9938, n=1617); L120(prec=1.0000, rec=0.5929, n=3220); L1800(prec=0.5512, rec=1.0000, n=1610); L320(prec=0.0000, rec=0.0000, n=4); L330(prec=0.3529, rec=0.4286, n=14); L75(prec=0.3333, rec=0.5000, n=4); L800(prec=0.5833, rec=0.6364, n=22); NO_L(prec=0.0000, rec=0.0000, n=4)
2026-04-07 18:17:43,099 - INFO - [Eval @ Epoch 150/300] test_loss=0.075174, test_acc=0.9829
2026-04-07 18:17:43,100 - INFO - [Eval Per-Class] L0(prec=0.9975, rec=0.9951, n=1617); L120(prec=0.9813, rec=0.9966, n=3220); L1800(prec=0.9929, rec=0.9621, n=1610); L320(prec=0.0000, rec=0.0000, n=4); L330(prec=0.3000, rec=0.4286, n=14); L75(prec=0.2500, rec=0.2500, n=4); L800(prec=0.5556, rec=0.4545, n=22); NO_L(prec=0.0000, rec=0.0000, n=4)
2026-04-07 18:17:43,100 - INFO - [Epoch 150/300] train_loss=0.060428, loss_label_inv=0.059274, loss_entropy=0.015015, loss_total=0.061321, grl=0.9866, lr=0.00005050, epoch_time=00:00:18, eta=00:45:28, test_loss=0.075174, test_acc=0.9829
2026-04-07 18:19:16,190 - INFO - [Eval @ Epoch 155/300] test_loss=0.590622, test_acc=0.8787
2026-04-07 18:19:16,190 - INFO - [Eval Per-Class] L0(prec=0.9963, rec=0.9938, n=1617); L120(prec=0.8122, rec=0.9981, n=3220); L1800(prec=0.9931, rec=0.5385, n=1610); L320(prec=0.0000, rec=0.0000, n=4); L330(prec=0.3571, rec=0.3571, n=14); L75(prec=0.1667, rec=0.2500, n=4); L800(prec=0.6842, rec=0.5909, n=22); NO_L(prec=0.0000, rec=0.0000, n=4)
2026-04-07 18:20:45,853 - INFO - [Eval @ Epoch 160/300] test_loss=1.242871, test_acc=0.7948
2026-04-07 18:20:45,853 - INFO - [Eval Per-Class] L0(prec=0.9975, rec=0.9957, n=1617); L120(prec=1.0000, rec=0.5972, n=3220); L1800(prec=0.5538, rec=1.0000, n=1610); L320(prec=0.0000, rec=0.0000, n=4); L330(prec=0.2500, rec=0.2143, n=14); L75(prec=0.0000, rec=0.0000, n=4); L800(prec=0.6957, rec=0.7273, n=22); NO_L(prec=0.0000, rec=0.0000, n=4)
2026-04-07 18:20:45,853 - INFO - [Epoch 160/300] train_loss=0.054675, loss_label_inv=0.053904, loss_entropy=0.012204, loss_total=0.055458, grl=0.9904, lr=0.00004533, epoch_time=00:00:18, eta=00:42:27, test_loss=1.242871, test_acc=0.7948
2026-04-07 18:22:13,815 - INFO - [Eval @ Epoch 165/300] test_loss=1.897220, test_acc=0.6862
2026-04-07 18:22:13,815 - INFO - [Eval Per-Class] L0(prec=0.9975, rec=0.9951, n=1617); L120(prec=1.0000, rec=0.3783, n=3220); L1800(prec=0.4457, rec=1.0000, n=1610); L320(prec=0.0000, rec=0.0000, n=4); L330(prec=0.3333, rec=0.3571, n=14); L75(prec=0.0000, rec=0.0000, n=4); L800(prec=0.6522, rec=0.6818, n=22); NO_L(prec=0.0000, rec=0.0000, n=4)
2026-04-07 18:23:42,086 - INFO - [Eval @ Epoch 170/300] test_loss=5.652710, test_acc=0.7464
2026-04-07 18:23:42,086 - INFO - [Eval Per-Class] L0(prec=0.9975, rec=0.9926, n=1617); L120(prec=0.6672, rec=1.0000, n=3220); L1800(prec=1.0000, rec=0.0025, n=1610); L320(prec=0.0000, rec=0.0000, n=4); L330(prec=0.2353, rec=0.2857, n=14); L75(prec=0.0000, rec=0.0000, n=4); L800(prec=0.7000, rec=0.6364, n=22); NO_L(prec=0.1250, rec=0.2500, n=4)
2026-04-07 18:23:42,086 - INFO - [Epoch 170/300] train_loss=0.038741, loss_label_inv=0.038174, loss_entropy=0.008401, loss_total=0.039291, grl=0.9931, lr=0.00004021, epoch_time=00:00:18, eta=00:39:20, test_loss=5.652710, test_acc=0.7464
2026-04-07 18:25:14,873 - INFO - [Eval @ Epoch 175/300] test_loss=0.983242, test_acc=0.8188
2026-04-07 18:25:14,874 - INFO - [Eval Per-Class] L0(prec=0.9969, rec=0.9951, n=1617); L120(prec=1.0000, rec=0.6463, n=3220); L1800(prec=0.5857, rec=1.0000, n=1610); L320(prec=0.0000, rec=0.0000, n=4); L330(prec=0.2500, rec=0.2857, n=14); L75(prec=0.0000, rec=0.0000, n=4); L800(prec=0.6364, rec=0.6364, n=22); NO_L(prec=0.0000, rec=0.0000, n=4)
2026-04-07 18:26:49,347 - INFO - [Eval @ Epoch 180/300] test_loss=0.499847, test_acc=0.8791
2026-04-07 18:26:49,347 - INFO - [Eval Per-Class] L0(prec=0.9975, rec=0.9932, n=1617); L120(prec=1.0000, rec=0.7689, n=3220); L1800(prec=0.6839, rec=1.0000, n=1610); L320(prec=0.0000, rec=0.0000, n=4); L330(prec=0.2500, rec=0.2857, n=14); L75(prec=0.0000, rec=0.0000, n=4); L800(prec=0.6364, rec=0.6364, n=22); NO_L(prec=0.0000, rec=0.0000, n=4)
2026-04-07 18:26:49,348 - INFO - [Epoch 180/300] train_loss=0.039302, loss_label_inv=0.038846, loss_entropy=0.009028, loss_total=0.039871, grl=0.9951, lr=0.00003520, epoch_time=00:00:20, eta=00:36:23, test_loss=0.499847, test_acc=0.8791
2026-04-07 18:28:23,730 - INFO - [Eval @ Epoch 185/300] test_loss=0.731707, test_acc=0.8423
2026-04-07 18:28:23,730 - INFO - [Eval Per-Class] L0(prec=0.9969, rec=0.9957, n=1617); L120(prec=1.0000, rec=0.6932, n=3220); L1800(prec=0.6197, rec=1.0000, n=1610); L320(prec=0.0000, rec=0.0000, n=4); L330(prec=0.3125, rec=0.3571, n=14); L75(prec=0.0000, rec=0.0000, n=4); L800(prec=0.6667, rec=0.6364, n=22); NO_L(prec=0.0000, rec=0.0000, n=4)
2026-04-07 18:29:56,123 - INFO - [Eval @ Epoch 190/300] test_loss=0.159793, test_acc=0.9683
2026-04-07 18:29:56,123 - INFO - [Eval Per-Class] L0(prec=0.9969, rec=0.9932, n=1617); L120(prec=0.9526, rec=0.9978, n=3220); L1800(prec=0.9952, rec=0.9006, n=1610); L320(prec=0.0000, rec=0.0000, n=4); L330(prec=0.3333, rec=0.4286, n=14); L75(prec=0.0000, rec=0.0000, n=4); L800(prec=0.7778, rec=0.6364, n=22); NO_L(prec=0.0000, rec=0.0000, n=4)
2026-04-07 18:29:56,123 - INFO - [Epoch 190/300] train_loss=0.022149, loss_label_inv=0.021946, loss_entropy=0.005098, loss_total=0.022471, grl=0.9965, lr=0.00003037, epoch_time=00:00:18, eta=00:33:24, test_loss=0.159793, test_acc=0.9683
2026-04-07 18:31:29,642 - INFO - [Eval @ Epoch 195/300] test_loss=0.342856, test_acc=0.9227
2026-04-07 18:31:29,643 - INFO - [Eval Per-Class] L0(prec=0.9969, rec=0.9944, n=1617); L120(prec=1.0000, rec=0.8556, n=3220); L1800(prec=0.7759, rec=1.0000, n=1610); L320(prec=0.1000, rec=0.2500, n=4); L330(prec=0.4000, rec=0.4286, n=14); L75(prec=0.0000, rec=0.0000, n=4); L800(prec=0.7647, rec=0.5909, n=22); NO_L(prec=0.0000, rec=0.0000, n=4)
2026-04-07 18:33:01,605 - INFO - [Eval @ Epoch 200/300] test_loss=0.069722, test_acc=0.9911
2026-04-07 18:33:01,606 - INFO - [Eval Per-Class] L0(prec=0.9975, rec=0.9938, n=1617); L120(prec=1.0000, rec=0.9941, n=3220); L1800(prec=0.9883, rec=1.0000, n=1610); L320(prec=0.1250, rec=0.2500, n=4); L330(prec=0.2941, rec=0.3571, n=14); L75(prec=0.0000, rec=0.0000, n=4); L800(prec=0.6842, rec=0.5909, n=22); NO_L(prec=0.0000, rec=0.0000, n=4)
2026-04-07 18:33:01,606 - INFO - [Epoch 200/300] train_loss=0.029820, loss_label_inv=0.029247, loss_entropy=0.006028, loss_total=0.030233, grl=0.9975, lr=0.00002575, epoch_time=00:00:18, eta=00:30:23, test_loss=0.069722, test_acc=0.9911
2026-04-07 18:34:35,143 - INFO - [Eval @ Epoch 205/300] test_loss=0.082519, test_acc=0.9874
2026-04-07 18:34:35,143 - INFO - [Eval Per-Class] L0(prec=0.9969, rec=0.9944, n=1617); L120(prec=0.9880, rec=0.9978, n=3220); L1800(prec=0.9956, rec=0.9758, n=1610); L320(prec=0.1111, rec=0.2500, n=4); L330(prec=0.4118, rec=0.5000, n=14); L75(prec=0.0000, rec=0.0000, n=4); L800(prec=0.7647, rec=0.5909, n=22); NO_L(prec=0.0000, rec=0.0000, n=4)
2026-04-07 18:36:07,017 - INFO - [Eval @ Epoch 210/300] test_loss=0.139827, test_acc=0.9731
2026-04-07 18:36:07,017 - INFO - [Eval Per-Class] L0(prec=0.9969, rec=0.9938, n=1617); L120(prec=1.0000, rec=0.9578, n=3220); L1800(prec=0.9221, rec=1.0000, n=1610); L320(prec=0.0000, rec=0.0000, n=4); L330(prec=0.3571, rec=0.3571, n=14); L75(prec=0.0000, rec=0.0000, n=4); L800(prec=0.6500, rec=0.5909, n=22); NO_L(prec=0.1429, rec=0.2500, n=4)
2026-04-07 18:36:07,017 - INFO - [Epoch 210/300] train_loss=0.019759, loss_label_inv=0.019594, loss_entropy=0.003088, loss_total=0.020017, grl=0.9982, lr=0.00002140, epoch_time=00:00:19, eta=00:27:22, test_loss=0.139827, test_acc=0.9731
2026-04-07 18:37:32,482 - INFO - [Eval @ Epoch 215/300] test_loss=0.076468, test_acc=0.9908
2026-04-07 18:37:32,482 - INFO - [Eval Per-Class] L0(prec=0.9969, rec=0.9938, n=1617); L120(prec=0.9963, rec=0.9972, n=3220); L1800(prec=0.9944, rec=0.9925, n=1610); L320(prec=0.0000, rec=0.0000, n=4); L330(prec=0.3125, rec=0.3571, n=14); L75(prec=0.0000, rec=0.0000, n=4); L800(prec=0.6667, rec=0.6364, n=22); NO_L(prec=0.0000, rec=0.0000, n=4)
2026-04-07 18:39:06,013 - INFO - [Eval @ Epoch 220/300] test_loss=0.111602, test_acc=0.9835
2026-04-07 18:39:06,014 - INFO - [Eval Per-Class] L0(prec=0.9975, rec=0.9926, n=1617); L120(prec=0.9994, rec=0.9792, n=3220); L1800(prec=0.9600, rec=1.0000, n=1610); L320(prec=0.1667, rec=0.2500, n=4); L330(prec=0.3333, rec=0.4286, n=14); L75(prec=0.0000, rec=0.0000, n=4); L800(prec=0.7059, rec=0.5455, n=22); NO_L(prec=0.1429, rec=0.2500, n=4)
2026-04-07 18:39:06,014 - INFO - [Epoch 220/300] train_loss=0.016968, loss_label_inv=0.016738, loss_entropy=0.002694, loss_total=0.017189, grl=0.9987, lr=0.00001738, epoch_time=00:00:18, eta=00:24:18, test_loss=0.111602, test_acc=0.9835
2026-04-07 18:40:35,074 - INFO - [Eval @ Epoch 225/300] test_loss=0.078168, test_acc=0.9908
2026-04-07 18:40:35,075 - INFO - [Eval Per-Class] L0(prec=0.9975, rec=0.9932, n=1617); L120(prec=1.0000, rec=0.9935, n=3220); L1800(prec=0.9871, rec=1.0000, n=1610); L320(prec=0.0000, rec=0.0000, n=4); L330(prec=0.2941, rec=0.3571, n=14); L75(prec=0.0000, rec=0.0000, n=4); L800(prec=0.7368, rec=0.6364, n=22); NO_L(prec=0.1250, rec=0.2500, n=4)
2026-04-07 18:42:04,230 - INFO - [Eval @ Epoch 230/300] test_loss=1.374250, test_acc=0.7841
2026-04-07 18:42:04,231 - INFO - [Eval Per-Class] L0(prec=0.9975, rec=0.9938, n=1617); L120(prec=0.9926, rec=0.5804, n=3220); L1800(prec=0.5416, rec=0.9913, n=1610); L320(prec=0.1250, rec=0.2500, n=4); L330(prec=0.3158, rec=0.4286, n=14); L75(prec=0.0000, rec=0.0000, n=4); L800(prec=0.7778, rec=0.6364, n=22); NO_L(prec=0.0000, rec=0.0000, n=4)
2026-04-07 18:42:04,231 - INFO - [Epoch 230/300] train_loss=0.016757, loss_label_inv=0.016586, loss_entropy=0.002384, loss_total=0.016971, grl=0.9991, lr=0.00001371, epoch_time=00:00:19, eta=00:21:15, test_loss=1.374250, test_acc=0.7841
2026-04-07 18:43:33,544 - INFO - [Eval @ Epoch 235/300] test_loss=0.078147, test_acc=0.9923
2026-04-07 18:43:33,544 - INFO - [Eval Per-Class] L0(prec=0.9969, rec=0.9938, n=1617); L120(prec=0.9997, rec=0.9963, n=3220); L1800(prec=0.9926, rec=0.9994, n=1610); L320(prec=0.1429, rec=0.2500, n=4); L330(prec=0.3333, rec=0.4286, n=14); L75(prec=0.0000, rec=0.0000, n=4); L800(prec=0.7368, rec=0.6364, n=22); NO_L(prec=0.0000, rec=0.0000, n=4)
2026-04-07 18:45:02,814 - INFO - [Eval @ Epoch 240/300] test_loss=0.101804, test_acc=0.9863
2026-04-07 18:45:02,814 - INFO - [Eval Per-Class] L0(prec=0.9975, rec=0.9938, n=1617); L120(prec=0.9856, rec=0.9988, n=3220); L1800(prec=0.9974, rec=0.9708, n=1610); L320(prec=0.1250, rec=0.2500, n=4); L330(prec=0.2778, rec=0.3571, n=14); L75(prec=0.0000, rec=0.0000, n=4); L800(prec=0.7647, rec=0.5909, n=22); NO_L(prec=0.1667, rec=0.2500, n=4)
2026-04-07 18:45:02,814 - INFO - [Epoch 240/300] train_loss=0.013143, loss_label_inv=0.013103, loss_entropy=0.002059, loss_total=0.013315, grl=0.9993, lr=0.00001045, epoch_time=00:00:19, eta=00:18:12, test_loss=0.101804, test_acc=0.9863
2026-04-07 18:46:32,554 - INFO - [Eval @ Epoch 245/300] test_loss=0.096092, test_acc=0.9875
2026-04-07 18:46:32,554 - INFO - [Eval Per-Class] L0(prec=0.9975, rec=0.9944, n=1617); L120(prec=1.0000, rec=0.9860, n=3220); L1800(prec=0.9728, rec=1.0000, n=1610); L320(prec=0.1250, rec=0.2500, n=4); L330(prec=0.3333, rec=0.4286, n=14); L75(prec=0.0000, rec=0.0000, n=4); L800(prec=0.7368, rec=0.6364, n=22); NO_L(prec=0.0000, rec=0.0000, n=4)
2026-04-07 18:48:03,179 - INFO - [Eval @ Epoch 250/300] test_loss=0.109764, test_acc=0.9866
2026-04-07 18:48:03,179 - INFO - [Eval Per-Class] L0(prec=0.9969, rec=0.9944, n=1617); L120(prec=0.9865, rec=0.9978, n=3220); L1800(prec=0.9956, rec=0.9739, n=1610); L320(prec=0.1250, rec=0.2500, n=4); L330(prec=0.3529, rec=0.4286, n=14); L75(prec=0.0000, rec=0.0000, n=4); L800(prec=0.7059, rec=0.5455, n=22); NO_L(prec=0.0000, rec=0.0000, n=4)
2026-04-07 18:48:03,179 - INFO - [Epoch 250/300] train_loss=0.010666, loss_label_inv=0.010566, loss_entropy=0.001656, loss_total=0.010805, grl=0.9995, lr=0.00000763, epoch_time=00:00:18, eta=00:15:09, test_loss=0.109764, test_acc=0.9866
2026-04-07 18:49:34,872 - INFO - [Eval @ Epoch 255/300] test_loss=0.117339, test_acc=0.9838
2026-04-07 18:49:34,872 - INFO - [Eval Per-Class] L0(prec=0.9975, rec=0.9932, n=1617); L120(prec=0.9994, rec=0.9801, n=3220); L1800(prec=0.9618, rec=1.0000, n=1610); L320(prec=0.1429, rec=0.2500, n=4); L330(prec=0.3158, rec=0.4286, n=14); L75(prec=0.0000, rec=0.0000, n=4); L800(prec=0.6471, rec=0.5000, n=22); NO_L(prec=0.0000, rec=0.0000, n=4)
2026-04-07 18:51:05,627 - INFO - [Eval @ Epoch 260/300] test_loss=0.092053, test_acc=0.9892
2026-04-07 18:51:05,628 - INFO - [Eval Per-Class] L0(prec=0.9975, rec=0.9938, n=1617); L120(prec=1.0000, rec=0.9901, n=3220); L1800(prec=0.9805, rec=1.0000, n=1610); L320(prec=0.1429, rec=0.2500, n=4); L330(prec=0.3333, rec=0.4286, n=14); L75(prec=0.0000, rec=0.0000, n=4); L800(prec=0.6842, rec=0.5909, n=22); NO_L(prec=0.0000, rec=0.0000, n=4)
2026-04-07 18:51:05,628 - INFO - [Epoch 260/300] train_loss=0.010367, loss_label_inv=0.010301, loss_entropy=0.001607, loss_total=0.010502, grl=0.9997, lr=0.00000528, epoch_time=00:00:18, eta=00:12:07, test_loss=0.092053, test_acc=0.9892
2026-04-07 18:52:36,158 - INFO - [Eval @ Epoch 265/300] test_loss=0.088164, test_acc=0.9911
2026-04-07 18:52:36,158 - INFO - [Eval Per-Class] L0(prec=0.9975, rec=0.9938, n=1617); L120(prec=1.0000, rec=0.9935, n=3220); L1800(prec=0.9871, rec=1.0000, n=1610); L320(prec=0.1429, rec=0.2500, n=4); L330(prec=0.3158, rec=0.4286, n=14); L75(prec=0.0000, rec=0.0000, n=4); L800(prec=0.7368, rec=0.6364, n=22); NO_L(prec=0.0000, rec=0.0000, n=4)
2026-04-07 18:54:08,678 - INFO - [Eval @ Epoch 270/300] test_loss=0.083721, test_acc=0.9921
2026-04-07 18:54:08,678 - INFO - [Eval Per-Class] L0(prec=0.9969, rec=0.9938, n=1617); L120(prec=0.9984, rec=0.9972, n=3220); L1800(prec=0.9944, rec=0.9981, n=1610); L320(prec=0.1429, rec=0.2500, n=4); L330(prec=0.3333, rec=0.4286, n=14); L75(prec=0.0000, rec=0.0000, n=4); L800(prec=0.7059, rec=0.5455, n=22); NO_L(prec=0.0000, rec=0.0000, n=4)
2026-04-07 18:54:08,678 - INFO - [Epoch 270/300] train_loss=0.007731, loss_label_inv=0.007660, loss_entropy=0.001202, loss_total=0.007831, grl=0.9998, lr=0.00000342, epoch_time=00:00:18, eta=00:09:06, test_loss=0.083721, test_acc=0.9921
2026-04-07 18:55:37,775 - INFO - [Eval @ Epoch 275/300] test_loss=0.088549, test_acc=0.9921
2026-04-07 18:55:37,776 - INFO - [Eval Per-Class] L0(prec=0.9975, rec=0.9932, n=1617); L120(prec=1.0000, rec=0.9960, n=3220); L1800(prec=0.9920, rec=1.0000, n=1610); L320(prec=0.1667, rec=0.2500, n=4); L330(prec=0.3158, rec=0.4286, n=14); L75(prec=0.0000, rec=0.0000, n=4); L800(prec=0.7000, rec=0.6364, n=22); NO_L(prec=0.0000, rec=0.0000, n=4)
2026-04-07 18:57:14,557 - INFO - [Eval @ Epoch 280/300] test_loss=0.087648, test_acc=0.9918
2026-04-07 18:57:14,558 - INFO - [Eval Per-Class] L0(prec=0.9975, rec=0.9932, n=1617); L120(prec=0.9978, rec=0.9975, n=3220); L1800(prec=0.9950, rec=0.9969, n=1610); L320(prec=0.1429, rec=0.2500, n=4); L330(prec=0.3333, rec=0.4286, n=14); L75(prec=0.0000, rec=0.0000, n=4); L800(prec=0.6316, rec=0.5455, n=22); NO_L(prec=0.0000, rec=0.0000, n=4)
2026-04-07 18:57:14,558 - INFO - [Epoch 280/300] train_loss=0.008016, loss_label_inv=0.007866, loss_entropy=0.001210, loss_total=0.008119, grl=0.9998, lr=0.00000208, epoch_time=00:00:20, eta=00:06:04, test_loss=0.087648, test_acc=0.9918
2026-04-07 18:58:46,546 - INFO - [Eval @ Epoch 285/300] test_loss=0.087858, test_acc=0.9923
2026-04-07 18:58:46,546 - INFO - [Eval Per-Class] L0(prec=0.9975, rec=0.9938, n=1617); L120(prec=0.9984, rec=0.9975, n=3220); L1800(prec=0.9950, rec=0.9981, n=1610); L320(prec=0.1429, rec=0.2500, n=4); L330(prec=0.3158, rec=0.4286, n=14); L75(prec=0.0000, rec=0.0000, n=4); L800(prec=0.7059, rec=0.5455, n=22); NO_L(prec=0.0000, rec=0.0000, n=4)
2026-04-07 19:00:15,848 - INFO - [Eval @ Epoch 290/300] test_loss=0.086782, test_acc=0.9923
2026-04-07 19:00:15,849 - INFO - [Eval Per-Class] L0(prec=0.9975, rec=0.9938, n=1617); L120(prec=0.9984, rec=0.9975, n=3220); L1800(prec=0.9950, rec=0.9981, n=1610); L320(prec=0.1429, rec=0.2500, n=4); L330(prec=0.3158, rec=0.4286, n=14); L75(prec=0.0000, rec=0.0000, n=4); L800(prec=0.7059, rec=0.5455, n=22); NO_L(prec=0.0000, rec=0.0000, n=4)
2026-04-07 19:00:15,849 - INFO - [Epoch 290/300] train_loss=0.007343, loss_label_inv=0.007237, loss_entropy=0.001032, loss_total=0.007436, grl=0.9999, lr=0.00000127, epoch_time=00:00:18, eta=00:03:02, test_loss=0.086782, test_acc=0.9923
2026-04-07 19:01:47,731 - INFO - [Eval @ Epoch 295/300] test_loss=0.088717, test_acc=0.9918
2026-04-07 19:01:47,731 - INFO - [Eval Per-Class] L0(prec=0.9975, rec=0.9932, n=1617); L120(prec=0.9988, rec=0.9966, n=3220); L1800(prec=0.9932, rec=0.9988, n=1610); L320(prec=0.1429, rec=0.2500, n=4); L330(prec=0.3158, rec=0.4286, n=14); L75(prec=0.0000, rec=0.0000, n=4); L800(prec=0.6667, rec=0.5455, n=22); NO_L(prec=0.0000, rec=0.0000, n=4)
2026-04-07 19:03:16,188 - INFO - [Eval @ Epoch 300/300] test_loss=0.089491, test_acc=0.9918
2026-04-07 19:03:16,188 - INFO - [Eval Per-Class] L0(prec=0.9975, rec=0.9932, n=1617); L120(prec=0.9978, rec=0.9975, n=3220); L1800(prec=0.9950, rec=0.9969, n=1610); L320(prec=0.1667, rec=0.2500, n=4); L330(prec=0.3000, rec=0.4286, n=14); L75(prec=0.0000, rec=0.0000, n=4); L800(prec=0.7059, rec=0.5455, n=22); NO_L(prec=0.0000, rec=0.0000, n=4)
2026-04-07 19:03:16,188 - INFO - [Epoch 300/300] train_loss=0.006406, loss_label_inv=0.006359, loss_entropy=0.001055, loss_total=0.006491, grl=0.9999, lr=0.00000100, epoch_time=00:00:18, eta=00:00:00, test_loss=0.089491, test_acc=0.9918
2026-04-07 19:03:16,355 - INFO - Training complete. Best test acc: 0.9923
2026-04-07 19:03:16,355 - INFO - Best model: results_self_grl_tec_attn1/model_self_grl_tec_attn1_best.pth
2026-04-07 19:03:16,355 - INFO - Last model: results_self_grl_tec_attn1/model_self_grl_tec_attn1_last.pth
