nohup: ignoring input
2026-04-08 00:29:10,227 - INFO - Private dataset loaded from: self_data/75_Sta_60_test_dso
2026-04-08 00:29:10,227 - INFO - use_dso=False, signal_length=2048
2026-04-08 00:29:10,227 - INFO - num_classes=8, class_names=['L0', 'L120', 'L1800', 'L320', 'L330', 'L75', 'L800', 'NO_L']
2026-04-08 00:29:10,227 - INFO - train_samples=25975, test_samples=6495
2026-04-08 00:29:33,105 - INFO - [Eval @ Epoch 1/300] test_loss=0.417905, test_acc=0.7778
2026-04-08 00:29:33,105 - INFO - [Eval Per-Class] L0(prec=0.9975, rec=0.9920, n=1617); L120(prec=0.7286, rec=0.8981, n=3220); L1800(prec=0.6184, rec=0.3342, n=1610); L320(prec=0.0000, rec=0.0000, n=4); L330(prec=0.3333, rec=0.6429, n=14); L75(prec=0.0000, rec=0.0000, n=4); L800(prec=0.4286, rec=0.4091, n=22); NO_L(prec=0.0000, rec=0.0000, n=4)
2026-04-08 00:29:33,105 - INFO - [Epoch 1/300] train_loss=0.774707, loss_label_inv=0.861813, loss_entropy=0.000000, loss_total=0.783325, grl=0.0166, lr=0.00010000, epoch_time=00:00:22, eta=01:50:31, test_loss=0.417905, test_acc=0.7778
2026-04-08 00:30:40,914 - INFO - [Eval @ Epoch 5/300] test_loss=0.349161, test_acc=0.8413
2026-04-08 00:30:40,915 - INFO - [Eval Per-Class] L0(prec=0.9994, rec=0.9938, n=1617); L120(prec=0.8911, rec=0.7879, n=3220); L1800(prec=0.6551, rec=0.8081, n=1610); L320(prec=0.0000, rec=0.0000, n=4); L330(prec=0.2857, rec=0.8571, n=14); L75(prec=0.0000, rec=0.0000, n=4); L800(prec=0.5833, rec=0.3182, n=22); NO_L(prec=0.0000, rec=0.0000, n=4)
2026-04-08 00:32:08,925 - INFO - [Eval @ Epoch 10/300] test_loss=0.252152, test_acc=0.8776
2026-04-08 00:32:08,925 - INFO - [Eval Per-Class] L0(prec=0.9969, rec=0.9944, n=1617); L120(prec=0.9451, rec=0.8121, n=3220); L1800(prec=0.7069, rec=0.9062, n=1610); L320(prec=0.0000, rec=0.0000, n=4); L330(prec=0.2593, rec=0.5000, n=14); L75(prec=0.0000, rec=0.0000, n=4); L800(prec=0.4583, rec=0.5000, n=22); NO_L(prec=0.0000, rec=0.0000, n=4)
2026-04-08 00:32:08,925 - INFO - [Epoch 10/300] train_loss=0.305808, loss_label_inv=0.306857, loss_entropy=0.000000, loss_total=0.308877, grl=0.1651, lr=0.00009973, epoch_time=00:00:17, eta=01:26:01, test_loss=0.252152, test_acc=0.8776
2026-04-08 00:33:33,674 - INFO - [Eval @ Epoch 15/300] test_loss=0.214513, test_acc=0.9039
2026-04-08 00:33:33,674 - INFO - [Eval Per-Class] L0(prec=1.0000, rec=0.9938, n=1617); L120(prec=0.9212, rec=0.8935, n=3220); L1800(prec=0.7993, rec=0.8484, n=1610); L320(prec=0.0000, rec=0.0000, n=4); L330(prec=0.1667, rec=0.1429, n=14); L75(prec=0.0000, rec=0.0000, n=4); L800(prec=0.4318, rec=0.8636, n=22); NO_L(prec=0.0000, rec=0.0000, n=4)
2026-04-08 00:35:03,058 - INFO - [Eval @ Epoch 20/300] test_loss=0.248202, test_acc=0.8862
2026-04-08 00:35:03,058 - INFO - [Eval Per-Class] L0(prec=0.9994, rec=0.9926, n=1617); L120(prec=0.8292, rec=0.9860, n=3220); L1800(prec=0.9551, rec=0.5944, n=1610); L320(prec=0.0000, rec=0.0000, n=4); L330(prec=0.0000, rec=0.0000, n=14); L75(prec=0.0000, rec=0.0000, n=4); L800(prec=0.3519, rec=0.8636, n=22); NO_L(prec=0.0000, rec=0.0000, n=4)
2026-04-08 00:35:03,058 - INFO - [Epoch 20/300] train_loss=0.246553, loss_label_inv=0.246466, loss_entropy=0.000000, loss_total=0.249017, grl=0.3215, lr=0.00009892, epoch_time=00:00:19, eta=01:22:09, test_loss=0.248202, test_acc=0.8862
2026-04-08 00:36:27,145 - INFO - [Eval @ Epoch 25/300] test_loss=0.645662, test_acc=0.7874
2026-04-08 00:36:27,145 - INFO - [Eval Per-Class] L0(prec=0.9981, rec=0.9938, n=1617); L120(prec=0.7059, rec=0.9988, n=3220); L1800(prec=0.9855, rec=0.1683, n=1610); L320(prec=0.0000, rec=0.0000, n=4); L330(prec=0.1111, rec=0.0714, n=14); L75(prec=0.0000, rec=0.0000, n=4); L800(prec=0.4222, rec=0.8636, n=22); NO_L(prec=0.0000, rec=0.0000, n=4)
2026-04-08 00:38:11,171 - INFO - [Eval @ Epoch 30/300] test_loss=0.251738, test_acc=0.8862
2026-04-08 00:38:11,172 - INFO - [Eval Per-Class] L0(prec=0.9975, rec=0.9938, n=1617); L120(prec=0.8257, rec=0.9913, n=3220); L1800(prec=0.9710, rec=0.5820, n=1610); L320(prec=0.0000, rec=0.0000, n=4); L330(prec=0.1667, rec=0.0714, n=14); L75(prec=0.0000, rec=0.0000, n=4); L800(prec=0.4043, rec=0.8636, n=22); NO_L(prec=0.0000, rec=0.0000, n=4)
2026-04-08 00:38:11,172 - INFO - [Epoch 30/300] train_loss=0.222019, loss_label_inv=0.221953, loss_entropy=0.000000, loss_total=0.224238, grl=0.4621, lr=0.00009758, epoch_time=00:00:31, eta=01:21:02, test_loss=0.251738, test_acc=0.8862
2026-04-08 00:40:34,587 - INFO - [Eval @ Epoch 35/300] test_loss=1.841676, test_acc=0.7132
2026-04-08 00:40:34,587 - INFO - [Eval Per-Class] L0(prec=0.8805, rec=0.9938, n=1617); L120(prec=0.6511, rec=0.9335, n=3220); L1800(prec=0.0000, rec=0.0000, n=1610); L320(prec=0.0000, rec=0.0000, n=4); L330(prec=0.0000, rec=0.0000, n=14); L75(prec=0.0000, rec=0.0000, n=4); L800(prec=0.3878, rec=0.8636, n=22); NO_L(prec=0.0000, rec=0.0000, n=4)
2026-04-08 00:42:55,571 - INFO - [Eval @ Epoch 40/300] test_loss=1.039170, test_acc=0.7597
2026-04-08 00:42:55,571 - INFO - [Eval Per-Class] L0(prec=0.9969, rec=0.9944, n=1617); L120(prec=0.6788, rec=1.0000, n=3220); L1800(prec=1.0000, rec=0.0534, n=1610); L320(prec=0.0000, rec=0.0000, n=4); L330(prec=0.1333, rec=0.1429, n=14); L75(prec=0.0000, rec=0.0000, n=4); L800(prec=0.4865, rec=0.8182, n=22); NO_L(prec=0.0000, rec=0.0000, n=4)
2026-04-08 00:42:55,571 - INFO - [Epoch 40/300] train_loss=0.182750, loss_label_inv=0.182812, loss_entropy=0.000000, loss_total=0.184578, grl=0.5828, lr=0.00009572, epoch_time=00:00:30, eta=01:29:20, test_loss=1.039170, test_acc=0.7597
2026-04-08 00:45:13,960 - INFO - [Eval @ Epoch 45/300] test_loss=4.035245, test_acc=0.5592
2026-04-08 00:45:13,961 - INFO - [Eval Per-Class] L0(prec=0.5689, rec=0.9957, n=1617); L120(prec=0.5546, rec=0.6227, n=3220); L1800(prec=0.0000, rec=0.0000, n=1610); L320(prec=0.0000, rec=0.0000, n=4); L330(prec=0.2500, rec=0.3571, n=14); L75(prec=0.0000, rec=0.0000, n=4); L800(prec=0.4800, rec=0.5455, n=22); NO_L(prec=0.0000, rec=0.0000, n=4)
2026-04-08 00:47:32,195 - INFO - [Eval @ Epoch 50/300] test_loss=0.738741, test_acc=0.7674
2026-04-08 00:47:32,196 - INFO - [Eval Per-Class] L0(prec=0.9969, rec=0.9951, n=1617); L120(prec=0.6858, rec=1.0000, n=3220); L1800(prec=1.0000, rec=0.0845, n=1610); L320(prec=0.0000, rec=0.0000, n=4); L330(prec=0.2632, rec=0.3571, n=14); L75(prec=0.0000, rec=0.0000, n=4); L800(prec=0.5600, rec=0.6364, n=22); NO_L(prec=0.0000, rec=0.0000, n=4)
2026-04-08 00:47:32,196 - INFO - [Epoch 50/300] train_loss=0.170526, loss_label_inv=0.170291, loss_entropy=0.000000, loss_total=0.172229, grl=0.6822, lr=0.00009337, epoch_time=00:00:29, eta=01:31:46, test_loss=0.738741, test_acc=0.7674
2026-04-08 00:49:49,760 - INFO - [Eval @ Epoch 55/300] test_loss=0.217380, test_acc=0.8958
2026-04-08 00:49:49,760 - INFO - [Eval Per-Class] L0(prec=0.9975, rec=0.9951, n=1617); L120(prec=0.8352, rec=0.9978, n=3220); L1800(prec=0.9929, rec=0.6068, n=1610); L320(prec=0.0000, rec=0.0000, n=4); L330(prec=0.3000, rec=0.8571, n=14); L75(prec=0.0000, rec=0.0000, n=4); L800(prec=0.6364, rec=0.3182, n=22); NO_L(prec=0.0000, rec=0.0000, n=4)
2026-04-08 00:52:08,515 - INFO - [Eval @ Epoch 60/300] test_loss=0.276934, test_acc=0.8882
2026-04-08 00:52:08,515 - INFO - [Eval Per-Class] L0(prec=0.9975, rec=0.9944, n=1617); L120(prec=0.9799, rec=0.8028, n=3220); L1800(prec=0.7104, rec=0.9677, n=1610); L320(prec=0.0000, rec=0.0000, n=4); L330(prec=0.0000, rec=0.0000, n=14); L75(prec=0.0000, rec=0.0000, n=4); L800(prec=0.4390, rec=0.8182, n=22); NO_L(prec=0.0000, rec=0.0000, n=4)
2026-04-08 00:52:08,515 - INFO - [Epoch 60/300] train_loss=0.156260, loss_label_inv=0.156129, loss_entropy=0.000000, loss_total=0.157821, grl=0.7616, lr=0.00009055, epoch_time=00:00:29, eta=01:31:50, test_loss=0.276934, test_acc=0.8882
2026-04-08 00:54:35,660 - INFO - [Eval @ Epoch 65/300] test_loss=0.455544, test_acc=0.8459
2026-04-08 00:54:35,660 - INFO - [Eval Per-Class] L0(prec=0.9957, rec=0.9957, n=1617); L120(prec=0.9883, rec=0.7099, n=3220); L1800(prec=0.6288, rec=0.9839, n=1610); L320(prec=0.0000, rec=0.0000, n=4); L330(prec=0.2414, rec=0.5000, n=14); L75(prec=0.0000, rec=0.0000, n=4); L800(prec=0.4375, rec=0.3182, n=22); NO_L(prec=0.0000, rec=0.0000, n=4)
2026-04-08 00:56:48,720 - INFO - [Eval @ Epoch 70/300] test_loss=1.779368, test_acc=0.6443
2026-04-08 00:56:48,720 - INFO - [Eval Per-Class] L0(prec=0.9975, rec=0.9938, n=1617); L120(prec=1.0000, rec=0.2957, n=3220); L1800(prec=0.4152, rec=1.0000, n=1610); L320(prec=0.0000, rec=0.0000, n=4); L330(prec=0.1765, rec=0.2143, n=14); L75(prec=0.0000, rec=0.0000, n=4); L800(prec=0.4783, rec=0.5000, n=22); NO_L(prec=0.1429, rec=0.5000, n=4)
2026-04-08 00:56:48,720 - INFO - [Epoch 70/300] train_loss=0.161449, loss_label_inv=0.161550, loss_entropy=0.000000, loss_total=0.163064, grl=0.8232, lr=0.00008729, epoch_time=00:00:18, eta=01:30:47, test_loss=1.779368, test_acc=0.6443
2026-04-08 00:58:14,458 - INFO - [Eval @ Epoch 75/300] test_loss=0.799882, test_acc=0.7998
2026-04-08 00:58:14,458 - INFO - [Eval Per-Class] L0(prec=0.9957, rec=0.9938, n=1617); L120(prec=0.9980, rec=0.6112, n=3220); L1800(prec=0.5621, rec=0.9981, n=1610); L320(prec=0.0000, rec=0.0000, n=4); L330(prec=0.3333, rec=0.6429, n=14); L75(prec=0.0000, rec=0.0000, n=4); L800(prec=0.4286, rec=0.1364, n=22); NO_L(prec=0.1250, rec=0.2500, n=4)
2026-04-08 00:59:42,306 - INFO - [Eval @ Epoch 80/300] test_loss=0.197084, test_acc=0.9178
2026-04-08 00:59:42,307 - INFO - [Eval Per-Class] L0(prec=0.9957, rec=0.9963, n=1617); L120(prec=0.8687, rec=0.9963, n=3220); L1800(prec=0.9886, rec=0.6994, n=1610); L320(prec=0.0000, rec=0.0000, n=4); L330(prec=0.3462, rec=0.6429, n=14); L75(prec=0.0000, rec=0.0000, n=4); L800(prec=0.5000, rec=0.3182, n=22); NO_L(prec=0.0000, rec=0.0000, n=4)
2026-04-08 00:59:42,307 - INFO - [Epoch 80/300] train_loss=0.149613, loss_label_inv=0.149608, loss_entropy=0.000000, loss_total=0.151109, grl=0.8701, lr=0.00008362, epoch_time=00:00:18, eta=01:23:56, test_loss=0.197084, test_acc=0.9178
2026-04-08 01:01:11,663 - INFO - [Eval @ Epoch 85/300] test_loss=1.088786, test_acc=0.7661
2026-04-08 01:01:11,663 - INFO - [Eval Per-Class] L0(prec=0.9975, rec=0.9944, n=1617); L120(prec=0.9994, rec=0.5416, n=3220); L1800(prec=0.5217, rec=1.0000, n=1610); L320(prec=0.0000, rec=0.0000, n=4); L330(prec=0.1765, rec=0.2143, n=14); L75(prec=0.0000, rec=0.0000, n=4); L800(prec=0.4074, rec=0.5000, n=22); NO_L(prec=0.0000, rec=0.0000, n=4)
2026-04-08 01:02:50,812 - INFO - [Eval @ Epoch 90/300] test_loss=0.163134, test_acc=0.9416
2026-04-08 01:02:50,813 - INFO - [Eval Per-Class] L0(prec=0.9963, rec=0.9951, n=1617); L120(prec=0.9119, rec=0.9904, n=3220); L1800(prec=0.9767, rec=0.8087, n=1610); L320(prec=0.0000, rec=0.0000, n=4); L330(prec=0.2143, rec=0.2143, n=14); L75(prec=0.0000, rec=0.0000, n=4); L800(prec=0.5000, rec=0.5909, n=22); NO_L(prec=0.0000, rec=0.0000, n=4)
2026-04-08 01:02:50,813 - INFO - [Epoch 90/300] train_loss=0.141647, loss_label_inv=0.141728, loss_entropy=0.000000, loss_total=0.143064, grl=0.9051, lr=0.00007960, epoch_time=00:00:29, eta=01:18:33, test_loss=0.163134, test_acc=0.9416
2026-04-08 01:05:12,618 - INFO - [Eval @ Epoch 95/300] test_loss=0.304642, test_acc=0.8767
2026-04-08 01:05:12,618 - INFO - [Eval Per-Class] L0(prec=0.9969, rec=0.9944, n=1617); L120(prec=0.9827, rec=0.7776, n=3220); L1800(prec=0.6864, rec=0.9733, n=1610); L320(prec=0.0000, rec=0.0000, n=4); L330(prec=0.2353, rec=0.2857, n=14); L75(prec=0.0000, rec=0.0000, n=4); L800(prec=0.4583, rec=0.5000, n=22); NO_L(prec=0.0000, rec=0.0000, n=4)
2026-04-08 01:07:36,630 - INFO - [Eval @ Epoch 100/300] test_loss=0.633328, test_acc=0.8143
2026-04-08 01:07:36,630 - INFO - [Eval Per-Class] L0(prec=0.9975, rec=0.9969, n=1617); L120(prec=0.9981, rec=0.6385, n=3220); L1800(prec=0.5798, rec=0.9975, n=1610); L320(prec=0.0000, rec=0.0000, n=4); L330(prec=0.1875, rec=0.2143, n=14); L75(prec=0.0000, rec=0.0000, n=4); L800(prec=0.4444, rec=0.5455, n=22); NO_L(prec=0.0000, rec=0.0000, n=4)
2026-04-08 01:07:36,630 - INFO - [Epoch 100/300] train_loss=0.140636, loss_label_inv=0.140384, loss_entropy=0.000000, loss_total=0.142040, grl=0.9311, lr=0.00007525, epoch_time=00:00:30, eta=01:16:51, test_loss=0.633328, test_acc=0.8143
2026-04-08 01:09:59,959 - INFO - [Eval @ Epoch 105/300] test_loss=0.772657, test_acc=0.7754
2026-04-08 01:09:59,960 - INFO - [Eval Per-Class] L0(prec=0.9975, rec=0.9957, n=1617); L120(prec=0.6938, rec=1.0000, n=3220); L1800(prec=0.9947, rec=0.1174, n=1610); L320(prec=0.0000, rec=0.0000, n=4); L330(prec=0.2727, rec=0.4286, n=14); L75(prec=0.0000, rec=0.0000, n=4); L800(prec=0.5000, rec=0.4545, n=22); NO_L(prec=0.3333, rec=0.2500, n=4)
2026-04-08 01:12:21,890 - INFO - [Eval @ Epoch 110/300] test_loss=0.259159, test_acc=0.8979
2026-04-08 01:12:21,890 - INFO - [Eval Per-Class] L0(prec=0.9969, rec=0.9944, n=1617); L120(prec=0.9804, rec=0.8248, n=3220); L1800(prec=0.7337, rec=0.9671, n=1610); L320(prec=0.0000, rec=0.0000, n=4); L330(prec=0.1250, rec=0.1429, n=14); L75(prec=0.0000, rec=0.0000, n=4); L800(prec=0.4286, rec=0.4091, n=22); NO_L(prec=0.0000, rec=0.0000, n=4)
2026-04-08 01:12:21,891 - INFO - [Epoch 110/300] train_loss=0.135995, loss_label_inv=0.136167, loss_entropy=0.000000, loss_total=0.137356, grl=0.9501, lr=0.00007063, epoch_time=00:00:30, eta=01:14:35, test_loss=0.259159, test_acc=0.8979
2026-04-08 01:14:44,033 - INFO - [Eval @ Epoch 115/300] test_loss=0.300173, test_acc=0.8844
2026-04-08 01:14:44,033 - INFO - [Eval Per-Class] L0(prec=0.9975, rec=0.9938, n=1617); L120(prec=0.9831, rec=0.7932, n=3220); L1800(prec=0.7016, rec=0.9727, n=1610); L320(prec=0.0000, rec=0.0000, n=4); L330(prec=0.2143, rec=0.2143, n=14); L75(prec=0.0000, rec=0.0000, n=4); L800(prec=0.5185, rec=0.6364, n=22); NO_L(prec=0.0000, rec=0.0000, n=4)
2026-04-08 01:17:04,945 - INFO - [Eval @ Epoch 120/300] test_loss=2.494419, test_acc=0.5335
2026-04-08 01:17:04,945 - INFO - [Eval Per-Class] L0(prec=0.9975, rec=0.9938, n=1617); L120(prec=1.0000, rec=0.0720, n=3220); L1800(prec=0.3502, rec=1.0000, n=1610); L320(prec=0.0000, rec=0.0000, n=4); L330(prec=0.1667, rec=0.1429, n=14); L75(prec=0.0000, rec=0.0000, n=4); L800(prec=0.5385, rec=0.6364, n=22); NO_L(prec=0.0000, rec=0.0000, n=4)
2026-04-08 01:17:04,945 - INFO - [Epoch 120/300] train_loss=0.081189, loss_label_inv=0.080809, loss_entropy=0.000000, loss_total=0.081997, grl=0.9640, lr=0.00006580, epoch_time=00:00:30, eta=01:11:51, test_loss=2.494419, test_acc=0.5335
2026-04-08 01:19:34,741 - INFO - [Eval @ Epoch 125/300] test_loss=0.133974, test_acc=0.9644
2026-04-08 01:19:34,741 - INFO - [Eval Per-Class] L0(prec=0.9969, rec=0.9944, n=1617); L120(prec=1.0000, rec=0.9413, n=3220); L1800(prec=0.8949, rec=1.0000, n=1610); L320(prec=0.0000, rec=0.0000, n=4); L330(prec=0.1333, rec=0.1429, n=14); L75(prec=0.0000, rec=0.0000, n=4); L800(prec=0.5652, rec=0.5909, n=22); NO_L(prec=0.0000, rec=0.0000, n=4)
2026-04-08 01:21:27,680 - INFO - [Eval @ Epoch 130/300] test_loss=0.061109, test_acc=0.9874
2026-04-08 01:21:27,680 - INFO - [Eval Per-Class] L0(prec=0.9975, rec=0.9944, n=1617); L120(prec=0.9978, rec=0.9891, n=3220); L1800(prec=0.9786, rec=0.9957, n=1610); L320(prec=0.0000, rec=0.0000, n=4); L330(prec=0.1333, rec=0.1429, n=14); L75(prec=0.0000, rec=0.0000, n=4); L800(prec=0.5000, rec=0.6818, n=22); NO_L(prec=0.0000, rec=0.0000, n=4)
2026-04-08 01:21:27,680 - INFO - [Epoch 130/300] train_loss=0.047447, loss_label_inv=0.047508, loss_entropy=0.000000, loss_total=0.047922, grl=0.9741, lr=0.00006079, epoch_time=00:00:16, eta=01:08:21, test_loss=0.061109, test_acc=0.9874
2026-04-08 01:22:52,875 - INFO - [Eval @ Epoch 135/300] test_loss=1.609633, test_acc=0.7533
2026-04-08 01:22:52,875 - INFO - [Eval Per-Class] L0(prec=0.9975, rec=0.9957, n=1617); L120(prec=1.0000, rec=0.5149, n=3220); L1800(prec=0.5076, rec=1.0000, n=1610); L320(prec=0.0000, rec=0.0000, n=4); L330(prec=0.2500, rec=0.3571, n=14); L75(prec=0.0000, rec=0.0000, n=4); L800(prec=0.5556, rec=0.4545, n=22); NO_L(prec=0.0000, rec=0.0000, n=4)
2026-04-08 01:24:38,471 - INFO - [Eval @ Epoch 140/300] test_loss=0.051163, test_acc=0.9895
2026-04-08 01:24:38,471 - INFO - [Eval Per-Class] L0(prec=0.9969, rec=0.9944, n=1617); L120(prec=0.9969, rec=0.9938, n=3220); L1800(prec=0.9877, rec=0.9944, n=1610); L320(prec=0.0000, rec=0.0000, n=4); L330(prec=0.3333, rec=0.2143, n=14); L75(prec=0.0000, rec=0.0000, n=4); L800(prec=0.5357, rec=0.6818, n=22); NO_L(prec=0.0000, rec=0.0000, n=4)
2026-04-08 01:24:38,472 - INFO - [Epoch 140/300] train_loss=0.044528, loss_label_inv=0.044355, loss_entropy=0.000000, loss_total=0.044972, grl=0.9814, lr=0.00005567, epoch_time=00:00:31, eta=01:03:22, test_loss=0.051163, test_acc=0.9895
2026-04-08 01:27:03,574 - INFO - [Eval @ Epoch 145/300] test_loss=0.279014, test_acc=0.9219
2026-04-08 01:27:03,574 - INFO - [Eval Per-Class] L0(prec=0.9975, rec=0.9938, n=1617); L120(prec=0.8739, rec=0.9988, n=3220); L1800(prec=0.9965, rec=0.7124, n=1610); L320(prec=0.0000, rec=0.0000, n=4); L330(prec=0.2500, rec=0.2143, n=14); L75(prec=0.0000, rec=0.0000, n=4); L800(prec=0.4839, rec=0.6818, n=22); NO_L(prec=0.0000, rec=0.0000, n=4)
2026-04-08 01:29:24,039 - INFO - [Eval @ Epoch 150/300] test_loss=4.373988, test_acc=0.7493
2026-04-08 01:29:24,039 - INFO - [Eval Per-Class] L0(prec=0.9975, rec=0.9938, n=1617); L120(prec=0.6696, rec=1.0000, n=3220); L1800(prec=1.0000, rec=0.0137, n=1610); L320(prec=0.0000, rec=0.0000, n=4); L330(prec=0.1818, rec=0.1429, n=14); L75(prec=0.0000, rec=0.0000, n=4); L800(prec=0.4571, rec=0.7273, n=22); NO_L(prec=0.0000, rec=0.0000, n=4)
2026-04-08 01:29:24,039 - INFO - [Epoch 150/300] train_loss=0.037165, loss_label_inv=0.037312, loss_entropy=0.000000, loss_total=0.037539, grl=0.9866, lr=0.00005050, epoch_time=00:00:29, eta=01:00:13, test_loss=4.373988, test_acc=0.7493
2026-04-08 01:31:40,798 - INFO - [Eval @ Epoch 155/300] test_loss=1.875921, test_acc=0.7443
2026-04-08 01:31:40,798 - INFO - [Eval Per-Class] L0(prec=0.9975, rec=0.9938, n=1617); L120(prec=1.0000, rec=0.4947, n=3220); L1800(prec=0.4974, rec=1.0000, n=1610); L320(prec=0.0000, rec=0.0000, n=4); L330(prec=0.3571, rec=0.3571, n=14); L75(prec=0.0000, rec=0.0000, n=4); L800(prec=0.5758, rec=0.8636, n=22); NO_L(prec=0.0000, rec=0.0000, n=4)
2026-04-08 01:34:00,051 - INFO - [Eval @ Epoch 160/300] test_loss=5.505599, test_acc=0.7461
2026-04-08 01:34:00,052 - INFO - [Eval Per-Class] L0(prec=0.9975, rec=0.9932, n=1617); L120(prec=0.6667, rec=1.0000, n=3220); L1800(prec=1.0000, rec=0.0006, n=1610); L320(prec=0.0000, rec=0.0000, n=4); L330(prec=0.2667, rec=0.2857, n=14); L75(prec=0.0000, rec=0.0000, n=4); L800(prec=0.5357, rec=0.6818, n=22); NO_L(prec=0.0000, rec=0.0000, n=4)
2026-04-08 01:34:00,052 - INFO - [Epoch 160/300] train_loss=0.039296, loss_label_inv=0.039327, loss_entropy=0.000000, loss_total=0.039689, grl=0.9904, lr=0.00004533, epoch_time=00:00:30, eta=00:56:42, test_loss=5.505599, test_acc=0.7461
2026-04-08 01:36:20,055 - INFO - [Eval @ Epoch 165/300] test_loss=0.062591, test_acc=0.9881
2026-04-08 01:36:20,056 - INFO - [Eval Per-Class] L0(prec=0.9975, rec=0.9932, n=1617); L120(prec=0.9981, rec=0.9894, n=3220); L1800(prec=0.9793, rec=0.9969, n=1610); L320(prec=0.0000, rec=0.0000, n=4); L330(prec=0.2500, rec=0.2857, n=14); L75(prec=0.0000, rec=0.0000, n=4); L800(prec=0.5484, rec=0.7727, n=22); NO_L(prec=0.0000, rec=0.0000, n=4)
2026-04-08 01:38:40,231 - INFO - [Eval @ Epoch 170/300] test_loss=0.532057, test_acc=0.8758
2026-04-08 01:38:40,232 - INFO - [Eval Per-Class] L0(prec=0.9975, rec=0.9932, n=1617); L120(prec=0.9996, rec=0.7618, n=3220); L1800(prec=0.6773, rec=1.0000, n=1610); L320(prec=0.0000, rec=0.0000, n=4); L330(prec=0.2143, rec=0.2143, n=14); L75(prec=0.0000, rec=0.0000, n=4); L800(prec=0.5714, rec=0.7273, n=22); NO_L(prec=0.0000, rec=0.0000, n=4)
2026-04-08 01:38:40,232 - INFO - [Epoch 170/300] train_loss=0.033260, loss_label_inv=0.033191, loss_entropy=0.000000, loss_total=0.033592, grl=0.9931, lr=0.00004021, epoch_time=00:00:29, eta=00:53:08, test_loss=0.532057, test_acc=0.8758
2026-04-08 01:41:06,365 - INFO - [Eval @ Epoch 175/300] test_loss=0.066942, test_acc=0.9874
2026-04-08 01:41:06,366 - INFO - [Eval Per-Class] L0(prec=0.9975, rec=0.9932, n=1617); L120(prec=0.9978, rec=0.9904, n=3220); L1800(prec=0.9810, rec=0.9963, n=1610); L320(prec=0.0000, rec=0.0000, n=4); L330(prec=0.2000, rec=0.2143, n=14); L75(prec=0.0000, rec=0.0000, n=4); L800(prec=0.5000, rec=0.5000, n=22); NO_L(prec=0.0000, rec=0.0000, n=4)
2026-04-08 01:43:11,142 - INFO - [Eval @ Epoch 180/300] test_loss=5.346777, test_acc=0.7475
2026-04-08 01:43:11,143 - INFO - [Eval Per-Class] L0(prec=0.9975, rec=0.9932, n=1617); L120(prec=0.6675, rec=1.0000, n=3220); L1800(prec=1.0000, rec=0.0043, n=1610); L320(prec=0.0000, rec=0.0000, n=4); L330(prec=0.2667, rec=0.2857, n=14); L75(prec=0.0000, rec=0.0000, n=4); L800(prec=0.6207, rec=0.8182, n=22); NO_L(prec=0.0000, rec=0.0000, n=4)
2026-04-08 01:43:11,143 - INFO - [Epoch 180/300] train_loss=0.036024, loss_label_inv=0.036062, loss_entropy=0.000000, loss_total=0.036385, grl=0.9951, lr=0.00003520, epoch_time=00:00:18, eta=00:49:20, test_loss=5.346777, test_acc=0.7475
2026-04-08 01:44:39,033 - INFO - [Eval @ Epoch 185/300] test_loss=1.001533, test_acc=0.8363
2026-04-08 01:44:39,033 - INFO - [Eval Per-Class] L0(prec=0.9975, rec=0.9932, n=1617); L120(prec=0.7587, rec=1.0000, n=3220); L1800(prec=1.0000, rec=0.3646, n=1610); L320(prec=0.0000, rec=0.0000, n=4); L330(prec=0.2000, rec=0.2143, n=14); L75(prec=0.0000, rec=0.0000, n=4); L800(prec=0.6154, rec=0.7273, n=22); NO_L(prec=0.0000, rec=0.0000, n=4)
2026-04-08 01:46:52,920 - INFO - [Eval @ Epoch 190/300] test_loss=0.061867, test_acc=0.9908
2026-04-08 01:46:52,920 - INFO - [Eval Per-Class] L0(prec=0.9975, rec=0.9938, n=1617); L120(prec=0.9978, rec=0.9957, n=3220); L1800(prec=0.9913, rec=0.9963, n=1610); L320(prec=0.2000, rec=0.2500, n=4); L330(prec=0.2000, rec=0.2143, n=14); L75(prec=0.0000, rec=0.0000, n=4); L800(prec=0.5600, rec=0.6364, n=22); NO_L(prec=0.0000, rec=0.0000, n=4)
2026-04-08 01:46:52,920 - INFO - [Epoch 190/300] train_loss=0.026980, loss_label_inv=0.026858, loss_entropy=0.000000, loss_total=0.027249, grl=0.9965, lr=0.00003037, epoch_time=00:00:30, eta=00:44:59, test_loss=0.061867, test_acc=0.9908
2026-04-08 01:49:15,660 - INFO - [Eval @ Epoch 195/300] test_loss=0.347143, test_acc=0.9235
2026-04-08 01:49:15,661 - INFO - [Eval Per-Class] L0(prec=0.9975, rec=0.9932, n=1617); L120(prec=0.8764, rec=0.9994, n=3220); L1800(prec=0.9983, rec=0.7186, n=1610); L320(prec=0.0000, rec=0.0000, n=4); L330(prec=0.3125, rec=0.3571, n=14); L75(prec=0.0000, rec=0.0000, n=4); L800(prec=0.5714, rec=0.5455, n=22); NO_L(prec=0.0000, rec=0.0000, n=4)
2026-04-08 01:51:34,714 - INFO - [Eval @ Epoch 200/300] test_loss=0.070751, test_acc=0.9892
2026-04-08 01:51:34,714 - INFO - [Eval Per-Class] L0(prec=0.9975, rec=0.9932, n=1617); L120(prec=0.9988, rec=0.9929, n=3220); L1800(prec=0.9859, rec=0.9981, n=1610); L320(prec=0.0000, rec=0.0000, n=4); L330(prec=0.2308, rec=0.2143, n=14); L75(prec=0.0000, rec=0.0000, n=4); L800(prec=0.5000, rec=0.5455, n=22); NO_L(prec=0.0000, rec=0.0000, n=4)
2026-04-08 01:51:34,715 - INFO - [Epoch 200/300] train_loss=0.026361, loss_label_inv=0.026336, loss_entropy=0.000000, loss_total=0.026624, grl=0.9975, lr=0.00002575, epoch_time=00:00:29, eta=00:41:11, test_loss=0.070751, test_acc=0.9892
2026-04-08 01:53:52,062 - INFO - [Eval @ Epoch 205/300] test_loss=0.558063, test_acc=0.8913
2026-04-08 01:53:52,062 - INFO - [Eval Per-Class] L0(prec=0.9975, rec=0.9932, n=1617); L120(prec=0.9996, rec=0.7938, n=3220); L1800(prec=0.7080, rec=1.0000, n=1610); L320(prec=0.0000, rec=0.0000, n=4); L330(prec=0.2000, rec=0.1429, n=14); L75(prec=0.0000, rec=0.0000, n=4); L800(prec=0.5000, rec=0.6818, n=22); NO_L(prec=0.0000, rec=0.0000, n=4)
2026-04-08 01:56:11,104 - INFO - [Eval @ Epoch 210/300] test_loss=0.534443, test_acc=0.9045
2026-04-08 01:56:11,104 - INFO - [Eval Per-Class] L0(prec=0.9969, rec=0.9932, n=1617); L120(prec=0.8474, rec=1.0000, n=3220); L1800(prec=1.0000, rec=0.6404, n=1610); L320(prec=0.0000, rec=0.0000, n=4); L330(prec=0.1429, rec=0.1429, n=14); L75(prec=0.0000, rec=0.0000, n=4); L800(prec=0.5333, rec=0.7273, n=22); NO_L(prec=0.0000, rec=0.0000, n=4)
2026-04-08 01:56:11,104 - INFO - [Epoch 210/300] train_loss=0.021848, loss_label_inv=0.021670, loss_entropy=0.000000, loss_total=0.022064, grl=0.9982, lr=0.00002140, epoch_time=00:00:30, eta=00:37:17, test_loss=0.534443, test_acc=0.9045
2026-04-08 01:58:29,329 - INFO - [Eval @ Epoch 215/300] test_loss=0.090014, test_acc=0.9843
2026-04-08 01:58:29,329 - INFO - [Eval Per-Class] L0(prec=0.9975, rec=0.9932, n=1617); L120(prec=0.9991, rec=0.9811, n=3220); L1800(prec=0.9635, rec=0.9988, n=1610); L320(prec=0.2000, rec=0.2500, n=4); L330(prec=0.2308, rec=0.2143, n=14); L75(prec=0.0000, rec=0.0000, n=4); L800(prec=0.6154, rec=0.7273, n=22); NO_L(prec=0.0000, rec=0.0000, n=4)
2026-04-08 02:00:49,454 - INFO - [Eval @ Epoch 220/300] test_loss=0.142392, test_acc=0.9677
2026-04-08 02:00:49,454 - INFO - [Eval Per-Class] L0(prec=0.9969, rec=0.9938, n=1617); L120(prec=0.9997, rec=0.9472, n=3220); L1800(prec=0.9045, rec=1.0000, n=1610); L320(prec=0.0000, rec=0.0000, n=4); L330(prec=0.2000, rec=0.2143, n=14); L75(prec=0.0000, rec=0.0000, n=4); L800(prec=0.6000, rec=0.6818, n=22); NO_L(prec=0.0000, rec=0.0000, n=4)
2026-04-08 02:00:49,454 - INFO - [Epoch 220/300] train_loss=0.017930, loss_label_inv=0.017878, loss_entropy=0.000000, loss_total=0.018109, grl=0.9987, lr=0.00001738, epoch_time=00:00:31, eta=00:33:19, test_loss=0.142392, test_acc=0.9677
2026-04-08 02:03:12,940 - INFO - [Eval @ Epoch 225/300] test_loss=0.060388, test_acc=0.9909
2026-04-08 02:03:12,941 - INFO - [Eval Per-Class] L0(prec=0.9969, rec=0.9932, n=1617); L120(prec=0.9981, rec=0.9953, n=3220); L1800(prec=0.9907, rec=0.9969, n=1610); L320(prec=0.2500, rec=0.2500, n=4); L330(prec=0.2143, rec=0.2143, n=14); L75(prec=0.0000, rec=0.0000, n=4); L800(prec=0.6154, rec=0.7273, n=22); NO_L(prec=0.0000, rec=0.0000, n=4)
2026-04-08 02:04:39,048 - INFO - [Eval @ Epoch 230/300] test_loss=0.202871, test_acc=0.9607
2026-04-08 02:04:39,048 - INFO - [Eval Per-Class] L0(prec=0.9975, rec=0.9932, n=1617); L120(prec=0.9374, rec=0.9994, n=3220); L1800(prec=0.9986, rec=0.8671, n=1610); L320(prec=0.1667, rec=0.2500, n=4); L330(prec=0.2308, rec=0.2143, n=14); L75(prec=0.0000, rec=0.0000, n=4); L800(prec=0.6154, rec=0.7273, n=22); NO_L(prec=0.0000, rec=0.0000, n=4)
2026-04-08 02:04:39,049 - INFO - [Epoch 230/300] train_loss=0.016571, loss_label_inv=0.016493, loss_entropy=0.000000, loss_total=0.016736, grl=0.9991, lr=0.00001371, epoch_time=00:00:19, eta=00:29:03, test_loss=0.202871, test_acc=0.9607
2026-04-08 02:06:42,836 - INFO - [Eval @ Epoch 235/300] test_loss=0.174543, test_acc=0.9630
2026-04-08 02:06:42,836 - INFO - [Eval Per-Class] L0(prec=0.9975, rec=0.9932, n=1617); L120(prec=0.9997, rec=0.9385, n=3220); L1800(prec=0.8905, rec=1.0000, n=1610); L320(prec=0.0000, rec=0.0000, n=4); L330(prec=0.1667, rec=0.1429, n=14); L75(prec=0.0000, rec=0.0000, n=4); L800(prec=0.5357, rec=0.6818, n=22); NO_L(prec=0.0000, rec=0.0000, n=4)
2026-04-08 02:09:03,944 - INFO - [Eval @ Epoch 240/300] test_loss=0.636486, test_acc=0.8985
2026-04-08 02:09:03,945 - INFO - [Eval Per-Class] L0(prec=0.9975, rec=0.9938, n=1617); L120(prec=0.8385, rec=1.0000, n=3220); L1800(prec=1.0000, rec=0.6149, n=1610); L320(prec=0.2500, rec=0.2500, n=4); L330(prec=0.2000, rec=0.2143, n=14); L75(prec=0.0000, rec=0.0000, n=4); L800(prec=0.5556, rec=0.6818, n=22); NO_L(prec=0.0000, rec=0.0000, n=4)
2026-04-08 02:09:03,945 - INFO - [Epoch 240/300] train_loss=0.014330, loss_label_inv=0.014270, loss_entropy=0.000000, loss_total=0.014473, grl=0.9993, lr=0.00001045, epoch_time=00:00:29, eta=00:24:58, test_loss=0.636486, test_acc=0.8985
2026-04-08 02:11:21,408 - INFO - [Eval @ Epoch 245/300] test_loss=0.070160, test_acc=0.9909
2026-04-08 02:11:21,408 - INFO - [Eval Per-Class] L0(prec=0.9975, rec=0.9938, n=1617); L120(prec=0.9997, rec=0.9944, n=3220); L1800(prec=0.9889, rec=0.9994, n=1610); L320(prec=0.0000, rec=0.0000, n=4); L330(prec=0.2308, rec=0.2143, n=14); L75(prec=0.0000, rec=0.0000, n=4); L800(prec=0.5357, rec=0.6818, n=22); NO_L(prec=0.0000, rec=0.0000, n=4)
2026-04-08 02:13:36,482 - INFO - [Eval @ Epoch 250/300] test_loss=0.219166, test_acc=0.9594
2026-04-08 02:13:36,482 - INFO - [Eval Per-Class] L0(prec=0.9975, rec=0.9932, n=1617); L120(prec=0.9997, rec=0.9307, n=3220); L1800(prec=0.8783, rec=1.0000, n=1610); L320(prec=0.0000, rec=0.0000, n=4); L330(prec=0.2308, rec=0.2143, n=14); L75(prec=0.0000, rec=0.0000, n=4); L800(prec=0.5357, rec=0.6818, n=22); NO_L(prec=0.0000, rec=0.0000, n=4)
2026-04-08 02:13:36,482 - INFO - [Epoch 250/300] train_loss=0.013808, loss_label_inv=0.013836, loss_entropy=0.000000, loss_total=0.013946, grl=0.9995, lr=0.00000763, epoch_time=00:00:28, eta=00:20:53, test_loss=0.219166, test_acc=0.9594
2026-04-08 02:15:51,121 - INFO - [Eval @ Epoch 255/300] test_loss=0.083200, test_acc=0.9875
2026-04-08 02:15:51,121 - INFO - [Eval Per-Class] L0(prec=0.9975, rec=0.9932, n=1617); L120(prec=0.9997, rec=0.9866, n=3220); L1800(prec=0.9740, rec=1.0000, n=1610); L320(prec=0.0000, rec=0.0000, n=4); L330(prec=0.2143, rec=0.2143, n=14); L75(prec=0.0000, rec=0.0000, n=4); L800(prec=0.6207, rec=0.8182, n=22); NO_L(prec=0.0000, rec=0.0000, n=4)
2026-04-08 02:18:05,697 - INFO - [Eval @ Epoch 260/300] test_loss=0.116584, test_acc=0.9815
2026-04-08 02:18:05,698 - INFO - [Eval Per-Class] L0(prec=0.9975, rec=0.9938, n=1617); L120(prec=0.9757, rec=0.9988, n=3220); L1800(prec=0.9974, rec=0.9503, n=1610); L320(prec=0.2500, rec=0.2500, n=4); L330(prec=0.2500, rec=0.2143, n=14); L75(prec=0.0000, rec=0.0000, n=4); L800(prec=0.6207, rec=0.8182, n=22); NO_L(prec=0.0000, rec=0.0000, n=4)
2026-04-08 02:18:05,698 - INFO - [Epoch 260/300] train_loss=0.010912, loss_label_inv=0.010949, loss_entropy=0.000000, loss_total=0.011021, grl=0.9997, lr=0.00000528, epoch_time=00:00:29, eta=00:16:45, test_loss=0.116584, test_acc=0.9815
2026-04-08 02:20:22,686 - INFO - [Eval @ Epoch 265/300] test_loss=0.071481, test_acc=0.9912
2026-04-08 02:20:22,686 - INFO - [Eval Per-Class] L0(prec=0.9975, rec=0.9938, n=1617); L120(prec=1.0000, rec=0.9938, n=3220); L1800(prec=0.9877, rec=1.0000, n=1610); L320(prec=0.2500, rec=0.2500, n=4); L330(prec=0.2308, rec=0.2143, n=14); L75(prec=0.0000, rec=0.0000, n=4); L800(prec=0.6071, rec=0.7727, n=22); NO_L(prec=0.0000, rec=0.0000, n=4)
2026-04-08 02:22:30,541 - INFO - [Eval @ Epoch 270/300] test_loss=0.069150, test_acc=0.9909
2026-04-08 02:22:30,541 - INFO - [Eval Per-Class] L0(prec=0.9975, rec=0.9932, n=1617); L120(prec=0.9981, rec=0.9963, n=3220); L1800(prec=0.9926, rec=0.9969, n=1610); L320(prec=0.0000, rec=0.0000, n=4); L330(prec=0.1667, rec=0.1429, n=14); L75(prec=0.0000, rec=0.0000, n=4); L800(prec=0.5357, rec=0.6818, n=22); NO_L(prec=0.0000, rec=0.0000, n=4)
2026-04-08 02:22:30,541 - INFO - [Epoch 270/300] train_loss=0.010099, loss_label_inv=0.010064, loss_entropy=0.000000, loss_total=0.010199, grl=0.9998, lr=0.00000342, epoch_time=00:00:17, eta=00:12:35, test_loss=0.069150, test_acc=0.9909
2026-04-08 02:23:51,888 - INFO - [Eval @ Epoch 275/300] test_loss=0.073173, test_acc=0.9914
2026-04-08 02:23:51,889 - INFO - [Eval Per-Class] L0(prec=0.9975, rec=0.9938, n=1617); L120(prec=1.0000, rec=0.9941, n=3220); L1800(prec=0.9883, rec=1.0000, n=1610); L320(prec=0.2500, rec=0.2500, n=4); L330(prec=0.2308, rec=0.2143, n=14); L75(prec=0.0000, rec=0.0000, n=4); L800(prec=0.6071, rec=0.7727, n=22); NO_L(prec=0.0000, rec=0.0000, n=4)
2026-04-08 02:25:15,278 - INFO - [Eval @ Epoch 280/300] test_loss=0.088501, test_acc=0.9880
2026-04-08 02:25:15,278 - INFO - [Eval Per-Class] L0(prec=0.9975, rec=0.9938, n=1617); L120(prec=0.9889, rec=0.9984, n=3220); L1800(prec=0.9968, rec=0.9776, n=1610); L320(prec=0.2500, rec=0.2500, n=4); L330(prec=0.2143, rec=0.2143, n=14); L75(prec=0.0000, rec=0.0000, n=4); L800(prec=0.6071, rec=0.7727, n=22); NO_L(prec=0.0000, rec=0.0000, n=4)
2026-04-08 02:25:15,278 - INFO - [Epoch 280/300] train_loss=0.008285, loss_label_inv=0.008230, loss_entropy=0.000000, loss_total=0.008367, grl=0.9998, lr=0.00000208, epoch_time=00:00:18, eta=00:08:17, test_loss=0.088501, test_acc=0.9880
2026-04-08 02:26:39,849 - INFO - [Eval @ Epoch 285/300] test_loss=0.074664, test_acc=0.9901
2026-04-08 02:26:39,849 - INFO - [Eval Per-Class] L0(prec=0.9975, rec=0.9938, n=1617); L120(prec=0.9935, rec=0.9981, n=3220); L1800(prec=0.9962, rec=0.9870, n=1610); L320(prec=0.2500, rec=0.2500, n=4); L330(prec=0.2308, rec=0.2143, n=14); L75(prec=0.0000, rec=0.0000, n=4); L800(prec=0.6071, rec=0.7727, n=22); NO_L(prec=0.0000, rec=0.0000, n=4)
2026-04-08 02:28:08,191 - INFO - [Eval @ Epoch 290/300] test_loss=0.072681, test_acc=0.9911
2026-04-08 02:28:08,191 - INFO - [Eval Per-Class] L0(prec=0.9975, rec=0.9938, n=1617); L120(prec=0.9960, rec=0.9981, n=3220); L1800(prec=0.9963, rec=0.9919, n=1610); L320(prec=0.0000, rec=0.0000, n=4); L330(prec=0.1667, rec=0.1429, n=14); L75(prec=0.0000, rec=0.0000, n=4); L800(prec=0.5667, rec=0.7727, n=22); NO_L(prec=0.0000, rec=0.0000, n=4)
2026-04-08 02:28:08,191 - INFO - [Epoch 290/300] train_loss=0.008135, loss_label_inv=0.008076, loss_entropy=0.000000, loss_total=0.008216, grl=0.9999, lr=0.00000127, epoch_time=00:00:18, eta=00:04:06, test_loss=0.072681, test_acc=0.9911
2026-04-08 02:29:32,465 - INFO - [Eval @ Epoch 295/300] test_loss=0.068575, test_acc=0.9920
2026-04-08 02:29:32,466 - INFO - [Eval Per-Class] L0(prec=0.9975, rec=0.9938, n=1617); L120(prec=0.9975, rec=0.9978, n=3220); L1800(prec=0.9956, rec=0.9950, n=1610); L320(prec=0.2500, rec=0.2500, n=4); L330(prec=0.2308, rec=0.2143, n=14); L75(prec=0.0000, rec=0.0000, n=4); L800(prec=0.6071, rec=0.7727, n=22); NO_L(prec=0.0000, rec=0.0000, n=4)
2026-04-08 02:30:59,056 - INFO - [Eval @ Epoch 300/300] test_loss=0.071017, test_acc=0.9914
2026-04-08 02:30:59,057 - INFO - [Eval Per-Class] L0(prec=0.9975, rec=0.9938, n=1617); L120(prec=0.9963, rec=0.9978, n=3220); L1800(prec=0.9956, rec=0.9925, n=1610); L320(prec=0.2500, rec=0.2500, n=4); L330(prec=0.2308, rec=0.2143, n=14); L75(prec=0.0000, rec=0.0000, n=4); L800(prec=0.6071, rec=0.7727, n=22); NO_L(prec=0.0000, rec=0.0000, n=4)
2026-04-08 02:30:59,057 - INFO - [Epoch 300/300] train_loss=0.009073, loss_label_inv=0.008932, loss_entropy=0.000000, loss_total=0.009163, grl=0.9999, lr=0.00000100, epoch_time=00:00:17, eta=00:00:00, test_loss=0.071017, test_acc=0.9914
2026-04-08 02:30:59,197 - INFO - Training complete. Best test acc: 0.9920
2026-04-08 02:30:59,197 - INFO - Best model: results_self_grl_attn1/model_self_grl_attn1_best.pth
2026-04-08 02:30:59,197 - INFO - Last model: results_self_grl_attn1/model_self_grl_attn1_last.pth
