2026-04-08 14:05:53,549 - INFO - Private dataset loaded from: self_data/75_Sta_60_test_dso
2026-04-08 14:05:53,549 - INFO - use_dso=False, signal_length=2048
2026-04-08 14:05:53,550 - INFO - num_classes=8, class_names=['L0', 'L120', 'L1800', 'L320', 'L330', 'L75', 'L800', 'NO_L']
2026-04-08 14:05:53,550 - INFO - train_samples=25975, test_samples=6495
2026-04-08 14:06:44,088 - INFO - [Eval @ Epoch 1/300] test_loss=0.469364, test_acc=0.7646
2026-04-08 14:06:44,088 - INFO - [Eval Per-Class] L0(prec=0.9763, rec=0.9938, n=1617); L120(prec=0.6886, rec=0.9792, n=3220); L1800(prec=0.8348, rec=0.1193, n=1610); L320(prec=0.0000, rec=0.0000, n=4); L330(prec=0.2500, rec=0.0714, n=14); L75(prec=0.0000, rec=0.0000, n=4); L800(prec=0.3611, rec=0.5909, n=22); NO_L(prec=0.0000, rec=0.0000, n=4)
2026-04-08 14:06:44,088 - INFO - [Epoch 1/300] train_loss=0.703795, loss_label_inv=2.044918, loss_entropy=0.006164, loss_total=0.703918, grl=0.0166, lr=0.00010000, epoch_time=00:00:48, eta=04:02:34, test_loss=0.469364, test_acc=0.7646
2026-04-08 14:09:40,240 - INFO - [Eval @ Epoch 5/300] test_loss=0.342062, test_acc=0.8405
2026-04-08 14:09:40,240 - INFO - [Eval Per-Class] L0(prec=0.9969, rec=0.9957, n=1617); L120(prec=0.8773, rec=0.8012, n=3220); L1800(prec=0.6601, rec=0.7758, n=1610); L320(prec=0.0000, rec=0.0000, n=4); L330(prec=0.0000, rec=0.0000, n=14); L75(prec=0.0000, rec=0.0000, n=4); L800(prec=0.4255, rec=0.9091, n=22); NO_L(prec=0.0000, rec=0.0000, n=4)
2026-04-08 14:13:18,937 - INFO - [Eval @ Epoch 10/300] test_loss=0.436806, test_acc=0.8192
2026-04-08 14:13:18,938 - INFO - [Eval Per-Class] L0(prec=0.9988, rec=0.9944, n=1617); L120(prec=0.9819, rec=0.6584, n=3220); L1800(prec=0.5877, rec=0.9764, n=1610); L320(prec=0.0000, rec=0.0000, n=4); L330(prec=0.5000, rec=0.2143, n=14); L75(prec=0.0000, rec=0.0000, n=4); L800(prec=0.4000, rec=0.8182, n=22); NO_L(prec=0.0000, rec=0.0000, n=4)
2026-04-08 14:13:18,938 - INFO - [Epoch 10/300] train_loss=0.288740, loss_label_inv=2.204238, loss_entropy=0.048771, loss_total=0.289715, grl=0.1651, lr=0.00009973, epoch_time=00:00:47, eta=03:34:22, test_loss=0.436806, test_acc=0.8192
2026-04-08 14:16:55,233 - INFO - [Eval @ Epoch 15/300] test_loss=0.212521, test_acc=0.9161
2026-04-08 14:16:55,233 - INFO - [Eval Per-Class] L0(prec=0.9981, rec=0.9938, n=1617); L120(prec=0.8887, rec=0.9621, n=3220); L1800(prec=0.9092, rec=0.7590, n=1610); L320(prec=0.0000, rec=0.0000, n=4); L330(prec=0.2917, rec=0.5000, n=14); L75(prec=0.0000, rec=0.0000, n=4); L800(prec=0.5161, rec=0.7273, n=22); NO_L(prec=0.0000, rec=0.0000, n=4)
2026-04-08 14:20:33,180 - INFO - [Eval @ Epoch 20/300] test_loss=0.455732, test_acc=0.8075
2026-04-08 14:20:33,180 - INFO - [Eval Per-Class] L0(prec=0.9988, rec=0.9932, n=1617); L120(prec=0.9985, rec=0.6252, n=3220); L1800(prec=0.5711, rec=0.9981, n=1610); L320(prec=0.0000, rec=0.0000, n=4); L330(prec=0.2121, rec=0.5000, n=14); L75(prec=0.0000, rec=0.0000, n=4); L800(prec=0.5000, rec=0.5455, n=22); NO_L(prec=0.0000, rec=0.0000, n=4)
2026-04-08 14:20:33,180 - INFO - [Epoch 20/300] train_loss=0.242714, loss_label_inv=2.232167, loss_entropy=0.075725, loss_total=0.244228, grl=0.3215, lr=0.00009892, epoch_time=00:00:47, eta=03:24:48, test_loss=0.455732, test_acc=0.8075
2026-04-08 14:24:11,557 - INFO - [Eval @ Epoch 25/300] test_loss=0.214540, test_acc=0.9024
2026-04-08 14:24:11,557 - INFO - [Eval Per-Class] L0(prec=0.9981, rec=0.9944, n=1617); L120(prec=0.8523, rec=0.9854, n=3220); L1800(prec=0.9558, rec=0.6584, n=1610); L320(prec=0.0000, rec=0.0000, n=4); L330(prec=0.0000, rec=0.0000, n=14); L75(prec=0.0000, rec=0.0000, n=4); L800(prec=0.3922, rec=0.9091, n=22); NO_L(prec=0.0000, rec=0.0000, n=4)
2026-04-08 14:27:49,525 - INFO - [Eval @ Epoch 30/300] test_loss=0.232731, test_acc=0.9113
2026-04-08 14:27:49,526 - INFO - [Eval Per-Class] L0(prec=0.9975, rec=0.9944, n=1617); L120(prec=0.8688, rec=0.9811, n=3220); L1800(prec=0.9489, rec=0.7037, n=1610); L320(prec=0.0000, rec=0.0000, n=4); L330(prec=0.2400, rec=0.4286, n=14); L75(prec=0.0000, rec=0.0000, n=4); L800(prec=0.4815, rec=0.5909, n=22); NO_L(prec=0.0000, rec=0.0000, n=4)
2026-04-08 14:27:49,526 - INFO - [Epoch 30/300] train_loss=0.209542, loss_label_inv=2.208707, loss_entropy=0.107774, loss_total=0.211698, grl=0.4621, lr=0.00009758, epoch_time=00:00:47, eta=03:17:07, test_loss=0.232731, test_acc=0.9113
2026-04-08 14:31:27,393 - INFO - [Eval @ Epoch 35/300] test_loss=1.474146, test_acc=0.6850
2026-04-08 14:31:27,393 - INFO - [Eval Per-Class] L0(prec=0.9975, rec=0.9938, n=1617); L120(prec=1.0000, rec=0.3767, n=3220); L1800(prec=0.4451, rec=1.0000, n=1610); L320(prec=0.0000, rec=0.0000, n=4); L330(prec=0.0909, rec=0.0714, n=14); L75(prec=0.0000, rec=0.0000, n=4); L800(prec=0.4286, rec=0.8182, n=22); NO_L(prec=0.0000, rec=0.0000, n=4)
2026-04-08 14:35:04,815 - INFO - [Eval @ Epoch 40/300] test_loss=0.353892, test_acc=0.8462
2026-04-08 14:35:04,815 - INFO - [Eval Per-Class] L0(prec=0.9975, rec=0.9944, n=1617); L120(prec=0.7705, rec=0.9991, n=3220); L1800(prec=0.9954, rec=0.4050, n=1610); L320(prec=0.0000, rec=0.0000, n=4); L330(prec=0.0909, rec=0.0714, n=14); L75(prec=0.0000, rec=0.0000, n=4); L800(prec=0.4390, rec=0.8182, n=22); NO_L(prec=0.0000, rec=0.0000, n=4)
2026-04-08 14:35:04,815 - INFO - [Epoch 40/300] train_loss=0.212420, loss_label_inv=2.161051, loss_entropy=0.104221, loss_total=0.214505, grl=0.5828, lr=0.00009572, epoch_time=00:00:46, eta=03:09:31, test_loss=0.353892, test_acc=0.8462
2026-04-08 14:38:43,350 - INFO - [Eval @ Epoch 45/300] test_loss=0.466048, test_acc=0.8342
2026-04-08 14:38:43,350 - INFO - [Eval Per-Class] L0(prec=0.9969, rec=0.9944, n=1617); L120(prec=0.9941, rec=0.6811, n=3220); L1800(prec=0.6088, rec=0.9919, n=1610); L320(prec=0.0000, rec=0.0000, n=4); L330(prec=0.2308, rec=0.2143, n=14); L75(prec=0.0000, rec=0.0000, n=4); L800(prec=0.4474, rec=0.7727, n=22); NO_L(prec=0.0000, rec=0.0000, n=4)
2026-04-08 14:42:21,318 - INFO - [Eval @ Epoch 50/300] test_loss=1.465691, test_acc=0.7312
2026-04-08 14:42:21,318 - INFO - [Eval Per-Class] L0(prec=0.9975, rec=0.9957, n=1617); L120(prec=1.0000, rec=0.4689, n=3220); L1800(prec=0.4849, rec=1.0000, n=1610); L320(prec=0.0000, rec=0.0000, n=4); L330(prec=0.1250, rec=0.0714, n=14); L75(prec=0.0000, rec=0.0000, n=4); L800(prec=0.4390, rec=0.8182, n=22); NO_L(prec=0.0000, rec=0.0000, n=4)
2026-04-08 14:42:21,318 - INFO - [Epoch 50/300] train_loss=0.181118, loss_label_inv=2.152620, loss_entropy=0.098699, loss_total=0.183092, grl=0.6822, lr=0.00009337, epoch_time=00:00:47, eta=03:02:09, test_loss=1.465691, test_acc=0.7312
2026-04-08 14:45:58,548 - INFO - [Eval @ Epoch 55/300] test_loss=1.156444, test_acc=0.7624
2026-04-08 14:45:58,548 - INFO - [Eval Per-Class] L0(prec=0.9969, rec=0.9969, n=1617); L120(prec=1.0000, rec=0.5332, n=3220); L1800(prec=0.5172, rec=1.0000, n=1610); L320(prec=0.0000, rec=0.0000, n=4); L330(prec=0.2188, rec=0.5000, n=14); L75(prec=0.0000, rec=0.0000, n=4); L800(prec=0.3750, rec=0.2727, n=22); NO_L(prec=0.0000, rec=0.0000, n=4)
2026-04-08 14:49:35,733 - INFO - [Eval @ Epoch 60/300] test_loss=2.213381, test_acc=0.7313
2026-04-08 14:49:35,733 - INFO - [Eval Per-Class] L0(prec=0.9399, rec=0.9957, n=1617); L120(prec=0.6596, rec=0.9689, n=3220); L1800(prec=0.0000, rec=0.0000, n=1610); L320(prec=0.0000, rec=0.0000, n=4); L330(prec=0.2273, rec=0.3571, n=14); L75(prec=0.0000, rec=0.0000, n=4); L800(prec=0.5000, rec=0.6818, n=22); NO_L(prec=0.0000, rec=0.0000, n=4)
2026-04-08 14:49:35,733 - INFO - [Epoch 60/300] train_loss=0.167792, loss_label_inv=2.158741, loss_entropy=0.097583, loss_total=0.169744, grl=0.7616, lr=0.00009055, epoch_time=00:00:47, eta=02:54:41, test_loss=2.213381, test_acc=0.7313
2026-04-08 14:53:13,314 - INFO - [Eval @ Epoch 65/300] test_loss=0.445079, test_acc=0.8191
2026-04-08 14:53:13,314 - INFO - [Eval Per-Class] L0(prec=0.9981, rec=0.9938, n=1617); L120(prec=0.7392, rec=1.0000, n=3220); L1800(prec=1.0000, rec=0.2944, n=1610); L320(prec=0.0000, rec=0.0000, n=4); L330(prec=0.1500, rec=0.2143, n=14); L75(prec=0.0000, rec=0.0000, n=4); L800(prec=0.4706, rec=0.7273, n=22); NO_L(prec=0.0000, rec=0.0000, n=4)
2026-04-08 14:56:50,705 - INFO - [Eval @ Epoch 70/300] test_loss=0.128869, test_acc=0.9517
2026-04-08 14:56:50,705 - INFO - [Eval Per-Class] L0(prec=0.9975, rec=0.9951, n=1617); L120(prec=0.9412, rec=0.9745, n=3220); L1800(prec=0.9452, rec=0.8783, n=1610); L320(prec=0.0000, rec=0.0000, n=4); L330(prec=0.2000, rec=0.2143, n=14); L75(prec=0.0000, rec=0.0000, n=4); L800(prec=0.4545, rec=0.6818, n=22); NO_L(prec=1.0000, rec=0.5000, n=4)
2026-04-08 14:56:50,705 - INFO - [Epoch 70/300] train_loss=0.149759, loss_label_inv=2.167271, loss_entropy=0.089825, loss_total=0.151555, grl=0.8232, lr=0.00008729, epoch_time=00:00:47, eta=02:47:18, test_loss=0.128869, test_acc=0.9517
2026-04-08 15:00:27,790 - INFO - [Eval @ Epoch 75/300] test_loss=1.855030, test_acc=0.7515
2026-04-08 15:00:27,790 - INFO - [Eval Per-Class] L0(prec=0.9975, rec=0.9963, n=1617); L120(prec=0.6710, rec=0.9997, n=3220); L1800(prec=0.9429, rec=0.0205, n=1610); L320(prec=0.0000, rec=0.0000, n=4); L330(prec=0.2632, rec=0.3571, n=14); L75(prec=0.0000, rec=0.0000, n=4); L800(prec=0.5217, rec=0.5455, n=22); NO_L(prec=0.3333, rec=0.2500, n=4)
2026-04-08 15:04:23,727 - INFO - [Eval @ Epoch 80/300] test_loss=1.674357, test_acc=0.7186
2026-04-08 15:04:23,728 - INFO - [Eval Per-Class] L0(prec=0.9988, rec=0.9951, n=1617); L120(prec=1.0000, rec=0.4441, n=3220); L1800(prec=0.4735, rec=1.0000, n=1610); L320(prec=0.0000, rec=0.0000, n=4); L330(prec=0.2083, rec=0.3571, n=14); L75(prec=0.0000, rec=0.0000, n=4); L800(prec=0.4762, rec=0.4545, n=22); NO_L(prec=0.3333, rec=0.7500, n=4)
2026-04-08 15:04:23,728 - INFO - [Epoch 80/300] train_loss=0.122700, loss_label_inv=2.211952, loss_entropy=0.036553, loss_total=0.123431, grl=0.8701, lr=0.00008362, epoch_time=00:01:05, eta=02:40:47, test_loss=1.674357, test_acc=0.7186
2026-04-08 15:10:33,445 - INFO - [Eval @ Epoch 85/300] test_loss=10.105131, test_acc=0.3654
2026-04-08 15:10:33,445 - INFO - [Eval Per-Class] L0(prec=0.3732, rec=0.9938, n=1617); L120(prec=0.3493, rec=0.2314, n=3220); L1800(prec=0.0000, rec=0.0000, n=1610); L320(prec=0.0000, rec=0.0000, n=4); L330(prec=0.2222, rec=0.2857, n=14); L75(prec=0.0000, rec=0.0000, n=4); L800(prec=0.4474, rec=0.7727, n=22); NO_L(prec=0.0000, rec=0.0000, n=4)
2026-04-08 15:16:42,300 - INFO - [Eval @ Epoch 90/300] test_loss=0.432049, test_acc=0.8736
2026-04-08 15:16:42,300 - INFO - [Eval Per-Class] L0(prec=0.9975, rec=0.9969, n=1617); L120(prec=0.8035, rec=0.9994, n=3220); L1800(prec=0.9964, rec=0.5112, n=1610); L320(prec=0.0000, rec=0.0000, n=4); L330(prec=0.4211, rec=0.5714, n=14); L75(prec=0.0000, rec=0.0000, n=4); L800(prec=0.5000, rec=0.5909, n=22); NO_L(prec=0.0000, rec=0.0000, n=4)
2026-04-08 15:16:42,301 - INFO - [Epoch 90/300] train_loss=0.110243, loss_label_inv=2.216223, loss_entropy=0.024758, loss_total=0.110738, grl=0.9051, lr=0.00007960, epoch_time=00:01:20, eta=02:45:09, test_loss=0.432049, test_acc=0.8736
2026-04-08 15:21:03,251 - INFO - [Eval @ Epoch 95/300] test_loss=4.505207, test_acc=0.7466
2026-04-08 15:21:03,251 - INFO - [Eval Per-Class] L0(prec=0.9981, rec=0.9951, n=1617); L120(prec=0.6669, rec=1.0000, n=3220); L1800(prec=1.0000, rec=0.0012, n=1610); L320(prec=0.0000, rec=0.0000, n=4); L330(prec=0.2593, rec=0.5000, n=14); L75(prec=0.0000, rec=0.0000, n=4); L800(prec=0.4783, rec=0.5000, n=22); NO_L(prec=0.0000, rec=0.0000, n=4)
2026-04-08 15:24:42,166 - INFO - [Eval @ Epoch 100/300] test_loss=7.059558, test_acc=0.5238
2026-04-08 15:24:42,167 - INFO - [Eval Per-Class] L0(prec=0.5259, rec=0.9938, n=1617); L120(prec=0.5244, rec=0.5512, n=3220); L1800(prec=0.0000, rec=0.0000, n=1610); L320(prec=0.0000, rec=0.0000, n=4); L330(prec=0.3000, rec=0.2143, n=14); L75(prec=0.0000, rec=0.0000, n=4); L800(prec=0.4706, rec=0.7273, n=22); NO_L(prec=0.1250, rec=0.2500, n=4)
2026-04-08 15:24:42,167 - INFO - [Epoch 100/300] train_loss=0.082613, loss_label_inv=2.243023, loss_entropy=0.019015, loss_total=0.082993, grl=0.9311, lr=0.00007525, epoch_time=00:00:47, eta=02:37:33, test_loss=7.059558, test_acc=0.5238
