nohup: ignoring input
2026-04-07 17:26:51,466 - INFO - Private dataset loaded from: self_data/75_Sta_60_test_dso
2026-04-07 17:26:51,466 - INFO - use_dso=False, signal_length=2048
2026-04-07 17:26:51,466 - INFO - num_classes=8, class_names=['L0', 'L120', 'L1800', 'L320', 'L330', 'L75', 'L800', 'NO_L']
2026-04-07 17:26:51,466 - INFO - train_samples=25975, test_samples=6495
2026-04-07 17:27:13,086 - INFO - [Eval @ Epoch 1/300] test_loss=0.397538, test_acc=0.8232
2026-04-07 17:27:13,086 - INFO - [Eval Per-Class] L0(prec=0.9969, rec=0.9932, n=1617); L120(prec=0.7678, rec=0.9388, n=3220); L1800(prec=0.7819, rec=0.4342, n=1610); L320(prec=0.0000, rec=0.0000, n=4); L330(prec=0.2500, rec=0.2857, n=14); L75(prec=0.0000, rec=0.0000, n=4); L800(prec=0.4054, rec=0.6818, n=22); NO_L(prec=0.0000, rec=0.0000, n=4)
2026-04-07 17:27:13,086 - INFO - [Epoch 1/300] train_loss=0.723479, loss_label_inv=2.230066, loss_entropy=0.000000, loss_total=0.723479, grl=0.0166, lr=0.00010000, epoch_time=00:00:21, eta=01:45:37, test_loss=0.397538, test_acc=0.8232
2026-04-07 17:28:25,919 - INFO - [Eval @ Epoch 5/300] test_loss=0.262065, test_acc=0.8778
2026-04-07 17:28:25,920 - INFO - [Eval Per-Class] L0(prec=0.9981, rec=0.9951, n=1617); L120(prec=0.8949, rec=0.8671, n=3220); L1800(prec=0.7497, rec=0.7963, n=1610); L320(prec=0.0000, rec=0.0000, n=4); L330(prec=0.2727, rec=0.8571, n=14); L75(prec=0.0000, rec=0.0000, n=4); L800(prec=0.6667, rec=0.2727, n=22); NO_L(prec=0.0000, rec=0.0000, n=4)
2026-04-07 17:29:58,118 - INFO - [Eval @ Epoch 10/300] test_loss=0.231430, test_acc=0.8911
2026-04-07 17:29:58,118 - INFO - [Eval Per-Class] L0(prec=0.9981, rec=0.9951, n=1617); L120(prec=0.9144, rec=0.8727, n=3220); L1800(prec=0.7666, rec=0.8366, n=1610); L320(prec=0.0000, rec=0.0000, n=4); L330(prec=0.0000, rec=0.0000, n=14); L75(prec=0.0000, rec=0.0000, n=4); L800(prec=0.4151, rec=1.0000, n=22); NO_L(prec=0.0000, rec=0.0000, n=4)
2026-04-07 17:29:58,118 - INFO - [Epoch 10/300] train_loss=0.348380, loss_label_inv=2.404790, loss_entropy=0.000000, loss_total=0.348380, grl=0.1651, lr=0.00009973, epoch_time=00:00:20, eta=01:30:00, test_loss=0.231430, test_acc=0.8911
2026-04-07 17:31:28,929 - INFO - [Eval @ Epoch 15/300] test_loss=0.319216, test_acc=0.8414
2026-04-07 17:31:28,929 - INFO - [Eval Per-Class] L0(prec=0.9988, rec=0.9944, n=1617); L120(prec=0.9852, rec=0.7016, n=3220); L1800(prec=0.6212, rec=0.9789, n=1610); L320(prec=0.0000, rec=0.0000, n=4); L330(prec=0.0000, rec=0.0000, n=14); L75(prec=0.0000, rec=0.0000, n=4); L800(prec=0.4000, rec=1.0000, n=22); NO_L(prec=0.0000, rec=0.0000, n=4)
2026-04-07 17:33:04,471 - INFO - [Eval @ Epoch 20/300] test_loss=0.523123, test_acc=0.8051
2026-04-07 17:33:04,472 - INFO - [Eval Per-Class] L0(prec=0.9975, rec=0.9951, n=1617); L120(prec=0.9985, rec=0.6183, n=3220); L1800(prec=0.5666, rec=0.9981, n=1610); L320(prec=0.0000, rec=0.0000, n=4); L330(prec=0.3214, rec=0.6429, n=14); L75(prec=0.0000, rec=0.0000, n=4); L800(prec=0.5417, rec=0.5909, n=22); NO_L(prec=0.0000, rec=0.0000, n=4)
2026-04-07 17:33:04,472 - INFO - [Epoch 20/300] train_loss=0.261377, loss_label_inv=2.343120, loss_entropy=0.000000, loss_total=0.261377, grl=0.3215, lr=0.00009892, epoch_time=00:00:20, eta=01:26:56, test_loss=0.523123, test_acc=0.8051
2026-04-07 17:34:40,234 - INFO - [Eval @ Epoch 25/300] test_loss=0.904544, test_acc=0.7698
2026-04-07 17:34:40,234 - INFO - [Eval Per-Class] L0(prec=0.9975, rec=0.9957, n=1617); L120(prec=0.6882, rec=1.0000, n=3220); L1800(prec=1.0000, rec=0.0938, n=1610); L320(prec=0.0000, rec=0.0000, n=4); L330(prec=0.2500, rec=0.3571, n=14); L75(prec=0.0000, rec=0.0000, n=4); L800(prec=0.4516, rec=0.6364, n=22); NO_L(prec=0.0000, rec=0.0000, n=4)
2026-04-07 17:36:13,815 - INFO - [Eval @ Epoch 30/300] test_loss=0.235448, test_acc=0.8975
2026-04-07 17:36:13,815 - INFO - [Eval Per-Class] L0(prec=0.9975, rec=0.9938, n=1617); L120(prec=0.9765, rec=0.8245, n=3220); L1800(prec=0.7324, rec=0.9602, n=1610); L320(prec=0.0000, rec=0.0000, n=4); L330(prec=0.3333, rec=0.2143, n=14); L75(prec=0.0000, rec=0.0000, n=4); L800(prec=0.4000, rec=0.8182, n=22); NO_L(prec=0.0000, rec=0.0000, n=4)
2026-04-07 17:36:13,815 - INFO - [Epoch 30/300] train_loss=0.196695, loss_label_inv=2.277130, loss_entropy=0.000000, loss_total=0.196695, grl=0.4621, lr=0.00009758, epoch_time=00:00:19, eta=01:24:17, test_loss=0.235448, test_acc=0.8975
2026-04-07 17:37:50,648 - INFO - [Eval @ Epoch 35/300] test_loss=0.473986, test_acc=0.8156
2026-04-07 17:37:50,648 - INFO - [Eval Per-Class] L0(prec=0.9975, rec=0.9944, n=1617); L120(prec=0.9957, rec=0.6416, n=3220); L1800(prec=0.5811, rec=0.9944, n=1610); L320(prec=0.0000, rec=0.0000, n=4); L330(prec=0.2857, rec=0.2857, n=14); L75(prec=0.0000, rec=0.0000, n=4); L800(prec=0.4737, rec=0.8182, n=22); NO_L(prec=0.0000, rec=0.0000, n=4)
2026-04-07 17:39:21,004 - INFO - [Eval @ Epoch 40/300] test_loss=0.223730, test_acc=0.8981
2026-04-07 17:39:21,005 - INFO - [Eval Per-Class] L0(prec=0.9969, rec=0.9951, n=1617); L120(prec=0.8379, rec=0.9981, n=3220); L1800(prec=0.9940, rec=0.6137, n=1610); L320(prec=0.0000, rec=0.0000, n=4); L330(prec=0.3571, rec=0.3571, n=14); L75(prec=0.0000, rec=0.0000, n=4); L800(prec=0.4595, rec=0.7727, n=22); NO_L(prec=0.0000, rec=0.0000, n=4)
2026-04-07 17:39:21,005 - INFO - [Epoch 40/300] train_loss=0.194136, loss_label_inv=2.228042, loss_entropy=0.000000, loss_total=0.194136, grl=0.5828, lr=0.00009572, epoch_time=00:00:18, eta=01:21:09, test_loss=0.223730, test_acc=0.8981
2026-04-07 17:40:55,942 - INFO - [Eval @ Epoch 45/300] test_loss=0.214060, test_acc=0.9065
2026-04-07 17:40:55,943 - INFO - [Eval Per-Class] L0(prec=0.9957, rec=0.9969, n=1617); L120(prec=0.8502, rec=0.9960, n=3220); L1800(prec=0.9877, rec=0.6491, n=1610); L320(prec=0.0000, rec=0.0000, n=4); L330(prec=0.4000, rec=0.7143, n=14); L75(prec=0.0000, rec=0.0000, n=4); L800(prec=0.6667, rec=0.6364, n=22); NO_L(prec=0.0000, rec=0.0000, n=4)
2026-04-07 17:42:28,296 - INFO - [Eval @ Epoch 50/300] test_loss=0.527699, test_acc=0.7932
2026-04-07 17:42:28,296 - INFO - [Eval Per-Class] L0(prec=0.9975, rec=0.9944, n=1617); L120(prec=0.7107, rec=1.0000, n=3220); L1800(prec=1.0000, rec=0.1857, n=1610); L320(prec=0.0000, rec=0.0000, n=4); L330(prec=0.4118, rec=0.5000, n=14); L75(prec=0.0000, rec=0.0000, n=4); L800(prec=0.5294, rec=0.8182, n=22); NO_L(prec=0.0000, rec=0.0000, n=4)
2026-04-07 17:42:28,296 - INFO - [Epoch 50/300] train_loss=0.164786, loss_label_inv=2.118330, loss_entropy=0.000000, loss_total=0.164786, grl=0.6822, lr=0.00009337, epoch_time=00:00:19, eta=01:18:02, test_loss=0.527699, test_acc=0.7932
2026-04-07 17:44:02,268 - INFO - [Eval @ Epoch 55/300] test_loss=1.095381, test_acc=0.7747
2026-04-07 17:44:02,268 - INFO - [Eval Per-Class] L0(prec=0.9975, rec=0.9944, n=1617); L120(prec=1.0000, rec=0.5556, n=3220); L1800(prec=0.5294, rec=1.0000, n=1610); L320(prec=0.0000, rec=0.0000, n=4); L330(prec=0.3214, rec=0.6429, n=14); L75(prec=0.0000, rec=0.0000, n=4); L800(prec=0.6667, rec=0.7273, n=22); NO_L(prec=0.0000, rec=0.0000, n=4)
2026-04-07 17:45:36,133 - INFO - [Eval @ Epoch 60/300] test_loss=0.701148, test_acc=0.8202
2026-04-07 17:45:36,133 - INFO - [Eval Per-Class] L0(prec=0.9969, rec=0.9938, n=1617); L120(prec=0.7392, rec=1.0000, n=3220); L1800(prec=1.0000, rec=0.2950, n=1610); L320(prec=0.0000, rec=0.0000, n=4); L330(prec=0.4211, rec=0.5714, n=14); L75(prec=0.2500, rec=0.2500, n=4); L800(prec=0.5714, rec=0.7273, n=22); NO_L(prec=0.0000, rec=0.0000, n=4)
2026-04-07 17:45:36,133 - INFO - [Epoch 60/300] train_loss=0.111490, loss_label_inv=2.136664, loss_entropy=0.000000, loss_total=0.111490, grl=0.7616, lr=0.00009055, epoch_time=00:00:19, eta=01:14:56, test_loss=0.701148, test_acc=0.8202
2026-04-07 17:47:11,356 - INFO - [Eval @ Epoch 65/300] test_loss=0.279830, test_acc=0.9116
2026-04-07 17:47:11,357 - INFO - [Eval Per-Class] L0(prec=0.9988, rec=0.9938, n=1617); L120(prec=0.9993, rec=0.8320, n=3220); L1800(prec=0.7484, rec=0.9994, n=1610); L320(prec=0.0000, rec=0.0000, n=4); L330(prec=0.3889, rec=0.5000, n=14); L75(prec=0.3333, rec=0.5000, n=4); L800(prec=0.5667, rec=0.7727, n=22); NO_L(prec=0.0000, rec=0.0000, n=4)
2026-04-07 17:48:46,064 - INFO - [Eval @ Epoch 70/300] test_loss=0.297126, test_acc=0.9175
2026-04-07 17:48:46,064 - INFO - [Eval Per-Class] L0(prec=0.9969, rec=0.9932, n=1617); L120(prec=0.8669, rec=0.9975, n=3220); L1800(prec=0.9929, rec=0.6944, n=1610); L320(prec=0.0000, rec=0.0000, n=4); L330(prec=0.3750, rec=0.8571, n=14); L75(prec=0.0000, rec=0.0000, n=4); L800(prec=0.7333, rec=0.5000, n=22); NO_L(prec=0.0000, rec=0.0000, n=4)
2026-04-07 17:48:46,065 - INFO - [Epoch 70/300] train_loss=0.070980, loss_label_inv=2.130718, loss_entropy=0.000000, loss_total=0.070980, grl=0.8232, lr=0.00008729, epoch_time=00:00:19, eta=01:11:58, test_loss=0.297126, test_acc=0.9175
2026-04-07 17:50:17,373 - INFO - [Eval @ Epoch 75/300] test_loss=0.780914, test_acc=0.8362
2026-04-07 17:50:17,373 - INFO - [Eval Per-Class] L0(prec=0.9975, rec=0.9938, n=1617); L120(prec=0.9991, rec=0.6804, n=3220); L1800(prec=0.6101, rec=1.0000, n=1610); L320(prec=0.0000, rec=0.0000, n=4); L330(prec=0.4000, rec=0.5714, n=14); L75(prec=0.0000, rec=0.0000, n=4); L800(prec=0.6000, rec=0.6818, n=22); NO_L(prec=0.0000, rec=0.0000, n=4)
2026-04-07 17:52:04,333 - INFO - [Eval @ Epoch 80/300] test_loss=0.191563, test_acc=0.9369
2026-04-07 17:52:04,333 - INFO - [Eval Per-Class] L0(prec=0.9926, rec=0.9988, n=1617); L120(prec=0.8958, rec=0.9988, n=3220); L1800(prec=0.9968, rec=0.7677, n=1610); L320(prec=0.0000, rec=0.0000, n=4); L330(prec=0.3750, rec=0.6429, n=14); L75(prec=0.0000, rec=0.0000, n=4); L800(prec=0.8182, rec=0.4091, n=22); NO_L(prec=0.0000, rec=0.0000, n=4)
2026-04-07 17:52:04,333 - INFO - [Epoch 80/300] train_loss=0.072985, loss_label_inv=2.093951, loss_entropy=0.000000, loss_total=0.072985, grl=0.8701, lr=0.00008362, epoch_time=00:00:23, eta=01:09:19, test_loss=0.191563, test_acc=0.9369
2026-04-07 17:53:48,290 - INFO - [Eval @ Epoch 85/300] test_loss=0.080763, test_acc=0.9718
2026-04-07 17:53:48,290 - INFO - [Eval Per-Class] L0(prec=0.9951, rec=0.9951, n=1617); L120(prec=0.9990, rec=0.9547, n=3220); L1800(prec=0.9168, rec=0.9994, n=1610); L320(prec=0.0000, rec=0.0000, n=4); L330(prec=0.3684, rec=0.5000, n=14); L75(prec=0.0000, rec=0.0000, n=4); L800(prec=0.6500, rec=0.5909, n=22); NO_L(prec=0.0000, rec=0.0000, n=4)
2026-04-07 17:55:29,060 - INFO - [Eval @ Epoch 90/300] test_loss=1.805843, test_acc=0.7754
2026-04-07 17:55:29,060 - INFO - [Eval Per-Class] L0(prec=0.9975, rec=0.9932, n=1617); L120(prec=0.6938, rec=1.0000, n=3220); L1800(prec=1.0000, rec=0.1174, n=1610); L320(prec=0.0000, rec=0.0000, n=4); L330(prec=0.3478, rec=0.5714, n=14); L75(prec=0.2857, rec=0.5000, n=4); L800(prec=0.6471, rec=0.5000, n=22); NO_L(prec=0.0000, rec=0.0000, n=4)
2026-04-07 17:55:29,060 - INFO - [Epoch 90/300] train_loss=0.054369, loss_label_inv=2.088339, loss_entropy=0.000000, loss_total=0.054369, grl=0.9051, lr=0.00007960, epoch_time=00:00:21, eta=01:06:46, test_loss=1.805843, test_acc=0.7754
2026-04-07 17:57:07,299 - INFO - [Eval @ Epoch 95/300] test_loss=1.470540, test_acc=0.7777
2026-04-07 17:57:07,299 - INFO - [Eval Per-Class] L0(prec=0.9969, rec=0.9951, n=1617); L120(prec=0.6950, rec=1.0000, n=3220); L1800(prec=1.0000, rec=0.1230, n=1610); L320(prec=0.0000, rec=0.0000, n=4); L330(prec=0.3333, rec=0.4286, n=14); L75(prec=0.0000, rec=0.0000, n=4); L800(prec=0.6207, rec=0.8182, n=22); NO_L(prec=0.0000, rec=0.0000, n=4)
2026-04-07 17:58:48,817 - INFO - [Eval @ Epoch 100/300] test_loss=0.784022, test_acc=0.8192
2026-04-07 17:58:48,818 - INFO - [Eval Per-Class] L0(prec=0.9963, rec=0.9957, n=1617); L120(prec=0.9995, rec=0.6463, n=3220); L1800(prec=0.5857, rec=1.0000, n=1610); L320(prec=0.0000, rec=0.0000, n=4); L330(prec=0.3846, rec=0.3571, n=14); L75(prec=0.0000, rec=0.0000, n=4); L800(prec=0.6000, rec=0.6818, n=22); NO_L(prec=0.0000, rec=0.0000, n=4)
2026-04-07 17:58:48,818 - INFO - [Epoch 100/300] train_loss=0.051875, loss_label_inv=2.119397, loss_entropy=0.000000, loss_total=0.051875, grl=0.9311, lr=0.00007525, epoch_time=00:00:21, eta=01:03:53, test_loss=0.784022, test_acc=0.8192
2026-04-07 18:00:23,144 - INFO - [Eval @ Epoch 105/300] test_loss=0.112549, test_acc=0.9646
2026-04-07 18:00:23,144 - INFO - [Eval Per-Class] L0(prec=0.9969, rec=0.9944, n=1617); L120(prec=0.9997, rec=0.9401, n=3220); L1800(prec=0.8930, rec=1.0000, n=1610); L320(prec=0.0000, rec=0.0000, n=4); L330(prec=0.3333, rec=0.5000, n=14); L75(prec=0.0000, rec=0.0000, n=4); L800(prec=0.6875, rec=0.5000, n=22); NO_L(prec=0.2500, rec=0.5000, n=4)
2026-04-07 18:01:58,408 - INFO - [Eval @ Epoch 110/300] test_loss=0.608724, test_acc=0.8502
2026-04-07 18:01:58,408 - INFO - [Eval Per-Class] L0(prec=0.9975, rec=0.9932, n=1617); L120(prec=1.0000, rec=0.7099, n=3220); L1800(prec=0.6329, rec=1.0000, n=1610); L320(prec=0.0000, rec=0.0000, n=4); L330(prec=0.2941, rec=0.3571, n=14); L75(prec=0.1429, rec=0.2500, n=4); L800(prec=0.5652, rec=0.5909, n=22); NO_L(prec=0.1429, rec=0.2500, n=4)
2026-04-07 18:01:58,409 - INFO - [Epoch 110/300] train_loss=0.041314, loss_label_inv=2.136953, loss_entropy=0.000000, loss_total=0.041314, grl=0.9501, lr=0.00007063, epoch_time=00:00:19, eta=01:00:38, test_loss=0.608724, test_acc=0.8502
2026-04-07 18:03:36,078 - INFO - [Eval @ Epoch 115/300] test_loss=0.057829, test_acc=0.9851
2026-04-07 18:03:36,078 - INFO - [Eval Per-Class] L0(prec=0.9969, rec=0.9969, n=1617); L120(prec=0.9805, rec=0.9988, n=3220); L1800(prec=0.9974, rec=0.9602, n=1610); L320(prec=0.0000, rec=0.0000, n=4); L330(prec=0.3889, rec=0.5000, n=14); L75(prec=0.0000, rec=0.0000, n=4); L800(prec=0.6818, rec=0.6818, n=22); NO_L(prec=0.4000, rec=0.5000, n=4)
2026-04-07 18:05:11,120 - INFO - [Eval @ Epoch 120/300] test_loss=4.156595, test_acc=0.7473
2026-04-07 18:05:11,120 - INFO - [Eval Per-Class] L0(prec=0.9988, rec=0.9926, n=1617); L120(prec=0.6676, rec=1.0000, n=3220); L1800(prec=1.0000, rec=0.0043, n=1610); L320(prec=0.0000, rec=0.0000, n=4); L330(prec=0.3333, rec=0.4286, n=14); L75(prec=0.1429, rec=0.2500, n=4); L800(prec=0.7647, rec=0.5909, n=22); NO_L(prec=0.1333, rec=0.5000, n=4)
2026-04-07 18:05:11,121 - INFO - [Epoch 120/300] train_loss=0.036551, loss_label_inv=2.155832, loss_entropy=0.000000, loss_total=0.036551, grl=0.9640, lr=0.00006580, epoch_time=00:00:22, eta=00:57:28, test_loss=4.156595, test_acc=0.7473
2026-04-07 18:06:43,463 - INFO - [Eval @ Epoch 125/300] test_loss=0.924594, test_acc=0.8200
2026-04-07 18:06:43,463 - INFO - [Eval Per-Class] L0(prec=0.9981, rec=0.9932, n=1617); L120(prec=0.9995, rec=0.6491, n=3220); L1800(prec=0.5876, rec=1.0000, n=1610); L320(prec=0.0000, rec=0.0000, n=4); L330(prec=0.3333, rec=0.5714, n=14); L75(prec=0.2500, rec=0.2500, n=4); L800(prec=0.6923, rec=0.4091, n=22); NO_L(prec=0.1429, rec=0.5000, n=4)
2026-04-07 18:08:16,341 - INFO - [Eval @ Epoch 130/300] test_loss=2.044214, test_acc=0.7629
2026-04-07 18:08:16,341 - INFO - [Eval Per-Class] L0(prec=0.9969, rec=0.9926, n=1617); L120(prec=0.6818, rec=1.0000, n=3220); L1800(prec=1.0000, rec=0.0665, n=1610); L320(prec=0.0000, rec=0.0000, n=4); L330(prec=0.4211, rec=0.5714, n=14); L75(prec=0.0000, rec=0.0000, n=4); L800(prec=0.6190, rec=0.5909, n=22); NO_L(prec=0.2500, rec=0.5000, n=4)
2026-04-07 18:08:16,341 - INFO - [Epoch 130/300] train_loss=0.037443, loss_label_inv=2.123000, loss_entropy=0.000000, loss_total=0.037443, grl=0.9741, lr=0.00006079, epoch_time=00:00:19, eta=00:54:08, test_loss=2.044214, test_acc=0.7629
2026-04-07 18:09:49,588 - INFO - [Eval @ Epoch 135/300] test_loss=0.271266, test_acc=0.9290
2026-04-07 18:09:49,588 - INFO - [Eval Per-Class] L0(prec=0.9969, rec=0.9938, n=1617); L120(prec=0.9996, rec=0.8686, n=3220); L1800(prec=0.7919, rec=1.0000, n=1610); L320(prec=0.0000, rec=0.0000, n=4); L330(prec=0.3333, rec=0.4286, n=14); L75(prec=0.0000, rec=0.0000, n=4); L800(prec=0.6667, rec=0.5455, n=22); NO_L(prec=0.1667, rec=0.5000, n=4)
2026-04-07 18:11:23,538 - INFO - [Eval @ Epoch 140/300] test_loss=4.454166, test_acc=0.7477
2026-04-07 18:11:23,539 - INFO - [Eval Per-Class] L0(prec=0.9969, rec=0.9926, n=1617); L120(prec=0.6679, rec=1.0000, n=3220); L1800(prec=1.0000, rec=0.0062, n=1610); L320(prec=0.0000, rec=0.0000, n=4); L330(prec=0.3500, rec=0.5000, n=14); L75(prec=0.0000, rec=0.0000, n=4); L800(prec=0.6667, rec=0.5455, n=22); NO_L(prec=0.2000, rec=0.5000, n=4)
2026-04-07 18:11:23,539 - INFO - [Epoch 140/300] train_loss=0.030333, loss_label_inv=2.146867, loss_entropy=0.000000, loss_total=0.030333, grl=0.9814, lr=0.00005567, epoch_time=00:00:19, eta=00:50:53, test_loss=4.454166, test_acc=0.7477
2026-04-07 18:12:55,508 - INFO - [Eval @ Epoch 145/300] test_loss=0.362951, test_acc=0.9107
2026-04-07 18:12:55,508 - INFO - [Eval Per-Class] L0(prec=0.9969, rec=0.9926, n=1617); L120(prec=1.0000, rec=0.8317, n=3220); L1800(prec=0.7481, rec=1.0000, n=1610); L320(prec=0.0000, rec=0.0000, n=4); L330(prec=0.2857, rec=0.2857, n=14); L75(prec=0.0000, rec=0.0000, n=4); L800(prec=0.5517, rec=0.7273, n=22); NO_L(prec=0.3333, rec=0.5000, n=4)
2026-04-07 18:14:29,506 - INFO - [Eval @ Epoch 150/300] test_loss=0.051948, test_acc=0.9912
2026-04-07 18:14:29,507 - INFO - [Eval Per-Class] L0(prec=0.9969, rec=0.9932, n=1617); L120(prec=0.9978, rec=0.9966, n=3220); L1800(prec=0.9932, rec=0.9963, n=1610); L320(prec=0.0000, rec=0.0000, n=4); L330(prec=0.4375, rec=0.5000, n=14); L75(prec=0.0000, rec=0.0000, n=4); L800(prec=0.6471, rec=0.5000, n=22); NO_L(prec=0.0769, rec=0.2500, n=4)
2026-04-07 18:14:29,507 - INFO - [Epoch 150/300] train_loss=0.028274, loss_label_inv=2.112833, loss_entropy=0.000000, loss_total=0.028274, grl=0.9866, lr=0.00005050, epoch_time=00:00:21, eta=00:47:37, test_loss=0.051948, test_acc=0.9912
2026-04-07 18:16:02,189 - INFO - [Eval @ Epoch 155/300] test_loss=1.996695, test_acc=0.7803
2026-04-07 18:16:02,190 - INFO - [Eval Per-Class] L0(prec=0.9969, rec=0.9938, n=1617); L120(prec=0.6983, rec=1.0000, n=3220); L1800(prec=1.0000, rec=0.1360, n=1610); L320(prec=0.0000, rec=0.0000, n=4); L330(prec=0.3889, rec=0.5000, n=14); L75(prec=0.0000, rec=0.0000, n=4); L800(prec=0.6190, rec=0.5909, n=22); NO_L(prec=0.2500, rec=0.5000, n=4)
2026-04-07 18:17:33,771 - INFO - [Eval @ Epoch 160/300] test_loss=0.452466, test_acc=0.8935
2026-04-07 18:17:33,772 - INFO - [Eval Per-Class] L0(prec=0.9975, rec=0.9938, n=1617); L120(prec=1.0000, rec=0.7969, n=3220); L1800(prec=0.7111, rec=1.0000, n=1610); L320(prec=0.0000, rec=0.0000, n=4); L330(prec=0.3125, rec=0.3571, n=14); L75(prec=0.0000, rec=0.0000, n=4); L800(prec=0.6500, rec=0.5909, n=22); NO_L(prec=0.2000, rec=0.5000, n=4)
2026-04-07 18:17:33,772 - INFO - [Epoch 160/300] train_loss=0.024720, loss_label_inv=2.211561, loss_entropy=0.000000, loss_total=0.024720, grl=0.9904, lr=0.00004533, epoch_time=00:00:19, eta=00:44:21, test_loss=0.452466, test_acc=0.8935
2026-04-07 18:19:08,240 - INFO - [Eval @ Epoch 165/300] test_loss=1.060418, test_acc=0.8402
2026-04-07 18:19:08,240 - INFO - [Eval Per-Class] L0(prec=0.9975, rec=0.9926, n=1617); L120(prec=0.7627, rec=1.0000, n=3220); L1800(prec=1.0000, rec=0.3783, n=1610); L320(prec=0.0000, rec=0.0000, n=4); L330(prec=0.4118, rec=0.5000, n=14); L75(prec=0.0000, rec=0.0000, n=4); L800(prec=0.7000, rec=0.6364, n=22); NO_L(prec=0.1818, rec=0.5000, n=4)
2026-04-07 18:20:43,252 - INFO - [Eval @ Epoch 170/300] test_loss=0.055050, test_acc=0.9912
2026-04-07 18:20:43,252 - INFO - [Eval Per-Class] L0(prec=0.9963, rec=0.9932, n=1617); L120(prec=0.9972, rec=0.9975, n=3220); L1800(prec=0.9950, rec=0.9944, n=1610); L320(prec=0.0000, rec=0.0000, n=4); L330(prec=0.4667, rec=0.5000, n=14); L75(prec=0.0000, rec=0.0000, n=4); L800(prec=0.6111, rec=0.5000, n=22); NO_L(prec=0.0909, rec=0.2500, n=4)
2026-04-07 18:20:43,252 - INFO - [Epoch 170/300] train_loss=0.021742, loss_label_inv=2.195772, loss_entropy=0.000000, loss_total=0.021742, grl=0.9931, lr=0.00004021, epoch_time=00:00:19, eta=00:41:11, test_loss=0.055050, test_acc=0.9912
2026-04-07 18:22:13,547 - INFO - [Eval @ Epoch 175/300] test_loss=0.807069, test_acc=0.8379
2026-04-07 18:22:13,547 - INFO - [Eval Per-Class] L0(prec=0.9969, rec=0.9926, n=1617); L120(prec=0.9995, rec=0.6848, n=3220); L1800(prec=0.6133, rec=1.0000, n=1610); L320(prec=0.0000, rec=0.0000, n=4); L330(prec=0.3333, rec=0.4286, n=14); L75(prec=0.0000, rec=0.0000, n=4); L800(prec=0.6250, rec=0.6818, n=22); NO_L(prec=0.2000, rec=0.2500, n=4)
2026-04-07 18:23:50,436 - INFO - [Eval @ Epoch 180/300] test_loss=0.731365, test_acc=0.8493
2026-04-07 18:23:50,437 - INFO - [Eval Per-Class] L0(prec=0.9975, rec=0.9926, n=1617); L120(prec=1.0000, rec=0.7081, n=3220); L1800(prec=0.6314, rec=1.0000, n=1610); L320(prec=0.0000, rec=0.0000, n=4); L330(prec=0.3333, rec=0.4286, n=14); L75(prec=0.0000, rec=0.0000, n=4); L800(prec=0.6190, rec=0.5909, n=22); NO_L(prec=0.2500, rec=0.5000, n=4)
2026-04-07 18:23:50,437 - INFO - [Epoch 180/300] train_loss=0.021315, loss_label_inv=2.221855, loss_entropy=0.000000, loss_total=0.021315, grl=0.9951, lr=0.00003520, epoch_time=00:00:18, eta=00:37:59, test_loss=0.731365, test_acc=0.8493
2026-04-07 18:25:29,382 - INFO - [Eval @ Epoch 185/300] test_loss=0.058294, test_acc=0.9918
2026-04-07 18:25:29,382 - INFO - [Eval Per-Class] L0(prec=0.9969, rec=0.9932, n=1617); L120(prec=0.9991, rec=0.9972, n=3220); L1800(prec=0.9944, rec=0.9981, n=1610); L320(prec=0.0000, rec=0.0000, n=4); L330(prec=0.3750, rec=0.4286, n=14); L75(prec=0.0000, rec=0.0000, n=4); L800(prec=0.6111, rec=0.5000, n=22); NO_L(prec=0.0769, rec=0.2500, n=4)
2026-04-07 18:27:04,792 - INFO - [Eval @ Epoch 190/300] test_loss=0.192224, test_acc=0.9586
2026-04-07 18:27:04,792 - INFO - [Eval Per-Class] L0(prec=0.9969, rec=0.9932, n=1617); L120(prec=0.9333, rec=0.9994, n=3220); L1800(prec=0.9986, rec=0.8571, n=1610); L320(prec=0.0000, rec=0.0000, n=4); L330(prec=0.4000, rec=0.4286, n=14); L75(prec=0.0000, rec=0.0000, n=4); L800(prec=0.6364, rec=0.6364, n=22); NO_L(prec=0.1667, rec=0.5000, n=4)
2026-04-07 18:27:04,792 - INFO - [Epoch 190/300] train_loss=0.017417, loss_label_inv=2.237229, loss_entropy=0.000000, loss_total=0.017417, grl=0.9965, lr=0.00003037, epoch_time=00:00:20, eta=00:34:51, test_loss=0.192224, test_acc=0.9586
2026-04-07 18:28:41,714 - INFO - [Eval @ Epoch 195/300] test_loss=0.066772, test_acc=0.9891
2026-04-07 18:28:41,714 - INFO - [Eval Per-Class] L0(prec=0.9969, rec=0.9926, n=1617); L120(prec=0.9917, rec=0.9984, n=3220); L1800(prec=0.9969, rec=0.9832, n=1610); L320(prec=0.0000, rec=0.0000, n=4); L330(prec=0.3529, rec=0.4286, n=14); L75(prec=0.0000, rec=0.0000, n=4); L800(prec=0.6667, rec=0.6364, n=22); NO_L(prec=0.1250, rec=0.2500, n=4)
2026-04-07 18:30:18,874 - INFO - [Eval @ Epoch 200/300] test_loss=0.823775, test_acc=0.8397
2026-04-07 18:30:18,874 - INFO - [Eval Per-Class] L0(prec=0.9969, rec=0.9926, n=1617); L120(prec=0.9996, rec=0.6901, n=3220); L1800(prec=0.6173, rec=1.0000, n=1610); L320(prec=0.0000, rec=0.0000, n=4); L330(prec=0.3333, rec=0.4286, n=14); L75(prec=0.0000, rec=0.0000, n=4); L800(prec=0.5882, rec=0.4545, n=22); NO_L(prec=0.0909, rec=0.2500, n=4)
2026-04-07 18:30:18,874 - INFO - [Epoch 200/300] train_loss=0.018839, loss_label_inv=2.268833, loss_entropy=0.000000, loss_total=0.018839, grl=0.9975, lr=0.00002575, epoch_time=00:00:18, eta=00:31:43, test_loss=0.823775, test_acc=0.8397
2026-04-07 18:31:53,673 - INFO - [Eval @ Epoch 205/300] test_loss=0.065890, test_acc=0.9906
2026-04-07 18:31:53,673 - INFO - [Eval Per-Class] L0(prec=0.9975, rec=0.9926, n=1617); L120(prec=0.9960, rec=0.9978, n=3220); L1800(prec=0.9956, rec=0.9919, n=1610); L320(prec=0.0000, rec=0.0000, n=4); L330(prec=0.3750, rec=0.4286, n=14); L75(prec=0.0000, rec=0.0000, n=4); L800(prec=0.6000, rec=0.5455, n=22); NO_L(prec=0.1000, rec=0.2500, n=4)
2026-04-07 18:33:30,589 - INFO - [Eval @ Epoch 210/300] test_loss=0.061610, test_acc=0.9914
2026-04-07 18:33:30,590 - INFO - [Eval Per-Class] L0(prec=0.9969, rec=0.9926, n=1617); L120(prec=0.9984, rec=0.9963, n=3220); L1800(prec=0.9926, rec=0.9975, n=1610); L320(prec=0.0000, rec=0.0000, n=4); L330(prec=0.3750, rec=0.4286, n=14); L75(prec=0.0000, rec=0.0000, n=4); L800(prec=0.6500, rec=0.5909, n=22); NO_L(prec=0.1111, rec=0.2500, n=4)
2026-04-07 18:33:30,590 - INFO - [Epoch 210/300] train_loss=0.015477, loss_label_inv=2.276049, loss_entropy=0.000000, loss_total=0.015477, grl=0.9982, lr=0.00002140, epoch_time=00:00:19, eta=00:28:33, test_loss=0.061610, test_acc=0.9914
2026-04-07 18:35:09,351 - INFO - [Eval @ Epoch 215/300] test_loss=0.064280, test_acc=0.9917
2026-04-07 18:35:09,352 - INFO - [Eval Per-Class] L0(prec=0.9975, rec=0.9926, n=1617); L120(prec=0.9991, rec=0.9966, n=3220); L1800(prec=0.9932, rec=0.9988, n=1610); L320(prec=0.0000, rec=0.0000, n=4); L330(prec=0.3333, rec=0.4286, n=14); L75(prec=0.0000, rec=0.0000, n=4); L800(prec=0.6316, rec=0.5455, n=22); NO_L(prec=0.1111, rec=0.2500, n=4)
2026-04-07 18:36:45,447 - INFO - [Eval @ Epoch 220/300] test_loss=0.065195, test_acc=0.9917
2026-04-07 18:36:45,448 - INFO - [Eval Per-Class] L0(prec=0.9975, rec=0.9926, n=1617); L120(prec=0.9991, rec=0.9966, n=3220); L1800(prec=0.9932, rec=0.9988, n=1610); L320(prec=0.0000, rec=0.0000, n=4); L330(prec=0.3158, rec=0.4286, n=14); L75(prec=0.0000, rec=0.0000, n=4); L800(prec=0.6316, rec=0.5455, n=22); NO_L(prec=0.1250, rec=0.2500, n=4)
2026-04-07 18:36:45,448 - INFO - [Epoch 220/300] train_loss=0.013701, loss_label_inv=2.281854, loss_entropy=0.000000, loss_total=0.013701, grl=0.9987, lr=0.00001738, epoch_time=00:00:20, eta=00:25:24, test_loss=0.065195, test_acc=0.9917
2026-04-07 18:38:13,645 - INFO - [Eval @ Epoch 225/300] test_loss=0.265607, test_acc=0.9509
2026-04-07 18:38:13,645 - INFO - [Eval Per-Class] L0(prec=0.9975, rec=0.9926, n=1617); L120(prec=0.9203, rec=1.0000, n=3220); L1800(prec=1.0000, rec=0.8273, n=1610); L320(prec=0.0000, rec=0.0000, n=4); L330(prec=0.3529, rec=0.4286, n=14); L75(prec=0.0000, rec=0.0000, n=4); L800(prec=0.6316, rec=0.5455, n=22); NO_L(prec=0.1000, rec=0.2500, n=4)
2026-04-07 18:39:45,883 - INFO - [Eval @ Epoch 230/300] test_loss=0.855424, test_acc=0.8594
2026-04-07 18:39:45,883 - INFO - [Eval Per-Class] L0(prec=0.9975, rec=0.9926, n=1617); L120(prec=0.9996, rec=0.7295, n=3220); L1800(prec=0.6489, rec=1.0000, n=1610); L320(prec=0.0000, rec=0.0000, n=4); L330(prec=0.3158, rec=0.4286, n=14); L75(prec=0.0000, rec=0.0000, n=4); L800(prec=0.6111, rec=0.5000, n=22); NO_L(prec=0.1111, rec=0.2500, n=4)
2026-04-07 18:39:45,883 - INFO - [Epoch 230/300] train_loss=0.010497, loss_label_inv=2.279329, loss_entropy=0.000000, loss_total=0.010497, grl=0.9991, lr=0.00001371, epoch_time=00:00:19, eta=00:22:11, test_loss=0.855424, test_acc=0.8594
2026-04-07 18:41:18,926 - INFO - [Eval @ Epoch 235/300] test_loss=0.073877, test_acc=0.9911
2026-04-07 18:41:18,926 - INFO - [Eval Per-Class] L0(prec=0.9975, rec=0.9926, n=1617); L120(prec=0.9957, rec=0.9988, n=3220); L1800(prec=0.9975, rec=0.9919, n=1610); L320(prec=0.0000, rec=0.0000, n=4); L330(prec=0.3333, rec=0.4286, n=14); L75(prec=0.0000, rec=0.0000, n=4); L800(prec=0.6316, rec=0.5455, n=22); NO_L(prec=0.1111, rec=0.2500, n=4)
2026-04-07 18:42:46,082 - INFO - [Eval @ Epoch 240/300] test_loss=0.091702, test_acc=0.9869
2026-04-07 18:42:46,083 - INFO - [Eval Per-Class] L0(prec=0.9975, rec=0.9926, n=1617); L120(prec=0.9994, rec=0.9870, n=3220); L1800(prec=0.9746, rec=0.9994, n=1610); L320(prec=0.0000, rec=0.0000, n=4); L330(prec=0.3333, rec=0.4286, n=14); L75(prec=0.0000, rec=0.0000, n=4); L800(prec=0.6111, rec=0.5000, n=22); NO_L(prec=0.1000, rec=0.2500, n=4)
2026-04-07 18:42:46,092 - INFO - [Epoch 240/300] train_loss=0.011302, loss_label_inv=2.279472, loss_entropy=0.000000, loss_total=0.011302, grl=0.9993, lr=0.00001045, epoch_time=00:00:17, eta=00:18:58, test_loss=0.091702, test_acc=0.9869
2026-04-07 18:44:14,368 - INFO - [Eval @ Epoch 245/300] test_loss=0.074090, test_acc=0.9915
2026-04-07 18:44:14,368 - INFO - [Eval Per-Class] L0(prec=0.9975, rec=0.9926, n=1617); L120(prec=0.9972, rec=0.9984, n=3220); L1800(prec=0.9969, rec=0.9950, n=1610); L320(prec=0.0000, rec=0.0000, n=4); L330(prec=0.3333, rec=0.4286, n=14); L75(prec=0.0000, rec=0.0000, n=4); L800(prec=0.6111, rec=0.5000, n=22); NO_L(prec=0.1000, rec=0.2500, n=4)
2026-04-07 18:45:45,005 - INFO - [Eval @ Epoch 250/300] test_loss=0.075632, test_acc=0.9914
2026-04-07 18:45:45,006 - INFO - [Eval Per-Class] L0(prec=0.9975, rec=0.9926, n=1617); L120(prec=0.9991, rec=0.9963, n=3220); L1800(prec=0.9926, rec=0.9988, n=1610); L320(prec=0.0000, rec=0.0000, n=4); L330(prec=0.3333, rec=0.4286, n=14); L75(prec=0.0000, rec=0.0000, n=4); L800(prec=0.6111, rec=0.5000, n=22); NO_L(prec=0.1000, rec=0.2500, n=4)
2026-04-07 18:45:45,175 - INFO - [Epoch 250/300] train_loss=0.010152, loss_label_inv=2.288445, loss_entropy=0.000000, loss_total=0.010152, grl=0.9995, lr=0.00000763, epoch_time=00:00:19, eta=00:15:46, test_loss=0.075632, test_acc=0.9914
2026-04-07 18:47:16,929 - INFO - [Eval @ Epoch 255/300] test_loss=0.074893, test_acc=0.9920
2026-04-07 18:47:16,930 - INFO - [Eval Per-Class] L0(prec=0.9975, rec=0.9926, n=1617); L120(prec=0.9991, rec=0.9975, n=3220); L1800(prec=0.9950, rec=0.9988, n=1610); L320(prec=0.0000, rec=0.0000, n=4); L330(prec=0.3333, rec=0.4286, n=14); L75(prec=0.0000, rec=0.0000, n=4); L800(prec=0.6111, rec=0.5000, n=22); NO_L(prec=0.1000, rec=0.2500, n=4)
2026-04-07 18:48:49,460 - INFO - [Eval @ Epoch 260/300] test_loss=0.075078, test_acc=0.9920
2026-04-07 18:48:49,461 - INFO - [Eval Per-Class] L0(prec=0.9975, rec=0.9926, n=1617); L120(prec=0.9988, rec=0.9978, n=3220); L1800(prec=0.9957, rec=0.9981, n=1610); L320(prec=0.0000, rec=0.0000, n=4); L330(prec=0.3500, rec=0.5000, n=14); L75(prec=0.0000, rec=0.0000, n=4); L800(prec=0.6250, rec=0.4545, n=22); NO_L(prec=0.1000, rec=0.2500, n=4)
2026-04-07 18:48:49,461 - INFO - [Epoch 260/300] train_loss=0.008563, loss_label_inv=2.309490, loss_entropy=0.000000, loss_total=0.008563, grl=0.9997, lr=0.00000528, epoch_time=00:00:20, eta=00:12:36, test_loss=0.075078, test_acc=0.9920
2026-04-07 18:50:18,089 - INFO - [Eval @ Epoch 265/300] test_loss=0.077215, test_acc=0.9918
2026-04-07 18:50:18,089 - INFO - [Eval Per-Class] L0(prec=0.9975, rec=0.9926, n=1617); L120(prec=0.9984, rec=0.9981, n=3220); L1800(prec=0.9963, rec=0.9975, n=1610); L320(prec=0.0000, rec=0.0000, n=4); L330(prec=0.3158, rec=0.4286, n=14); L75(prec=0.0000, rec=0.0000, n=4); L800(prec=0.5882, rec=0.4545, n=22); NO_L(prec=0.1000, rec=0.2500, n=4)
2026-04-07 18:51:50,380 - INFO - [Eval @ Epoch 270/300] test_loss=0.082796, test_acc=0.9912
2026-04-07 18:51:50,381 - INFO - [Eval Per-Class] L0(prec=0.9975, rec=0.9926, n=1617); L120(prec=0.9969, rec=0.9984, n=3220); L1800(prec=0.9969, rec=0.9944, n=1610); L320(prec=0.0000, rec=0.0000, n=4); L330(prec=0.3158, rec=0.4286, n=14); L75(prec=0.0000, rec=0.0000, n=4); L800(prec=0.6250, rec=0.4545, n=22); NO_L(prec=0.1000, rec=0.2500, n=4)
2026-04-07 18:51:50,381 - INFO - [Epoch 270/300] train_loss=0.005518, loss_label_inv=2.301128, loss_entropy=0.000000, loss_total=0.005518, grl=0.9998, lr=0.00000342, epoch_time=00:00:18, eta=00:09:26, test_loss=0.082796, test_acc=0.9912
2026-04-07 18:53:25,333 - INFO - [Eval @ Epoch 275/300] test_loss=0.088610, test_acc=0.9900
2026-04-07 18:53:25,333 - INFO - [Eval Per-Class] L0(prec=0.9975, rec=0.9926, n=1617); L120(prec=0.9941, rec=0.9988, n=3220); L1800(prec=0.9975, rec=0.9888, n=1610); L320(prec=0.0000, rec=0.0000, n=4); L330(prec=0.3158, rec=0.4286, n=14); L75(prec=0.0000, rec=0.0000, n=4); L800(prec=0.5882, rec=0.4545, n=22); NO_L(prec=0.1000, rec=0.2500, n=4)
2026-04-07 18:54:54,510 - INFO - [Eval @ Epoch 280/300] test_loss=0.080906, test_acc=0.9912
2026-04-07 18:54:54,510 - INFO - [Eval Per-Class] L0(prec=0.9975, rec=0.9926, n=1617); L120(prec=0.9978, rec=0.9975, n=3220); L1800(prec=0.9950, rec=0.9963, n=1610); L320(prec=0.0000, rec=0.0000, n=4); L330(prec=0.3158, rec=0.4286, n=14); L75(prec=0.0000, rec=0.0000, n=4); L800(prec=0.5882, rec=0.4545, n=22); NO_L(prec=0.1000, rec=0.2500, n=4)
2026-04-07 18:54:54,510 - INFO - [Epoch 280/300] train_loss=0.003916, loss_label_inv=2.319716, loss_entropy=0.000000, loss_total=0.003916, grl=0.9998, lr=0.00000208, epoch_time=00:00:19, eta=00:06:17, test_loss=0.080906, test_acc=0.9912
2026-04-07 18:56:26,629 - INFO - [Eval @ Epoch 285/300] test_loss=0.081334, test_acc=0.9917
2026-04-07 18:56:26,629 - INFO - [Eval Per-Class] L0(prec=0.9975, rec=0.9926, n=1617); L120(prec=0.9994, rec=0.9969, n=3220); L1800(prec=0.9938, rec=0.9994, n=1610); L320(prec=0.0000, rec=0.0000, n=4); L330(prec=0.3158, rec=0.4286, n=14); L75(prec=0.0000, rec=0.0000, n=4); L800(prec=0.5882, rec=0.4545, n=22); NO_L(prec=0.1000, rec=0.2500, n=4)
2026-04-07 18:57:59,391 - INFO - [Eval @ Epoch 290/300] test_loss=0.080645, test_acc=0.9920
2026-04-07 18:57:59,392 - INFO - [Eval Per-Class] L0(prec=0.9975, rec=0.9926, n=1617); L120(prec=0.9988, rec=0.9981, n=3220); L1800(prec=0.9963, rec=0.9981, n=1610); L320(prec=0.0000, rec=0.0000, n=4); L330(prec=0.3158, rec=0.4286, n=14); L75(prec=0.0000, rec=0.0000, n=4); L800(prec=0.5882, rec=0.4545, n=22); NO_L(prec=0.1000, rec=0.2500, n=4)
2026-04-07 18:57:59,392 - INFO - [Epoch 290/300] train_loss=0.004294, loss_label_inv=2.316853, loss_entropy=0.000000, loss_total=0.004294, grl=0.9999, lr=0.00000127, epoch_time=00:00:19, eta=00:03:08, test_loss=0.080645, test_acc=0.9920
2026-04-07 18:59:31,624 - INFO - [Eval @ Epoch 295/300] test_loss=0.081113, test_acc=0.9920
2026-04-07 18:59:31,624 - INFO - [Eval Per-Class] L0(prec=0.9975, rec=0.9926, n=1617); L120(prec=0.9991, rec=0.9978, n=3220); L1800(prec=0.9957, rec=0.9988, n=1610); L320(prec=0.0000, rec=0.0000, n=4); L330(prec=0.3158, rec=0.4286, n=14); L75(prec=0.0000, rec=0.0000, n=4); L800(prec=0.5882, rec=0.4545, n=22); NO_L(prec=0.1000, rec=0.2500, n=4)
2026-04-07 19:01:05,031 - INFO - [Eval @ Epoch 300/300] test_loss=0.082725, test_acc=0.9917
2026-04-07 19:01:05,031 - INFO - [Eval Per-Class] L0(prec=0.9975, rec=0.9926, n=1617); L120(prec=0.9991, rec=0.9972, n=3220); L1800(prec=0.9944, rec=0.9988, n=1610); L320(prec=0.0000, rec=0.0000, n=4); L330(prec=0.3158, rec=0.4286, n=14); L75(prec=0.0000, rec=0.0000, n=4); L800(prec=0.5882, rec=0.4545, n=22); NO_L(prec=0.1000, rec=0.2500, n=4)
2026-04-07 19:01:05,031 - INFO - [Epoch 300/300] train_loss=0.004503, loss_label_inv=2.319882, loss_entropy=0.000000, loss_total=0.004503, grl=0.9999, lr=0.00000100, epoch_time=00:00:18, eta=00:00:00, test_loss=0.082725, test_acc=0.9917
2026-04-07 19:01:05,149 - INFO - Training complete. Best test acc: 0.9920
2026-04-07 19:01:05,149 - INFO - Best model: results_self_attn1_ablation/model_self_attn1_ablation_best.pth
2026-04-07 19:01:05,149 - INFO - Last model: results_self_attn1_ablation/model_self_attn1_ablation_last.pth
