2026-04-08 14:05:35,786 - INFO - Private dataset loaded from: self_data/75_Sta_60_test_dso
2026-04-08 14:05:35,786 - INFO - use_dso=False, signal_length=2048
2026-04-08 14:05:35,786 - INFO - num_classes=8, class_names=['L0', 'L120', 'L1800', 'L320', 'L330', 'L75', 'L800', 'NO_L']
2026-04-08 14:05:35,786 - INFO - train_samples=25975, test_samples=6495
2026-04-08 14:06:13,919 - INFO - [Eval @ Epoch 1/300] test_loss=0.429463, test_acc=0.7983
2026-04-08 14:06:13,919 - INFO - [Eval Per-Class] L0(prec=0.9716, rec=0.9951, n=1617); L120(prec=0.8302, rec=0.7593, n=3220); L1800(prec=0.6030, rec=0.6907, n=1610); L320(prec=0.0000, rec=0.0000, n=4); L330(prec=0.2500, rec=0.0714, n=14); L75(prec=0.0000, rec=0.0000, n=4); L800(prec=0.3913, rec=0.8182, n=22); NO_L(prec=0.0000, rec=0.0000, n=4)
2026-04-08 14:06:13,919 - INFO - [Epoch 1/300] train_loss=0.798270, loss_label_inv=0.849858, loss_entropy=0.000000, loss_total=0.806769, grl=0.0166, lr=0.00010000, epoch_time=00:00:37, eta=03:04:33, test_loss=0.429463, test_acc=0.7983
2026-04-08 14:08:51,132 - INFO - [Eval @ Epoch 5/300] test_loss=0.325088, test_acc=0.8507
2026-04-08 14:08:51,133 - INFO - [Eval Per-Class] L0(prec=0.9994, rec=0.9932, n=1617); L120(prec=0.7815, rec=0.9851, n=3220); L1800(prec=0.9367, rec=0.4503, n=1610); L320(prec=0.0000, rec=0.0000, n=4); L330(prec=0.0000, rec=0.0000, n=14); L75(prec=0.0000, rec=0.0000, n=4); L800(prec=0.4074, rec=1.0000, n=22); NO_L(prec=0.0000, rec=0.0000, n=4)
2026-04-08 14:12:06,580 - INFO - [Eval @ Epoch 10/300] test_loss=0.329846, test_acc=0.8488
2026-04-08 14:12:06,581 - INFO - [Eval Per-Class] L0(prec=0.9975, rec=0.9932, n=1617); L120(prec=0.7764, rec=0.9944, n=3220); L1800(prec=0.9732, rec=0.4280, n=1610); L320(prec=0.0000, rec=0.0000, n=4); L330(prec=0.2745, rec=1.0000, n=14); L75(prec=0.0000, rec=0.0000, n=4); L800(prec=1.0000, rec=0.0909, n=22); NO_L(prec=0.0000, rec=0.0000, n=4)
2026-04-08 14:12:06,581 - INFO - [Epoch 10/300] train_loss=0.283438, loss_label_inv=0.282178, loss_entropy=0.000000, loss_total=0.286260, grl=0.1651, lr=0.00009973, epoch_time=00:00:42, eta=03:08:21, test_loss=0.329846, test_acc=0.8488
2026-04-08 14:15:21,187 - INFO - [Eval @ Epoch 15/300] test_loss=0.233925, test_acc=0.8952
2026-04-08 14:15:21,187 - INFO - [Eval Per-Class] L0(prec=0.9981, rec=0.9944, n=1617); L120(prec=0.8490, rec=0.9742, n=3220); L1800(prec=0.9261, rec=0.6540, n=1610); L320(prec=0.0000, rec=0.0000, n=4); L330(prec=0.2857, rec=1.0000, n=14); L75(prec=0.0000, rec=0.0000, n=4); L800(prec=0.6667, rec=0.0909, n=22); NO_L(prec=0.0000, rec=0.0000, n=4)
2026-04-08 14:18:34,315 - INFO - [Eval @ Epoch 20/300] test_loss=0.222465, test_acc=0.8992
2026-04-08 14:18:34,316 - INFO - [Eval Per-Class] L0(prec=0.9975, rec=0.9938, n=1617); L120(prec=0.8537, rec=0.9748, n=3220); L1800(prec=0.9299, rec=0.6671, n=1610); L320(prec=0.0000, rec=0.0000, n=4); L330(prec=0.2581, rec=0.5714, n=14); L75(prec=0.0000, rec=0.0000, n=4); L800(prec=0.5714, rec=0.5455, n=22); NO_L(prec=0.0000, rec=0.0000, n=4)
2026-04-08 14:18:34,316 - INFO - [Epoch 20/300] train_loss=0.258814, loss_label_inv=0.257683, loss_entropy=0.000000, loss_total=0.261390, grl=0.3215, lr=0.00009892, epoch_time=00:00:42, eta=03:01:24, test_loss=0.222465, test_acc=0.8992
2026-04-08 14:21:49,182 - INFO - [Eval @ Epoch 25/300] test_loss=0.386304, test_acc=0.8373
2026-04-08 14:21:49,183 - INFO - [Eval Per-Class] L0(prec=0.9957, rec=0.9951, n=1617); L120(prec=0.7594, rec=0.9988, n=3220); L1800(prec=0.9933, rec=0.3677, n=1610); L320(prec=0.0000, rec=0.0000, n=4); L330(prec=0.2308, rec=0.2143, n=14); L75(prec=1.0000, rec=0.2500, n=4); L800(prec=0.5000, rec=0.7727, n=22); NO_L(prec=0.0000, rec=0.0000, n=4)
2026-04-08 14:25:04,215 - INFO - [Eval @ Epoch 30/300] test_loss=0.528476, test_acc=0.7972
2026-04-08 14:25:04,215 - INFO - [Eval Per-Class] L0(prec=0.9981, rec=0.9932, n=1617); L120(prec=0.9995, rec=0.6028, n=3220); L1800(prec=0.5571, rec=0.9994, n=1610); L320(prec=0.0000, rec=0.0000, n=4); L330(prec=0.0000, rec=0.0000, n=14); L75(prec=0.0000, rec=0.0000, n=4); L800(prec=0.4151, rec=1.0000, n=22); NO_L(prec=0.0000, rec=0.0000, n=4)
2026-04-08 14:25:04,215 - INFO - [Epoch 30/300] train_loss=0.227179, loss_label_inv=0.227130, loss_entropy=0.000000, loss_total=0.229450, grl=0.4621, lr=0.00009758, epoch_time=00:00:42, eta=02:55:05, test_loss=0.528476, test_acc=0.7972
2026-04-08 14:28:18,661 - INFO - [Eval @ Epoch 35/300] test_loss=0.378885, test_acc=0.8433
2026-04-08 14:28:18,661 - INFO - [Eval Per-Class] L0(prec=0.9969, rec=0.9926, n=1617); L120(prec=0.9904, rec=0.7034, n=3220); L1800(prec=0.6246, rec=0.9870, n=1610); L320(prec=0.0000, rec=0.0000, n=4); L330(prec=0.2222, rec=0.4286, n=14); L75(prec=0.0000, rec=0.0000, n=4); L800(prec=0.4615, rec=0.5455, n=22); NO_L(prec=0.0000, rec=0.0000, n=4)
2026-04-08 14:31:33,006 - INFO - [Eval @ Epoch 40/300] test_loss=0.779098, test_acc=0.7634
2026-04-08 14:31:33,007 - INFO - [Eval Per-Class] L0(prec=0.9890, rec=0.9963, n=1617); L120(prec=0.6835, rec=1.0000, n=3220); L1800(prec=1.0000, rec=0.0739, n=1610); L320(prec=0.0000, rec=0.0000, n=4); L330(prec=0.2258, rec=0.5000, n=14); L75(prec=0.0000, rec=0.0000, n=4); L800(prec=0.2500, rec=0.0455, n=22); NO_L(prec=0.0000, rec=0.0000, n=4)
2026-04-08 14:31:33,007 - INFO - [Epoch 40/300] train_loss=0.215937, loss_label_inv=0.216296, loss_entropy=0.000000, loss_total=0.218100, grl=0.5828, lr=0.00009572, epoch_time=00:00:42, eta=02:48:34, test_loss=0.779098, test_acc=0.7634
2026-04-08 14:34:48,093 - INFO - [Eval @ Epoch 45/300] test_loss=0.379143, test_acc=0.8525
2026-04-08 14:34:48,094 - INFO - [Eval Per-Class] L0(prec=0.9975, rec=0.9932, n=1617); L120(prec=0.7785, rec=0.9997, n=3220); L1800(prec=0.9986, rec=0.4311, n=1610); L320(prec=0.0000, rec=0.0000, n=4); L330(prec=0.1724, rec=0.3571, n=14); L75(prec=0.0000, rec=0.0000, n=4); L800(prec=0.5200, rec=0.5909, n=22); NO_L(prec=0.0000, rec=0.0000, n=4)
2026-04-08 14:38:03,228 - INFO - [Eval @ Epoch 50/300] test_loss=0.311071, test_acc=0.8693
2026-04-08 14:38:03,228 - INFO - [Eval Per-Class] L0(prec=0.9969, rec=0.9951, n=1617); L120(prec=0.9851, rec=0.7587, n=3220); L1800(prec=0.6694, rec=0.9770, n=1610); L320(prec=0.0000, rec=0.0000, n=4); L330(prec=0.2632, rec=0.3571, n=14); L75(prec=0.0000, rec=0.0000, n=4); L800(prec=0.5161, rec=0.7273, n=22); NO_L(prec=0.0000, rec=0.0000, n=4)
2026-04-08 14:38:03,228 - INFO - [Epoch 50/300] train_loss=0.184471, loss_label_inv=0.184540, loss_entropy=0.000000, loss_total=0.186316, grl=0.6822, lr=0.00009337, epoch_time=00:00:42, eta=02:42:11, test_loss=0.311071, test_acc=0.8693
2026-04-08 14:41:17,792 - INFO - [Eval @ Epoch 55/300] test_loss=0.175142, test_acc=0.9283
2026-04-08 14:41:17,793 - INFO - [Eval Per-Class] L0(prec=0.9938, rec=0.9981, n=1617); L120(prec=0.8895, rec=0.9898, n=3220); L1800(prec=0.9735, rec=0.7540, n=1610); L320(prec=0.0000, rec=0.0000, n=4); L330(prec=0.3077, rec=0.5714, n=14); L75(prec=1.0000, rec=0.2500, n=4); L800(prec=0.3846, rec=0.2273, n=22); NO_L(prec=0.0000, rec=0.0000, n=4)
2026-04-08 14:44:31,227 - INFO - [Eval @ Epoch 60/300] test_loss=0.740119, test_acc=0.7943
2026-04-08 14:44:31,227 - INFO - [Eval Per-Class] L0(prec=0.9963, rec=0.9938, n=1617); L120(prec=1.0000, rec=0.5975, n=3220); L1800(prec=0.5540, rec=1.0000, n=1610); L320(prec=0.0000, rec=0.0000, n=4); L330(prec=0.2000, rec=0.2857, n=14); L75(prec=0.0000, rec=0.0000, n=4); L800(prec=0.4667, rec=0.6364, n=22); NO_L(prec=0.0000, rec=0.0000, n=4)
2026-04-08 14:44:31,227 - INFO - [Epoch 60/300] train_loss=0.182468, loss_label_inv=0.182559, loss_entropy=0.000000, loss_total=0.184293, grl=0.7616, lr=0.00009055, epoch_time=00:00:42, eta=02:35:37, test_loss=0.740119, test_acc=0.7943
2026-04-08 14:47:44,728 - INFO - [Eval @ Epoch 65/300] test_loss=1.609436, test_acc=0.7098
2026-04-08 14:47:44,728 - INFO - [Eval Per-Class] L0(prec=0.9969, rec=0.9944, n=1617); L120(prec=1.0000, rec=0.4267, n=3220); L1800(prec=0.4659, rec=1.0000, n=1610); L320(prec=0.0000, rec=0.0000, n=4); L330(prec=0.2083, rec=0.3571, n=14); L75(prec=0.0000, rec=0.0000, n=4); L800(prec=0.4815, rec=0.5909, n=22); NO_L(prec=0.0000, rec=0.0000, n=4)
2026-04-08 14:50:58,593 - INFO - [Eval @ Epoch 70/300] test_loss=0.293583, test_acc=0.8661
2026-04-08 14:50:58,594 - INFO - [Eval Per-Class] L0(prec=0.9963, rec=0.9932, n=1617); L120(prec=0.9838, rec=0.7550, n=3220); L1800(prec=0.6657, rec=0.9758, n=1610); L320(prec=0.0000, rec=0.0000, n=4); L330(prec=0.2000, rec=0.3571, n=14); L75(prec=0.3333, rec=0.2500, n=4); L800(prec=0.4783, rec=0.5000, n=22); NO_L(prec=0.0000, rec=0.0000, n=4)
2026-04-08 14:50:58,594 - INFO - [Epoch 70/300] train_loss=0.181140, loss_label_inv=0.181673, loss_entropy=0.000000, loss_total=0.182956, grl=0.8232, lr=0.00008729, epoch_time=00:00:42, eta=02:29:02, test_loss=0.293583, test_acc=0.8661
2026-04-08 14:54:12,672 - INFO - [Eval @ Epoch 75/300] test_loss=0.667247, test_acc=0.7972
2026-04-08 14:54:12,672 - INFO - [Eval Per-Class] L0(prec=0.9963, rec=0.9957, n=1617); L120(prec=0.9995, rec=0.6034, n=3220); L1800(prec=0.5575, rec=0.9994, n=1610); L320(prec=0.0000, rec=0.0000, n=4); L330(prec=0.2500, rec=0.4286, n=14); L75(prec=0.0000, rec=0.0000, n=4); L800(prec=0.4348, rec=0.4545, n=22); NO_L(prec=0.0000, rec=0.0000, n=4)
2026-04-08 14:57:26,032 - INFO - [Eval @ Epoch 80/300] test_loss=0.137497, test_acc=0.9486
2026-04-08 14:57:26,032 - INFO - [Eval Per-Class] L0(prec=0.9963, rec=0.9957, n=1617); L120(prec=0.9346, rec=0.9767, n=3220); L1800(prec=0.9488, rec=0.8634, n=1610); L320(prec=0.3333, rec=0.2500, n=4); L330(prec=0.1333, rec=0.1429, n=14); L75(prec=0.0000, rec=0.0000, n=4); L800(prec=0.4643, rec=0.5909, n=22); NO_L(prec=0.0000, rec=0.0000, n=4)
2026-04-08 14:57:26,032 - INFO - [Epoch 80/300] train_loss=0.166957, loss_label_inv=0.166765, loss_entropy=0.000000, loss_total=0.168625, grl=0.8701, lr=0.00008362, epoch_time=00:00:41, eta=02:22:30, test_loss=0.137497, test_acc=0.9486
2026-04-08 15:00:39,624 - INFO - [Eval @ Epoch 85/300] test_loss=2.577931, test_acc=0.5085
2026-04-08 15:00:39,624 - INFO - [Eval Per-Class] L0(prec=0.9963, rec=0.9938, n=1617); L120(prec=0.9865, rec=0.0227, n=3220); L1800(prec=0.3383, rec=0.9994, n=1610); L320(prec=0.0000, rec=0.0000, n=4); L330(prec=0.2258, rec=0.5000, n=14); L75(prec=0.0000, rec=0.0000, n=4); L800(prec=0.3889, rec=0.3182, n=22); NO_L(prec=0.0000, rec=0.0000, n=4)
2026-04-08 15:04:05,081 - INFO - [Eval @ Epoch 90/300] test_loss=0.266196, test_acc=0.8858
2026-04-08 15:04:05,082 - INFO - [Eval Per-Class] L0(prec=0.9963, rec=0.9951, n=1617); L120(prec=0.8219, rec=0.9988, n=3220); L1800(prec=0.9956, rec=0.5677, n=1610); L320(prec=0.3333, rec=0.2500, n=4); L330(prec=0.2222, rec=0.4286, n=14); L75(prec=0.0000, rec=0.0000, n=4); L800(prec=0.5000, rec=0.3182, n=22); NO_L(prec=0.0000, rec=0.0000, n=4)
2026-04-08 15:04:05,082 - INFO - [Epoch 90/300] train_loss=0.146799, loss_label_inv=0.147235, loss_entropy=0.000000, loss_total=0.148271, grl=0.9051, lr=0.00007960, epoch_time=00:00:53, eta=02:16:25, test_loss=0.266196, test_acc=0.8858
2026-04-08 15:09:34,468 - INFO - [Eval @ Epoch 95/300] test_loss=0.382236, test_acc=0.8413
2026-04-08 15:09:34,468 - INFO - [Eval Per-Class] L0(prec=0.9969, rec=0.9938, n=1617); L120(prec=0.7656, rec=0.9991, n=3220); L1800(prec=0.9952, rec=0.3888, n=1610); L320(prec=0.0000, rec=0.0000, n=4); L330(prec=0.0769, rec=0.0714, n=14); L75(prec=0.0000, rec=0.0000, n=4); L800(prec=0.4062, rec=0.5909, n=22); NO_L(prec=0.0000, rec=0.0000, n=4)
2026-04-08 15:15:03,190 - INFO - [Eval @ Epoch 100/300] test_loss=0.776813, test_acc=0.7677
2026-04-08 15:15:03,190 - INFO - [Eval Per-Class] L0(prec=0.9950, rec=0.9944, n=1617); L120(prec=0.6876, rec=1.0000, n=3220); L1800(prec=0.9867, rec=0.0919, n=1610); L320(prec=0.2500, rec=0.2500, n=4); L330(prec=0.2308, rec=0.4286, n=14); L75(prec=0.0000, rec=0.0000, n=4); L800(prec=0.2727, rec=0.1364, n=22); NO_L(prec=0.0000, rec=0.0000, n=4)
2026-04-08 15:15:03,190 - INFO - [Epoch 100/300] train_loss=0.149443, loss_label_inv=0.149599, loss_entropy=0.000000, loss_total=0.150939, grl=0.9311, lr=0.00007525, epoch_time=00:01:11, eta=02:18:52, test_loss=0.776813, test_acc=0.7677
2026-04-08 15:19:40,753 - INFO - [Eval @ Epoch 105/300] test_loss=0.719945, test_acc=0.7808
2026-04-08 15:19:40,754 - INFO - [Eval Per-Class] L0(prec=0.9981, rec=0.9932, n=1617); L120(prec=0.6994, rec=1.0000, n=3220); L1800(prec=1.0000, rec=0.1410, n=1610); L320(prec=0.2500, rec=0.2500, n=4); L330(prec=0.1765, rec=0.2143, n=14); L75(prec=0.3333, rec=0.2500, n=4); L800(prec=0.5217, rec=0.5455, n=22); NO_L(prec=0.1250, rec=0.2500, n=4)
2026-04-08 15:22:56,640 - INFO - [Eval @ Epoch 110/300] test_loss=2.041947, test_acc=0.7455
2026-04-08 15:22:56,640 - INFO - [Eval Per-Class] L0(prec=0.9950, rec=0.9938, n=1617); L120(prec=0.6665, rec=0.9991, n=3220); L1800(prec=1.0000, rec=0.0006, n=1610); L320(prec=0.2500, rec=0.2500, n=4); L330(prec=0.2000, rec=0.2143, n=14); L75(prec=0.0000, rec=0.0000, n=4); L800(prec=0.5714, rec=0.5455, n=22); NO_L(prec=0.1111, rec=0.2500, n=4)
2026-04-08 15:22:56,640 - INFO - [Epoch 110/300] train_loss=0.145117, loss_label_inv=0.145111, loss_entropy=0.000000, loss_total=0.146569, grl=0.9501, lr=0.00007063, epoch_time=00:00:42, eta=02:13:34, test_loss=2.041947, test_acc=0.7455
