nohup: ignoring input
/data2/ranran/chenghaoyue/ISGFAN/Data/dataset.py:176: FutureWarning: You are using `torch.load` with `weights_only=False` (the current default value), which uses the default pickle module implicitly. It is possible to construct malicious pickle data which will execute arbitrary code during unpickling (See https://github.com/pytorch/pytorch/blob/main/SECURITY.md#untrusted-models for more details). In a future release, the default value for `weights_only` will be flipped to `True`. This limits the functions that could be executed during unpickling. Arbitrary objects will no longer be allowed to be loaded via this mode unless they are explicitly allowlisted by the user via `torch.serialization.add_safe_globals`. We recommend you start setting `weights_only=True` for any use case where you don't have full control of the loaded file. Please open an issue on GitHub for any issues related to this experimental feature.
  cache = torch.load(TEST_DATA_PATH)

Initializing data loaders ...

Loading existing test dataset from /data2/ranran/chenghaoyue/ISGFAN/Data/test_dataset.pt

Data Statistics
Source Train : 2100
Target (no y): 2100
Test (y)     : 2100
2026-03-05 16:18:00,571 - INFO - [Epoch 1/3500] loss_total=2.919384, loss_main=2.306007, loss_diff_source=93.115955, loss_label_inv=2.306552, loss_global_dom=0.696717, loss_recon=1.135171, loss_local_dom=0.000000, loss_centroid=0.000000, lr=0.00010000, epoch_time=00:00:07, eta=07:40:02
2026-03-05 16:18:01,096 - INFO - [Eval @ Epoch 1/3500] test_loss=2.305588, test_acc=0.1000
2026-03-05 16:18:56,190 - INFO - [Epoch 10/3500] loss_total=2.910547, loss_main=2.302960, loss_diff_source=47.436918, loss_label_inv=2.305458, loss_global_dom=0.693896, loss_recon=0.728930, loss_local_dom=0.000000, loss_centroid=0.000000, lr=0.00010000, epoch_time=00:00:05, eta=06:09:24
2026-03-05 16:19:57,696 - INFO - [Epoch 20/3500] loss_total=2.864359, loss_main=2.263436, loss_diff_source=46.931296, loss_label_inv=2.304063, loss_global_dom=0.692620, loss_recon=0.522919, loss_local_dom=0.000000, loss_centroid=0.000000, lr=0.00009999, epoch_time=00:00:05, eta=06:02:32
2026-03-05 16:21:00,361 - INFO - [Epoch 30/3500] loss_total=1.376303, loss_main=0.886108, loss_diff_source=108.625725, loss_label_inv=2.303182, loss_global_dom=0.687397, loss_recon=0.570222, loss_local_dom=0.291509, loss_centroid=0.000000, lr=0.00009998, epoch_time=00:00:06, eta=06:01:48
2026-03-05 16:22:04,273 - INFO - [Epoch 40/3500] loss_total=1.167922, loss_main=0.569524, loss_diff_source=114.706524, loss_label_inv=2.302766, loss_global_dom=0.677261, loss_recon=0.533353, loss_local_dom=1.744540, loss_centroid=0.000000, lr=0.00009997, epoch_time=00:00:06, eta=06:02:42
2026-03-05 16:23:08,906 - INFO - [Epoch 50/3500] loss_total=1.491017, loss_main=0.557361, loss_diff_source=123.923635, loss_label_inv=2.302657, loss_global_dom=0.685335, loss_recon=0.856068, loss_local_dom=14.758166, loss_centroid=0.000000, lr=0.00009995, epoch_time=00:00:05, eta=06:03:39
2026-03-05 16:24:11,114 - INFO - [Epoch 60/3500] loss_total=1.519989, loss_main=0.544769, loss_diff_source=116.567470, loss_label_inv=2.302047, loss_global_dom=0.688788, loss_recon=0.855896, loss_local_dom=17.107143, loss_centroid=0.000000, lr=0.00009993, epoch_time=00:00:05, eta=06:01:36
2026-03-05 16:25:13,056 - INFO - [Epoch 70/3500] loss_total=1.474006, loss_main=0.513083, loss_diff_source=112.298563, loss_label_inv=2.301385, loss_global_dom=0.728344, loss_recon=0.934434, loss_local_dom=32.166060, loss_centroid=0.000000, lr=0.00009991, epoch_time=00:00:05, eta=05:59:38
2026-03-05 16:26:16,736 - INFO - [Epoch 80/3500] loss_total=1.439829, loss_main=0.501004, loss_diff_source=113.669381, loss_label_inv=2.300333, loss_global_dom=0.710141, loss_recon=0.964590, loss_local_dom=16.053066, loss_centroid=0.000000, lr=0.00009988, epoch_time=00:00:05, eta=05:59:08
2026-03-05 16:27:19,535 - INFO - [Epoch 90/3500] loss_total=1.392568, loss_main=0.476778, loss_diff_source=111.103190, loss_label_inv=2.299487, loss_global_dom=0.717430, loss_recon=0.962446, loss_local_dom=33.469581, loss_centroid=0.000000, lr=0.00009984, epoch_time=00:00:06, eta=05:57:57
2026-03-05 16:28:23,137 - INFO - [Epoch 100/3500] loss_total=1.336233, loss_main=0.448121, loss_diff_source=110.411742, loss_label_inv=2.297124, loss_global_dom=0.725050, loss_recon=0.968218, loss_local_dom=44.263572, loss_centroid=0.000000, lr=0.00009980, epoch_time=00:00:06, eta=05:57:15
2026-03-05 16:28:23,469 - INFO - [Eval @ Epoch 100/3500] test_loss=0.658945, test_acc=0.7686
2026-03-05 16:29:28,025 - INFO - [Epoch 110/3500] loss_total=1.542241, loss_main=0.530145, loss_diff_source=108.948087, loss_label_inv=2.295767, loss_global_dom=0.792404, loss_recon=0.977688, loss_local_dom=21.986386, loss_centroid=0.000000, lr=0.00009976, epoch_time=00:00:06, eta=05:57:09
2026-03-05 16:30:33,073 - INFO - [Epoch 120/3500] loss_total=1.213049, loss_main=0.460016, loss_diff_source=106.988359, loss_label_inv=2.293461, loss_global_dom=0.715645, loss_recon=0.975407, loss_local_dom=17.449081, loss_centroid=0.000000, lr=0.00009972, epoch_time=00:00:06, eta=05:56:57
2026-03-05 16:31:39,776 - INFO - [Epoch 130/3500] loss_total=1.594305, loss_main=0.563289, loss_diff_source=107.421259, loss_label_inv=2.289843, loss_global_dom=0.757301, loss_recon=0.984896, loss_local_dom=19.855121, loss_centroid=0.000000, lr=0.00009967, epoch_time=00:00:06, eta=05:57:20
2026-03-05 16:32:46,484 - INFO - [Epoch 140/3500] loss_total=1.831820, loss_main=0.515703, loss_diff_source=107.247965, loss_label_inv=2.287315, loss_global_dom=1.432119, loss_recon=0.990996, loss_local_dom=38.810532, loss_centroid=0.000000, lr=0.00009962, epoch_time=00:00:06, eta=05:57:31
2026-03-05 16:33:51,335 - INFO - [Epoch 150/3500] loss_total=1.931054, loss_main=0.692542, loss_diff_source=108.136452, loss_label_inv=2.280386, loss_global_dom=0.887968, loss_recon=0.992723, loss_local_dom=33.793864, loss_centroid=0.000000, lr=0.00009956, epoch_time=00:00:06, eta=05:56:49
2026-03-05 16:34:56,350 - INFO - [Epoch 160/3500] loss_total=1.506085, loss_main=0.498075, loss_diff_source=104.759171, loss_label_inv=2.278621, loss_global_dom=0.854877, loss_recon=0.990175, loss_local_dom=26.584090, loss_centroid=0.000000, lr=0.00009950, epoch_time=00:00:06, eta=05:56:09
2026-03-05 16:36:01,701 - INFO - [Epoch 170/3500] loss_total=1.488456, loss_main=0.503379, loss_diff_source=99.139215, loss_label_inv=2.270472, loss_global_dom=0.797463, loss_recon=0.992386, loss_local_dom=35.963322, loss_centroid=0.000000, lr=0.00009943, epoch_time=00:00:06, eta=05:55:31
2026-03-05 16:37:06,342 - INFO - [Epoch 180/3500] loss_total=1.848693, loss_main=0.645574, loss_diff_source=102.639797, loss_label_inv=2.267979, loss_global_dom=0.920731, loss_recon=0.994163, loss_local_dom=46.263155, loss_centroid=0.000000, lr=0.00009936, epoch_time=00:00:06, eta=05:54:38
2026-03-05 16:38:13,597 - INFO - [Epoch 190/3500] loss_total=1.337633, loss_main=0.405933, loss_diff_source=103.688350, loss_label_inv=2.261991, loss_global_dom=0.905190, loss_recon=0.995840, loss_local_dom=69.191656, loss_centroid=0.000000, lr=0.00009929, epoch_time=00:00:06, eta=05:54:29
2026-03-05 16:39:19,466 - INFO - [Epoch 200/3500] loss_total=1.424222, loss_main=0.413999, loss_diff_source=105.979927, loss_label_inv=2.252496, loss_global_dom=1.044672, loss_recon=0.996335, loss_local_dom=70.342395, loss_centroid=0.000000, lr=0.00009921, epoch_time=00:00:06, eta=05:53:51
2026-03-05 16:39:19,814 - INFO - [Eval @ Epoch 200/3500] test_loss=1.028625, test_acc=0.7629
2026-03-05 16:40:26,098 - INFO - [Epoch 210/3500] loss_total=2.460394, loss_main=0.532230, loss_diff_source=111.047588, loss_label_inv=2.243085, loss_global_dom=2.620482, loss_recon=1.004056, loss_local_dom=54.049730, loss_centroid=0.000000, lr=0.00009913, epoch_time=00:00:06, eta=05:53:23
2026-03-05 16:41:32,754 - INFO - [Epoch 220/3500] loss_total=1.983124, loss_main=0.614308, loss_diff_source=99.599717, loss_label_inv=2.235368, loss_global_dom=1.321424, loss_recon=1.001310, loss_local_dom=54.338959, loss_centroid=0.000000, lr=0.00009905, epoch_time=00:00:06, eta=05:52:51
2026-03-05 16:42:39,609 - INFO - [Epoch 230/3500] loss_total=1.217875, loss_main=0.366170, loss_diff_source=99.907123, loss_label_inv=2.228311, loss_global_dom=0.833293, loss_recon=0.998804, loss_local_dom=53.161725, loss_centroid=0.000000, lr=0.00009896, epoch_time=00:00:06, eta=05:52:20
2026-03-05 16:43:44,575 - INFO - [Epoch 240/3500] loss_total=1.444973, loss_main=0.473439, loss_diff_source=97.630481, loss_label_inv=2.220902, loss_global_dom=0.837113, loss_recon=0.998593, loss_local_dom=29.932971, loss_centroid=0.000000, lr=0.00009887, epoch_time=00:00:06, eta=05:51:19
2026-03-05 16:44:50,766 - INFO - [Epoch 250/3500] loss_total=1.563341, loss_main=0.495985, loss_diff_source=97.513504, loss_label_inv=2.226404, loss_global_dom=0.979087, loss_recon=0.996523, loss_local_dom=51.478384, loss_centroid=0.000000, lr=0.00009877, epoch_time=00:00:06, eta=05:50:35
2026-03-05 16:45:56,313 - INFO - [Epoch 260/3500] loss_total=1.452178, loss_main=0.483097, loss_diff_source=98.286946, loss_label_inv=2.239372, loss_global_dom=0.810664, loss_recon=0.994910, loss_local_dom=56.208081, loss_centroid=0.000000, lr=0.00009867, epoch_time=00:00:06, eta=05:49:40
2026-03-05 16:47:00,624 - INFO - [Epoch 270/3500] loss_total=1.425972, loss_main=0.424620, loss_diff_source=97.764882, loss_label_inv=2.237695, loss_global_dom=1.003883, loss_recon=0.995125, loss_local_dom=97.337481, loss_centroid=0.000000, lr=0.00009856, epoch_time=00:00:06, eta=05:48:30
2026-03-05 16:48:04,822 - INFO - [Epoch 280/3500] loss_total=1.774593, loss_main=0.514127, loss_diff_source=92.543981, loss_label_inv=2.244501, loss_global_dom=1.325097, loss_recon=0.993225, loss_local_dom=41.981836, loss_centroid=0.000000, lr=0.00009846, epoch_time=00:00:06, eta=05:47:19
2026-03-05 16:49:10,464 - INFO - [Epoch 290/3500] loss_total=1.663950, loss_main=0.464477, loss_diff_source=95.924024, loss_label_inv=2.301358, loss_global_dom=1.311156, loss_recon=0.995727, loss_local_dom=57.072151, loss_centroid=0.000000, lr=0.00009834, epoch_time=00:00:06, eta=05:46:25
2026-03-05 16:50:16,639 - INFO - [Epoch 300/3500] loss_total=1.676459, loss_main=0.542542, loss_diff_source=90.738593, loss_label_inv=2.289508, loss_global_dom=1.008604, loss_recon=0.992336, loss_local_dom=36.833912, loss_centroid=0.000000, lr=0.00009823, epoch_time=00:00:06, eta=05:45:35
2026-03-05 16:50:16,978 - INFO - [Eval @ Epoch 300/3500] test_loss=0.851005, test_acc=0.8067
2026-03-05 16:51:22,469 - INFO - [Epoch 310/3500] loss_total=1.457706, loss_main=0.448912, loss_diff_source=92.162189, loss_label_inv=2.371999, loss_global_dom=0.962637, loss_recon=0.995211, loss_local_dom=48.696422, loss_centroid=0.000000, lr=0.00009811, epoch_time=00:00:05, eta=05:44:41
2026-03-05 16:52:28,746 - INFO - [Epoch 320/3500] loss_total=1.482490, loss_main=0.431139, loss_diff_source=92.822133, loss_label_inv=2.338766, loss_global_dom=1.087558, loss_recon=0.993134, loss_local_dom=23.448376, loss_centroid=0.000000, lr=0.00009798, epoch_time=00:00:06, eta=05:43:50
2026-03-05 16:53:34,837 - INFO - [Epoch 330/3500] loss_total=1.450017, loss_main=0.426837, loss_diff_source=92.266243, loss_label_inv=2.318183, loss_global_dom=1.041087, loss_recon=0.993397, loss_local_dom=46.863571, loss_centroid=0.000000, lr=0.00009786, epoch_time=00:00:06, eta=05:42:57
2026-03-05 16:54:40,892 - INFO - [Epoch 340/3500] loss_total=1.294687, loss_main=0.354302, loss_diff_source=96.175826, loss_label_inv=2.305559, loss_global_dom=1.035290, loss_recon=0.995147, loss_local_dom=59.482423, loss_centroid=0.000000, lr=0.00009773, epoch_time=00:00:06, eta=05:42:03
2026-03-05 16:55:44,976 - INFO - [Epoch 350/3500] loss_total=1.250763, loss_main=0.321103, loss_diff_source=90.946886, loss_label_inv=2.299747, loss_global_dom=1.087819, loss_recon=0.994448, loss_local_dom=74.296858, loss_centroid=0.000000, lr=0.00009759, epoch_time=00:00:05, eta=05:40:50
2026-03-05 16:56:50,198 - INFO - [Epoch 360/3500] loss_total=1.116618, loss_main=0.310949, loss_diff_source=92.803719, loss_label_inv=2.295895, loss_global_dom=0.861856, loss_recon=0.992905, loss_local_dom=94.519100, loss_centroid=0.000000, lr=0.00009745, epoch_time=00:00:06, eta=05:39:48
2026-03-05 16:57:55,185 - INFO - [Epoch 370/3500] loss_total=1.311164, loss_main=0.327344, loss_diff_source=90.383224, loss_label_inv=2.295001, loss_global_dom=1.181993, loss_recon=0.991927, loss_local_dom=91.060343, loss_centroid=0.000000, lr=0.00009731, epoch_time=00:00:06, eta=05:38:43
2026-03-05 16:59:01,346 - INFO - [Epoch 380/3500] loss_total=2.597266, loss_main=0.588090, loss_diff_source=109.763625, loss_label_inv=2.291978, loss_global_dom=2.658799, loss_recon=0.995765, loss_local_dom=62.714565, loss_centroid=0.000000, lr=0.00009716, epoch_time=00:00:06, eta=05:37:49
2026-03-05 17:00:06,809 - INFO - [Epoch 390/3500] loss_total=7.358275, loss_main=1.880490, loss_diff_source=104.103953, loss_label_inv=2.290263, loss_global_dom=6.752590, loss_recon=1.004816, loss_local_dom=105.416910, loss_centroid=0.000000, lr=0.00009701, epoch_time=00:00:06, eta=05:36:48
2026-03-05 17:01:12,627 - INFO - [Epoch 400/3500] loss_total=4.036644, loss_main=1.347421, loss_diff_source=114.443638, loss_label_inv=2.289227, loss_global_dom=2.348384, loss_recon=0.997589, loss_local_dom=51.695383, loss_centroid=0.000000, lr=0.00009686, epoch_time=00:00:06, eta=05:35:49
2026-03-05 17:01:12,969 - INFO - [Eval @ Epoch 400/3500] test_loss=1.910835, test_acc=0.4667
2026-03-05 17:02:18,513 - INFO - [Epoch 410/3500] loss_total=2.500983, loss_main=0.608948, loss_diff_source=103.041511, loss_label_inv=2.287618, loss_global_dom=2.378675, loss_recon=0.997843, loss_local_dom=59.211923, loss_centroid=0.000000, lr=0.00009670, epoch_time=00:00:06, eta=05:34:51
2026-03-05 17:03:23,433 - INFO - [Epoch 420/3500] loss_total=2.271856, loss_main=0.561597, loss_diff_source=97.687387, loss_label_inv=2.286516, loss_global_dom=2.119319, loss_recon=0.997654, loss_local_dom=41.665742, loss_centroid=0.000000, lr=0.00009654, epoch_time=00:00:06, eta=05:33:45
2026-03-05 17:04:28,478 - INFO - [Epoch 430/3500] loss_total=3.086508, loss_main=0.842749, loss_diff_source=99.909159, loss_label_inv=2.283236, loss_global_dom=2.567805, loss_recon=1.000123, loss_local_dom=95.306765, loss_centroid=0.000000, lr=0.00009638, epoch_time=00:00:06, eta=05:32:40
2026-03-05 17:05:32,710 - INFO - [Epoch 440/3500] loss_total=2.525436, loss_main=0.653412, loss_diff_source=96.708673, loss_label_inv=2.281205, loss_global_dom=2.240926, loss_recon=0.999657, loss_local_dom=85.882128, loss_centroid=0.000000, lr=0.00009621, epoch_time=00:00:06, eta=05:31:30
2026-03-05 17:06:38,070 - INFO - [Epoch 450/3500] loss_total=2.372402, loss_main=0.706352, loss_diff_source=95.891444, loss_label_inv=2.282749, loss_global_dom=1.712499, loss_recon=0.998585, loss_local_dom=106.658157, loss_centroid=0.000000, lr=0.00009603, epoch_time=00:00:06, eta=05:30:27
2026-03-05 17:07:44,926 - INFO - [Epoch 460/3500] loss_total=2.640860, loss_main=0.662150, loss_diff_source=98.167856, loss_label_inv=2.277669, loss_global_dom=2.435146, loss_recon=0.999569, loss_local_dom=87.649461, loss_centroid=0.000000, lr=0.00009586, epoch_time=00:00:06, eta=05:29:34
2026-03-05 17:08:51,602 - INFO - [Epoch 470/3500] loss_total=2.280572, loss_main=0.697645, loss_diff_source=110.247062, loss_label_inv=2.279040, loss_global_dom=1.565466, loss_recon=0.999426, loss_local_dom=125.160866, loss_centroid=0.000000, lr=0.00009568, epoch_time=00:00:06, eta=05:28:40
2026-03-05 17:09:57,773 - INFO - [Epoch 480/3500] loss_total=1.685032, loss_main=0.445357, loss_diff_source=109.277453, loss_label_inv=2.275219, loss_global_dom=1.434078, loss_recon=0.999171, loss_local_dom=96.756031, loss_centroid=0.000000, lr=0.00009549, epoch_time=00:00:06, eta=05:27:42
2026-03-05 17:11:04,795 - INFO - [Epoch 490/3500] loss_total=1.627720, loss_main=0.420802, loss_diff_source=100.598437, loss_label_inv=2.279423, loss_global_dom=1.422497, loss_recon=0.999239, loss_local_dom=59.660014, loss_centroid=0.000000, lr=0.00009531, epoch_time=00:00:06, eta=05:26:48
2026-03-05 17:12:11,445 - INFO - [Epoch 500/3500] loss_total=2.021561, loss_main=0.549337, loss_diff_source=96.657433, loss_label_inv=2.280899, loss_global_dom=1.670305, loss_recon=0.999143, loss_local_dom=96.749372, loss_centroid=0.000000, lr=0.00009512, epoch_time=00:00:06, eta=05:25:52
2026-03-05 17:12:11,780 - INFO - [Eval @ Epoch 500/3500] test_loss=1.113112, test_acc=0.7014
2026-03-05 17:13:18,154 - INFO - [Epoch 510/3500] loss_total=2.508295, loss_main=0.458369, loss_diff_source=101.182878, loss_label_inv=2.275423, loss_global_dom=3.070969, loss_recon=0.999303, loss_local_dom=162.263922, loss_centroid=0.000000, lr=0.00009492, epoch_time=00:00:06, eta=05:24:56
