2026-04-06 17:29:09,140 - INFO - method=cdan, device=cuda:0, data_dir=self_data/75_Sta_60_test_dso
2026-04-06 17:29:09,141 - INFO - epochs=40, batch_size=32, max_steps_per_epoch=80, lr=0.001, min_lr=1e-05, source_use_dso=False, target_use_dso=False
2026-04-06 17:29:15,606 - INFO - class_names=['L0', 'L120', 'L1800', 'L320', 'L330', 'L75', 'L800', 'NO_L']
2026-04-06 17:29:15,606 - INFO - source_train=25975, target_train=25975, target_test=6495
2026-04-06 17:29:15,606 - INFO - normal_class_indices=[0, 7], normal_class_names=['L0', 'NO_L']
2026-04-06 17:29:15,634 - INFO - source_class_counts=[6469.0, 12880.0, 6440.0, 14.0, 58.0, 14.0, 86.0, 14.0]
2026-04-06 17:29:19,988 - INFO - [Eval @ Epoch 1/40] test_loss=0.800864, test_acc=0.5603, FAR=0.7390, FDR=0.9930
2026-04-06 17:29:19,991 - INFO - [Epoch 1/40] train_cls=0.903688, train_transfer=0.000000, train_adv=0.696307, train_total=0.959392, lr=0.0009985, eta_sec=126
2026-04-06 17:29:24,018 - INFO - [Eval @ Epoch 5/40] test_loss=0.906836, test_acc=0.5018, FAR=0.0080, FDR=0.9998
2026-04-06 17:29:24,018 - INFO - [Epoch 5/40] train_cls=0.497805, train_transfer=0.000000, train_adv=0.696600, train_total=0.553533, lr=0.0009623, eta_sec=50
2026-04-06 17:29:28,962 - INFO - [Eval @ Epoch 10/40] test_loss=0.396813, test_acc=0.8653, FAR=0.0068, FDR=0.9992
2026-04-06 17:29:28,966 - INFO - [Epoch 10/40] train_cls=0.432633, train_transfer=0.000000, train_adv=0.694550, train_total=0.488197, lr=0.0008550, eta_sec=36
2026-04-06 17:29:33,652 - INFO - [Eval @ Epoch 15/40] test_loss=0.383460, test_acc=0.8714, FAR=0.0080, FDR=0.9998
2026-04-06 17:29:33,655 - INFO - [Epoch 15/40] train_cls=0.428466, train_transfer=0.000000, train_adv=0.693062, train_total=0.483911, lr=0.0006944, eta_sec=28
2026-04-06 17:29:38,682 - INFO - [Eval @ Epoch 20/40] test_loss=0.442623, test_acc=0.8713, FAR=0.0080, FDR=0.9996
2026-04-06 17:29:38,683 - INFO - [Epoch 20/40] train_cls=0.421836, train_transfer=0.000000, train_adv=0.694583, train_total=0.477402, lr=0.0005050, eta_sec=21
2026-04-06 17:29:43,655 - INFO - [Eval @ Epoch 25/40] test_loss=0.366215, test_acc=0.8688, FAR=0.0080, FDR=0.9996
2026-04-06 17:29:43,656 - INFO - [Epoch 25/40] train_cls=0.354716, train_transfer=0.000000, train_adv=0.693295, train_total=0.410179, lr=0.0003156, eta_sec=16
2026-04-06 17:29:48,632 - INFO - [Eval @ Epoch 30/40] test_loss=0.404455, test_acc=0.8430, FAR=0.0080, FDR=0.9998
2026-04-06 17:29:48,632 - INFO - [Epoch 30/40] train_cls=0.313086, train_transfer=0.000000, train_adv=0.693303, train_total=0.368550, lr=0.0001550, eta_sec=10
2026-04-06 17:29:53,508 - INFO - [Eval @ Epoch 35/40] test_loss=0.427410, test_acc=0.8379, FAR=0.0080, FDR=0.9998
2026-04-06 17:29:53,508 - INFO - [Epoch 35/40] train_cls=0.310420, train_transfer=0.000000, train_adv=0.693203, train_total=0.365877, lr=0.0000477, eta_sec=5
2026-04-06 17:29:58,099 - INFO - [Eval @ Epoch 40/40] test_loss=0.443282, test_acc=0.8340, FAR=0.0080, FDR=0.9998
2026-04-06 17:29:58,100 - INFO - [Epoch 40/40] train_cls=0.301287, train_transfer=0.000000, train_adv=0.693364, train_total=0.356756, lr=0.0000100, eta_sec=0
2026-04-06 17:29:58,114 - INFO - Training done for method=cdan
2026-04-06 17:29:58,114 - INFO - Artifacts: baseline/private_runs/cdan
