2026-04-06 17:19:27,843 - INFO - method=mmd, device=cuda:0, data_dir=self_data/75_Sta_60_test_dso
2026-04-06 17:19:27,843 - INFO - epochs=40, batch_size=32, max_steps_per_epoch=80, lr=0.001, min_lr=1e-05, source_use_dso=False, target_use_dso=False
2026-04-06 17:19:33,936 - INFO - class_names=['L0', 'L120', 'L1800', 'L320', 'L330', 'L75', 'L800', 'NO_L']
2026-04-06 17:19:33,936 - INFO - source_train=25975, target_train=25975, target_test=6495
2026-04-06 17:19:33,936 - INFO - normal_class_indices=[0, 7], normal_class_names=['L0', 'NO_L']
2026-04-06 17:19:33,966 - INFO - source_class_counts=[6469.0, 12880.0, 6440.0, 14.0, 58.0, 14.0, 86.0, 14.0]
2026-04-06 17:19:39,401 - INFO - [Eval @ Epoch 1/40] test_loss=0.609838, test_acc=0.7433, FAR=0.0080, FDR=0.9990
2026-04-06 17:19:39,403 - INFO - [Epoch 1/40] train_cls=0.908351, train_transfer=0.511807, train_adv=0.000000, train_total=0.908368, lr=0.0009985, eta_sec=167
2026-04-06 17:19:45,340 - INFO - [Eval @ Epoch 5/40] test_loss=0.440196, test_acc=0.8737, FAR=0.0080, FDR=0.9992
2026-04-06 17:19:45,341 - INFO - [Epoch 5/40] train_cls=0.480577, train_transfer=0.227500, train_adv=0.000000, train_total=0.480615, lr=0.0009623, eta_sec=71
2026-04-06 17:19:52,297 - INFO - [Eval @ Epoch 10/40] test_loss=0.479273, test_acc=0.7815, FAR=0.0080, FDR=0.9998
2026-04-06 17:19:52,298 - INFO - [Epoch 10/40] train_cls=0.466170, train_transfer=0.215906, train_adv=0.000000, train_total=0.466242, lr=0.0008550, eta_sec=51
2026-04-06 17:19:58,986 - INFO - [Eval @ Epoch 15/40] test_loss=0.780945, test_acc=0.6343, FAR=0.0080, FDR=0.9998
2026-04-06 17:19:58,986 - INFO - [Epoch 15/40] train_cls=0.361834, train_transfer=0.164273, train_adv=0.000000, train_total=0.361916, lr=0.0006944, eta_sec=39
2026-04-06 17:20:05,840 - INFO - [Eval @ Epoch 20/40] test_loss=0.408065, test_acc=0.7935, FAR=0.0080, FDR=0.9992
2026-04-06 17:20:05,840 - INFO - [Epoch 20/40] train_cls=0.385351, train_transfer=0.156629, train_adv=0.000000, train_total=0.385455, lr=0.0005050, eta_sec=30
2026-04-06 17:20:12,367 - INFO - [Eval @ Epoch 25/40] test_loss=0.373330, test_acc=0.8417, FAR=0.0080, FDR=0.9998
2026-04-06 17:20:12,367 - INFO - [Epoch 25/40] train_cls=0.342326, train_transfer=0.192292, train_adv=0.000000, train_total=0.342486, lr=0.0003156, eta_sec=22
2026-04-06 17:20:19,340 - INFO - [Eval @ Epoch 30/40] test_loss=0.415115, test_acc=0.8143, FAR=0.0093, FDR=0.9998
2026-04-06 17:20:19,341 - INFO - [Epoch 30/40] train_cls=0.346107, train_transfer=0.162885, train_adv=0.000000, train_total=0.346270, lr=0.0001550, eta_sec=14
2026-04-06 17:20:26,155 - INFO - [Eval @ Epoch 35/40] test_loss=0.476978, test_acc=0.7925, FAR=0.0093, FDR=0.9998
2026-04-06 17:20:26,155 - INFO - [Epoch 35/40] train_cls=0.360063, train_transfer=0.146763, train_adv=0.000000, train_total=0.360209, lr=0.0000477, eta_sec=7
2026-04-06 17:20:32,745 - INFO - [Eval @ Epoch 40/40] test_loss=0.372459, test_acc=0.8311, FAR=0.0080, FDR=0.9998
2026-04-06 17:20:32,745 - INFO - [Epoch 40/40] train_cls=0.286636, train_transfer=0.119510, train_adv=0.000000, train_total=0.286756, lr=0.0000100, eta_sec=0
2026-04-06 17:20:32,752 - INFO - Training done for method=mmd
2026-04-06 17:20:32,752 - INFO - Artifacts: baseline/private_runs/mmd
