2026-04-06 00:59:05,512 - INFO - method=source_only, device=cuda:0, data_dir=self_data/75_Sta_60_test_dso
2026-04-06 00:59:05,512 - INFO - epochs=40, batch_size=32, max_steps_per_epoch=80, lr=0.001, min_lr=1e-05, source_use_dso=False, target_use_dso=False
2026-04-06 00:59:10,984 - INFO - class_names=['L0', 'L120', 'L1800', 'L320', 'L330', 'L75', 'L800', 'NO_L']
2026-04-06 00:59:10,984 - INFO - source_train=25975, target_train=25975, target_test=6495
2026-04-06 00:59:10,984 - INFO - normal_class_indices=[0, 7], normal_class_names=['L0', 'NO_L']
2026-04-06 00:59:15,038 - INFO - [Eval @ Epoch 1/40] test_loss=0.606927, test_acc=0.7433, FAR=0.0080, FDR=0.9990
2026-04-06 00:59:15,040 - INFO - [Epoch 1/40] train_cls=0.907420, train_transfer=0.000000, train_adv=0.000000, train_total=0.907420, lr=0.0009985, eta_sec=114
2026-04-06 00:59:17,695 - INFO - [Eval @ Epoch 5/40] test_loss=0.579138, test_acc=0.6673, FAR=0.0080, FDR=0.9996
2026-04-06 00:59:17,695 - INFO - [Epoch 5/40] train_cls=0.484652, train_transfer=0.000000, train_adv=0.000000, train_total=0.484652, lr=0.0009623, eta_sec=39
2026-04-06 00:59:20,789 - INFO - [Eval @ Epoch 10/40] test_loss=0.523465, test_acc=0.7132, FAR=0.0080, FDR=0.9998
2026-04-06 00:59:20,789 - INFO - [Epoch 10/40] train_cls=0.477934, train_transfer=0.000000, train_adv=0.000000, train_total=0.477934, lr=0.0008550, eta_sec=26
2026-04-06 00:59:23,965 - INFO - [Eval @ Epoch 15/40] test_loss=0.428571, test_acc=0.8373, FAR=0.0080, FDR=0.9998
2026-04-06 00:59:23,966 - INFO - [Epoch 15/40] train_cls=0.368971, train_transfer=0.000000, train_adv=0.000000, train_total=0.368971, lr=0.0006944, eta_sec=19
2026-04-06 00:59:27,099 - INFO - [Eval @ Epoch 20/40] test_loss=0.586856, test_acc=0.7461, FAR=0.0080, FDR=0.9982
2026-04-06 00:59:27,100 - INFO - [Epoch 20/40] train_cls=0.392592, train_transfer=0.000000, train_adv=0.000000, train_total=0.392592, lr=0.0005050, eta_sec=15
2026-04-06 00:59:30,246 - INFO - [Eval @ Epoch 25/40] test_loss=0.512248, test_acc=0.8152, FAR=0.0086, FDR=0.9998
2026-04-06 00:59:30,247 - INFO - [Epoch 25/40] train_cls=0.351646, train_transfer=0.000000, train_adv=0.000000, train_total=0.351646, lr=0.0003156, eta_sec=10
2026-04-06 00:59:33,550 - INFO - [Eval @ Epoch 30/40] test_loss=0.427388, test_acc=0.8160, FAR=0.0080, FDR=0.9998
2026-04-06 00:59:33,550 - INFO - [Epoch 30/40] train_cls=0.349121, train_transfer=0.000000, train_adv=0.000000, train_total=0.349121, lr=0.0001550, eta_sec=7
2026-04-06 00:59:36,791 - INFO - [Eval @ Epoch 35/40] test_loss=0.426293, test_acc=0.8208, FAR=0.0080, FDR=0.9998
2026-04-06 00:59:36,791 - INFO - [Epoch 35/40] train_cls=0.358122, train_transfer=0.000000, train_adv=0.000000, train_total=0.358122, lr=0.0000477, eta_sec=3
2026-04-06 00:59:39,999 - INFO - [Eval @ Epoch 40/40] test_loss=0.377218, test_acc=0.8328, FAR=0.0080, FDR=0.9996
2026-04-06 00:59:40,000 - INFO - [Epoch 40/40] train_cls=0.300824, train_transfer=0.000000, train_adv=0.000000, train_total=0.300824, lr=0.0000100, eta_sec=0
2026-04-06 00:59:40,007 - INFO - Training done for method=source_only
2026-04-06 00:59:40,008 - INFO - Artifacts: baseline/private_runs/source_only
