nohup: ignoring input
/data2/ranran/chenghaoyue/ISGFAN/Data/dataset.py:176: FutureWarning: You are using `torch.load` with `weights_only=False` (the current default value), which uses the default pickle module implicitly. It is possible to construct malicious pickle data which will execute arbitrary code during unpickling (See https://github.com/pytorch/pytorch/blob/main/SECURITY.md#untrusted-models for more details). In a future release, the default value for `weights_only` will be flipped to `True`. This limits the functions that could be executed during unpickling. Arbitrary objects will no longer be allowed to be loaded via this mode unless they are explicitly allowlisted by the user via `torch.serialization.add_safe_globals`. We recommend you start setting `weights_only=True` for any use case where you don't have full control of the loaded file. Please open an issue on GitHub for any issues related to this experimental feature.
  cache = torch.load(TEST_DATA_PATH)

Initializing data loaders ...

Loading existing test dataset from /data2/ranran/chenghaoyue/ISGFAN/Data/test_dataset.pt

Data Statistics
Source Train : 2100
Target (no y): 2100
Test (y)     : 2100
2026-03-04 17:41:07,080 - INFO - [Epoch 1/3500] loss_total=2.918070, loss_main=2.305060, loss_diff_source=93.924197, loss_label_inv=2.305476, loss_global_dom=0.693480, loss_recon=1.270899, loss_local_dom=0.000000, lr=0.00010000, epoch_time=00:00:08, eta=08:02:09
2026-03-04 17:41:07,845 - INFO - [Eval @ Epoch 1/3500] test_loss=2.304842, test_acc=0.1005
2026-03-04 17:41:51,684 - INFO - [Epoch 10/3500] loss_total=2.910881, loss_main=2.303212, loss_diff_source=47.208656, loss_label_inv=2.304374, loss_global_dom=0.692848, loss_recon=0.788001, loss_local_dom=0.000000, lr=0.00010000, epoch_time=00:00:04, eta=05:07:32
2026-03-04 17:42:36,656 - INFO - [Epoch 20/3500] loss_total=2.863339, loss_main=2.262348, loss_diff_source=47.445938, loss_label_inv=2.303238, loss_global_dom=0.692458, loss_recon=0.549395, loss_local_dom=0.000000, lr=0.00009999, epoch_time=00:00:04, eta=04:43:44
2026-03-04 17:43:21,490 - INFO - [Epoch 30/3500] loss_total=1.886170, loss_main=1.371864, loss_diff_source=115.778304, loss_label_inv=2.302738, loss_global_dom=0.689963, loss_recon=0.499148, loss_local_dom=0.041190, lr=0.00009998, epoch_time=00:00:04, eta=04:35:03
2026-03-04 17:44:06,243 - INFO - [Epoch 40/3500] loss_total=1.249651, loss_main=0.762183, loss_diff_source=112.194545, loss_label_inv=2.302236, loss_global_dom=0.679796, loss_recon=0.457068, loss_local_dom=0.437595, lr=0.00009997, epoch_time=00:00:04, eta=04:30:12
2026-03-04 17:44:51,300 - INFO - [Epoch 50/3500] loss_total=1.171582, loss_main=0.608505, loss_diff_source=122.211559, loss_label_inv=2.301750, loss_global_dom=0.682641, loss_recon=0.521726, loss_local_dom=1.326713, lr=0.00009995, epoch_time=00:00:04, eta=04:27:21
2026-03-04 17:45:36,567 - INFO - [Epoch 60/3500] loss_total=1.312588, loss_main=0.584227, loss_diff_source=132.135061, loss_label_inv=2.301236, loss_global_dom=0.674839, loss_recon=0.519094, loss_local_dom=3.043155, lr=0.00009993, epoch_time=00:00:04, eta=04:25:24
2026-03-04 17:46:21,875 - INFO - [Epoch 70/3500] loss_total=1.304627, loss_main=0.523514, loss_diff_source=143.182659, loss_label_inv=2.301031, loss_global_dom=0.685165, loss_recon=0.587525, loss_local_dom=3.659570, lr=0.00009991, epoch_time=00:00:04, eta=04:23:50
2026-03-04 17:47:07,339 - INFO - [Epoch 80/3500] loss_total=1.083617, loss_main=0.499670, loss_diff_source=147.324553, loss_label_inv=2.300054, loss_global_dom=0.677093, loss_recon=0.480224, loss_local_dom=1.906726, lr=0.00009988, epoch_time=00:00:04, eta=04:22:34
2026-03-04 17:47:53,068 - INFO - [Epoch 90/3500] loss_total=1.215709, loss_main=0.586898, loss_diff_source=145.744684, loss_label_inv=2.299172, loss_global_dom=0.682329, loss_recon=0.660987, loss_local_dom=1.993546, lr=0.00009984, epoch_time=00:00:04, eta=04:21:35
2026-03-04 17:48:37,558 - INFO - [Epoch 100/3500] loss_total=0.975114, loss_main=0.484469, loss_diff_source=150.652262, loss_label_inv=2.297974, loss_global_dom=0.673907, loss_recon=0.557650, loss_local_dom=0.766878, lr=0.00009980, epoch_time=00:00:04, eta=04:19:57
2026-03-04 17:48:37,765 - INFO - [Eval @ Epoch 100/3500] test_loss=0.707585, test_acc=0.7433
2026-03-04 17:49:22,648 - INFO - [Epoch 110/3500] loss_total=1.004067, loss_main=0.497868, loss_diff_source=144.918467, loss_label_inv=2.296946, loss_global_dom=0.680824, loss_recon=0.432811, loss_local_dom=0.887030, lr=0.00009976, epoch_time=00:00:04, eta=04:18:47
2026-03-04 17:50:07,937 - INFO - [Epoch 120/3500] loss_total=0.938230, loss_main=0.458764, loss_diff_source=143.066513, loss_label_inv=2.294637, loss_global_dom=0.668866, loss_recon=0.408582, loss_local_dom=0.721246, lr=0.00009972, epoch_time=00:00:04, eta=04:17:47
2026-03-04 17:50:53,355 - INFO - [Epoch 130/3500] loss_total=0.916809, loss_main=0.433179, loss_diff_source=140.816795, loss_label_inv=2.291343, loss_global_dom=0.674480, loss_recon=0.368737, loss_local_dom=0.764713, lr=0.00009967, epoch_time=00:00:04, eta=04:16:52
2026-03-04 17:51:38,874 - INFO - [Epoch 140/3500] loss_total=0.881881, loss_main=0.417801, loss_diff_source=138.933819, loss_label_inv=2.284025, loss_global_dom=0.676239, loss_recon=0.382163, loss_local_dom=0.575177, lr=0.00009962, epoch_time=00:00:04, eta=04:16:01
2026-03-04 17:52:23,720 - INFO - [Epoch 150/3500] loss_total=0.847418, loss_main=0.378832, loss_diff_source=135.541914, loss_label_inv=2.278463, loss_global_dom=0.670451, loss_recon=0.340982, loss_local_dom=0.692831, lr=0.00009956, epoch_time=00:00:04, eta=04:14:56
2026-03-04 17:53:09,117 - INFO - [Epoch 160/3500] loss_total=0.870864, loss_main=0.371247, loss_diff_source=135.425323, loss_label_inv=2.272596, loss_global_dom=0.674570, loss_recon=0.333750, loss_local_dom=0.991436, lr=0.00009950, epoch_time=00:00:04, eta=04:14:05
2026-03-04 17:53:54,424 - INFO - [Epoch 170/3500] loss_total=0.844859, loss_main=0.363785, loss_diff_source=133.024248, loss_label_inv=2.264232, loss_global_dom=0.676548, loss_recon=0.320238, loss_local_dom=0.805767, lr=0.00009943, epoch_time=00:00:04, eta=04:13:12
2026-03-04 17:54:40,089 - INFO - [Epoch 180/3500] loss_total=0.848882, loss_main=0.370978, loss_diff_source=131.178053, loss_label_inv=2.254283, loss_global_dom=0.683386, loss_recon=0.335013, loss_local_dom=0.732203, lr=0.00009936, epoch_time=00:00:04, eta=04:12:28
2026-03-04 17:55:24,931 - INFO - [Epoch 190/3500] loss_total=0.836066, loss_main=0.370023, loss_diff_source=131.806168, loss_label_inv=2.251282, loss_global_dom=0.680553, loss_recon=0.318944, loss_local_dom=0.630616, lr=0.00009929, epoch_time=00:00:04, eta=04:11:28
2026-03-04 17:56:10,503 - INFO - [Epoch 200/3500] loss_total=0.846390, loss_main=0.400759, loss_diff_source=125.050578, loss_label_inv=2.260417, loss_global_dom=0.681803, loss_recon=0.289031, loss_local_dom=0.391591, lr=0.00009921, epoch_time=00:00:04, eta=04:10:42
2026-03-04 17:56:10,701 - INFO - [Eval @ Epoch 200/3500] test_loss=0.595686, test_acc=0.7838
2026-03-04 17:56:56,170 - INFO - [Epoch 210/3500] loss_total=0.827379, loss_main=0.361398, loss_diff_source=123.839698, loss_label_inv=2.272170, loss_global_dom=0.679144, loss_recon=0.341354, loss_local_dom=0.641344, lr=0.00009913, epoch_time=00:00:04, eta=04:09:58
2026-03-04 17:57:41,274 - INFO - [Epoch 220/3500] loss_total=0.780828, loss_main=0.305368, loss_diff_source=121.537392, loss_label_inv=2.295007, loss_global_dom=0.673764, loss_recon=0.286581, loss_local_dom=0.822249, lr=0.00009905, epoch_time=00:00:04, eta=04:09:05
2026-03-04 17:58:26,356 - INFO - [Epoch 230/3500] loss_total=0.738884, loss_main=0.268330, loss_diff_source=121.006189, loss_label_inv=2.320064, loss_global_dom=0.673875, loss_recon=0.269875, loss_local_dom=0.808842, lr=0.00009896, epoch_time=00:00:04, eta=04:08:13
2026-03-04 17:59:11,193 - INFO - [Epoch 240/3500] loss_total=0.718304, loss_main=0.257710, loss_diff_source=119.909884, loss_label_inv=2.302579, loss_global_dom=0.674906, loss_recon=0.247114, loss_local_dom=0.718729, lr=0.00009887, epoch_time=00:00:04, eta=04:07:18
2026-03-04 17:59:55,848 - INFO - [Epoch 250/3500] loss_total=0.721088, loss_main=0.257336, loss_diff_source=118.643272, loss_label_inv=2.304982, loss_global_dom=0.671101, loss_recon=0.239942, loss_local_dom=0.770653, lr=0.00009877, epoch_time=00:00:04, eta=04:06:21
2026-03-04 18:00:40,589 - INFO - [Epoch 260/3500] loss_total=0.724133, loss_main=0.247885, loss_diff_source=119.836238, loss_label_inv=2.294156, loss_global_dom=0.667175, loss_recon=0.236544, loss_local_dom=0.930637, lr=0.00009867, epoch_time=00:00:04, eta=04:05:26
2026-03-04 18:01:25,360 - INFO - [Epoch 270/3500] loss_total=0.744056, loss_main=0.242955, loss_diff_source=123.529227, loss_label_inv=2.287211, loss_global_dom=0.669976, loss_recon=0.237630, loss_local_dom=1.175339, lr=0.00009856, epoch_time=00:00:04, eta=04:04:33
2026-03-04 18:02:10,357 - INFO - [Epoch 280/3500] loss_total=0.767464, loss_main=0.231211, loss_diff_source=125.423814, loss_label_inv=2.305142, loss_global_dom=0.669304, loss_recon=0.227381, loss_local_dom=1.588961, lr=0.00009846, epoch_time=00:00:04, eta=04:03:42
2026-03-04 18:02:55,724 - INFO - [Epoch 290/3500] loss_total=0.899959, loss_main=0.251507, loss_diff_source=227.753447, loss_label_inv=20.812951, loss_global_dom=0.679635, loss_recon=0.682507, loss_local_dom=3.716874, lr=0.00009834, epoch_time=00:00:04, eta=04:02:56
2026-03-04 18:03:39,967 - INFO - [Epoch 300/3500] loss_total=0.789038, loss_main=0.239128, loss_diff_source=231.325029, loss_label_inv=2.381447, loss_global_dom=0.669942, loss_recon=0.738051, loss_local_dom=1.780922, lr=0.00009823, epoch_time=00:00:04, eta=04:01:58
2026-03-04 18:03:40,169 - INFO - [Eval @ Epoch 300/3500] test_loss=0.418644, test_acc=0.8376
2026-03-04 18:04:24,998 - INFO - [Epoch 310/3500] loss_total=0.817046, loss_main=0.249934, loss_diff_source=228.389874, loss_label_inv=2.315419, loss_global_dom=0.671207, loss_recon=0.316058, loss_local_dom=1.889556, lr=0.00009811, epoch_time=00:00:04, eta=04:01:10
2026-03-04 18:05:09,960 - INFO - [Epoch 320/3500] loss_total=0.804178, loss_main=0.267837, loss_diff_source=238.667042, loss_label_inv=2.326311, loss_global_dom=0.678428, loss_recon=0.464799, loss_local_dom=1.425980, lr=0.00009798, epoch_time=00:00:04, eta=04:00:20
2026-03-04 18:05:54,795 - INFO - [Epoch 330/3500] loss_total=0.807140, loss_main=0.211840, loss_diff_source=227.295553, loss_label_inv=2.314909, loss_global_dom=0.678254, loss_recon=0.267051, loss_local_dom=2.757094, lr=0.00009786, epoch_time=00:00:04, eta=03:59:30
2026-03-04 18:06:39,775 - INFO - [Epoch 340/3500] loss_total=0.716051, loss_main=0.192729, loss_diff_source=237.042032, loss_label_inv=2.317022, loss_global_dom=0.674998, loss_recon=0.306847, loss_local_dom=1.476350, lr=0.00009773, epoch_time=00:00:04, eta=03:58:41
2026-03-04 18:07:25,484 - INFO - [Epoch 350/3500] loss_total=0.760134, loss_main=0.238956, loss_diff_source=224.355673, loss_label_inv=2.317432, loss_global_dom=0.683092, loss_recon=0.222933, loss_local_dom=1.313363, lr=0.00009759, epoch_time=00:00:04, eta=03:58:00
2026-03-04 18:08:11,294 - INFO - [Epoch 360/3500] loss_total=0.677084, loss_main=0.203120, loss_diff_source=236.252026, loss_label_inv=2.327161, loss_global_dom=0.675715, loss_recon=0.222471, loss_local_dom=0.998258, lr=0.00009745, epoch_time=00:00:04, eta=03:57:18
2026-03-04 18:08:57,098 - INFO - [Epoch 370/3500] loss_total=0.631879, loss_main=0.182560, loss_diff_source=242.204395, loss_label_inv=2.334548, loss_global_dom=0.671849, loss_recon=0.206430, loss_local_dom=0.748182, lr=0.00009731, epoch_time=00:00:04, eta=03:56:37
2026-03-04 18:09:42,978 - INFO - [Epoch 380/3500] loss_total=0.890191, loss_main=0.254522, loss_diff_source=223.631887, loss_label_inv=2.356353, loss_global_dom=0.685658, loss_recon=0.205971, loss_local_dom=2.714344, lr=0.00009716, epoch_time=00:00:04, eta=03:55:56
2026-03-04 18:10:28,640 - INFO - [Epoch 390/3500] loss_total=0.674798, loss_main=0.177945, loss_diff_source=233.066872, loss_label_inv=3.079173, loss_global_dom=0.682584, loss_recon=0.240009, loss_local_dom=1.211663, lr=0.00009701, epoch_time=00:00:04, eta=03:55:13
2026-03-04 18:11:14,452 - INFO - [Epoch 400/3500] loss_total=0.629390, loss_main=0.167656, loss_diff_source=231.418367, loss_label_inv=4.390443, loss_global_dom=0.673987, loss_recon=0.382744, loss_local_dom=0.873818, lr=0.00009686, epoch_time=00:00:04, eta=03:54:31
2026-03-04 18:11:14,653 - INFO - [Eval @ Epoch 400/3500] test_loss=0.402983, test_acc=0.8648
2026-03-04 18:12:00,978 - INFO - [Epoch 410/3500] loss_total=0.676370, loss_main=0.157366, loss_diff_source=237.078053, loss_label_inv=2.304360, loss_global_dom=0.669519, loss_recon=0.253260, loss_local_dom=2.608872, lr=0.00009670, epoch_time=00:00:04, eta=03:53:54
2026-03-04 18:12:46,850 - INFO - [Epoch 420/3500] loss_total=0.680454, loss_main=0.186450, loss_diff_source=236.924677, loss_label_inv=2.304534, loss_global_dom=0.667670, loss_recon=0.218796, loss_local_dom=1.611315, lr=0.00009654, epoch_time=00:00:04, eta=03:53:12
2026-03-04 18:13:32,537 - INFO - [Epoch 430/3500] loss_total=0.661113, loss_main=0.175430, loss_diff_source=231.759920, loss_label_inv=2.304295, loss_global_dom=0.673630, loss_recon=0.199215, loss_local_dom=1.288981, lr=0.00009638, epoch_time=00:00:04, eta=03:52:28
2026-03-04 18:14:17,795 - INFO - [Epoch 440/3500] loss_total=0.725541, loss_main=0.194990, loss_diff_source=233.472527, loss_label_inv=2.304638, loss_global_dom=0.684379, loss_recon=0.186991, loss_local_dom=1.916614, lr=0.00009621, epoch_time=00:00:04, eta=03:51:42
2026-03-04 18:15:03,983 - INFO - [Epoch 450/3500] loss_total=0.665002, loss_main=0.175696, loss_diff_source=235.698790, loss_label_inv=2.303825, loss_global_dom=0.677800, loss_recon=0.192415, loss_local_dom=1.145456, lr=0.00009603, epoch_time=00:00:04, eta=03:51:01
2026-03-04 18:15:49,656 - INFO - [Epoch 460/3500] loss_total=0.679970, loss_main=0.170513, loss_diff_source=236.684929, loss_label_inv=2.304225, loss_global_dom=0.669982, loss_recon=0.232041, loss_local_dom=1.810638, lr=0.00009586, epoch_time=00:00:04, eta=03:50:17
2026-03-04 18:16:35,372 - INFO - [Epoch 470/3500] loss_total=0.667339, loss_main=0.154639, loss_diff_source=231.145597, loss_label_inv=2.303969, loss_global_dom=0.671613, loss_recon=0.186539, loss_local_dom=2.251652, lr=0.00009568, epoch_time=00:00:04, eta=03:49:33
2026-03-04 18:17:20,994 - INFO - [Epoch 480/3500] loss_total=0.779992, loss_main=0.222195, loss_diff_source=235.258682, loss_label_inv=2.303716, loss_global_dom=0.749070, loss_recon=0.193577, loss_local_dom=3.490369, lr=0.00009549, epoch_time=00:00:04, eta=03:48:49
2026-03-04 18:18:06,714 - INFO - [Epoch 490/3500] loss_total=0.719362, loss_main=0.190701, loss_diff_source=235.718149, loss_label_inv=2.303577, loss_global_dom=0.673419, loss_recon=0.284281, loss_local_dom=4.884989, lr=0.00009531, epoch_time=00:00:04, eta=03:48:05
2026-03-04 18:18:52,734 - INFO - [Epoch 500/3500] loss_total=0.745024, loss_main=0.197589, loss_diff_source=236.972326, loss_label_inv=2.303635, loss_global_dom=0.676683, loss_recon=0.210471, loss_local_dom=3.639242, lr=0.00009512, epoch_time=00:00:04, eta=03:47:23
2026-03-04 18:18:52,947 - INFO - [Eval @ Epoch 500/3500] test_loss=0.466197, test_acc=0.8671
2026-03-04 18:19:39,333 - INFO - [Epoch 510/3500] loss_total=0.681446, loss_main=0.166583, loss_diff_source=233.428396, loss_label_inv=2.303444, loss_global_dom=0.672266, loss_recon=0.170347, loss_local_dom=2.439019, lr=0.00009492, epoch_time=00:00:04, eta=03:46:44
2026-03-04 18:20:25,073 - INFO - [Epoch 520/3500] loss_total=0.614210, loss_main=0.160331, loss_diff_source=233.516754, loss_label_inv=2.303623, loss_global_dom=0.673700, loss_recon=0.159707, loss_local_dom=0.833654, lr=0.00009473, epoch_time=00:00:04, eta=03:46:00
2026-03-04 18:21:11,065 - INFO - [Epoch 530/3500] loss_total=0.644037, loss_main=0.181427, loss_diff_source=228.996881, loss_label_inv=2.303622, loss_global_dom=0.671078, loss_recon=0.157351, loss_local_dom=0.895519, lr=0.00009452, epoch_time=00:00:04, eta=03:45:17
2026-03-04 18:21:56,667 - INFO - [Epoch 540/3500] loss_total=0.648792, loss_main=0.190894, loss_diff_source=227.923315, loss_label_inv=2.303501, loss_global_dom=0.676497, loss_recon=0.153814, loss_local_dom=0.810567, lr=0.00009432, epoch_time=00:00:04, eta=03:44:32
2026-03-04 18:22:42,176 - INFO - [Epoch 550/3500] loss_total=0.649977, loss_main=0.197550, loss_diff_source=229.534906, loss_label_inv=2.303550, loss_global_dom=0.675392, loss_recon=0.150835, loss_local_dom=0.738107, lr=0.00009411, epoch_time=00:00:04, eta=03:43:47
2026-03-04 18:23:27,716 - INFO - [Epoch 560/3500] loss_total=0.647837, loss_main=0.182889, loss_diff_source=222.263393, loss_label_inv=2.303362, loss_global_dom=0.677973, loss_recon=0.149508, loss_local_dom=0.884580, lr=0.00009390, epoch_time=00:00:04, eta=03:43:01
2026-03-04 18:24:13,279 - INFO - [Epoch 570/3500] loss_total=0.607964, loss_main=0.153428, loss_diff_source=223.694790, loss_label_inv=2.303371, loss_global_dom=0.670442, loss_recon=0.148794, loss_local_dom=0.882034, lr=0.00009368, epoch_time=00:00:04, eta=03:42:16
2026-03-04 18:24:58,516 - INFO - [Epoch 580/3500] loss_total=0.597639, loss_main=0.152216, loss_diff_source=238.043074, loss_label_inv=2.303295, loss_global_dom=0.671381, loss_recon=0.137486, loss_local_dom=0.781779, lr=0.00009346, epoch_time=00:00:04, eta=03:41:29
2026-03-04 18:25:44,021 - INFO - [Epoch 590/3500] loss_total=0.805510, loss_main=0.242842, loss_diff_source=238.660067, loss_label_inv=2.303179, loss_global_dom=0.689610, loss_recon=0.130716, loss_local_dom=1.781792, lr=0.00009324, epoch_time=00:00:04, eta=03:40:43
2026-03-04 18:26:29,652 - INFO - [Epoch 600/3500] loss_total=0.625233, loss_main=0.133085, loss_diff_source=224.667452, loss_label_inv=2.303214, loss_global_dom=0.677672, loss_recon=0.152141, loss_local_dom=2.550031, lr=0.00009302, epoch_time=00:00:04, eta=03:39:59
2026-03-04 18:26:29,857 - INFO - [Eval @ Epoch 600/3500] test_loss=0.348963, test_acc=0.8981
2026-03-04 18:27:14,963 - INFO - [Epoch 610/3500] loss_total=0.703101, loss_main=0.165822, loss_diff_source=240.813967, loss_label_inv=2.303011, loss_global_dom=0.694384, loss_recon=0.102420, loss_local_dom=1.643999, lr=0.00009279, epoch_time=00:00:04, eta=03:39:12
2026-03-04 18:28:01,399 - INFO - [Epoch 620/3500] loss_total=0.749798, loss_main=0.196643, loss_diff_source=218.069960, loss_label_inv=2.302953, loss_global_dom=0.687899, loss_recon=0.084015, loss_local_dom=1.989640, lr=0.00009255, epoch_time=00:00:04, eta=03:38:31
2026-03-04 18:28:47,278 - INFO - [Epoch 630/3500] loss_total=0.644411, loss_main=0.162196, loss_diff_source=251.241598, loss_label_inv=2.303141, loss_global_dom=0.685204, loss_recon=0.056192, loss_local_dom=1.066122, lr=0.00009232, epoch_time=00:00:04, eta=03:37:47
2026-03-04 18:29:32,618 - INFO - [Epoch 640/3500] loss_total=0.697112, loss_main=0.166699, loss_diff_source=221.182518, loss_label_inv=2.302797, loss_global_dom=0.686330, loss_recon=0.065467, loss_local_dom=1.793453, lr=0.00009208, epoch_time=00:00:04, eta=03:37:01
2026-03-04 18:30:18,215 - INFO - [Epoch 650/3500] loss_total=0.657785, loss_main=0.178320, loss_diff_source=229.832537, loss_label_inv=2.302838, loss_global_dom=0.691374, loss_recon=0.058942, loss_local_dom=0.983089, lr=0.00009184, epoch_time=00:00:04, eta=03:36:15
2026-03-04 18:31:03,812 - INFO - [Epoch 660/3500] loss_total=0.687512, loss_main=0.157085, loss_diff_source=232.439459, loss_label_inv=2.303010, loss_global_dom=0.682783, loss_recon=0.053296, loss_local_dom=4.025610, lr=0.00009159, epoch_time=00:00:04, eta=03:35:30
2026-03-04 18:31:48,957 - INFO - [Epoch 670/3500] loss_total=0.673248, loss_main=0.151518, loss_diff_source=234.506012, loss_label_inv=3.182987, loss_global_dom=0.679112, loss_recon=0.309969, loss_local_dom=1.795463, lr=0.00009134, epoch_time=00:00:04, eta=03:34:43
2026-03-04 18:32:35,058 - INFO - [Epoch 680/3500] loss_total=0.664147, loss_main=0.157350, loss_diff_source=228.440308, loss_label_inv=2.311169, loss_global_dom=0.675091, loss_recon=0.106007, loss_local_dom=1.494148, lr=0.00009109, epoch_time=00:00:04, eta=03:34:00
2026-03-04 18:33:21,166 - INFO - [Epoch 690/3500] loss_total=0.621806, loss_main=0.143403, loss_diff_source=222.248957, loss_label_inv=2.312550, loss_global_dom=0.674360, loss_recon=0.096915, loss_local_dom=1.154143, lr=0.00009083, epoch_time=00:00:04, eta=03:33:17
2026-03-04 18:34:07,335 - INFO - [Epoch 700/3500] loss_total=0.639108, loss_main=0.142461, loss_diff_source=237.372572, loss_label_inv=28.148203, loss_global_dom=0.672058, loss_recon=0.502411, loss_local_dom=2.569271, lr=0.00009057, epoch_time=00:00:04, eta=03:32:34
2026-03-04 18:34:07,529 - INFO - [Eval @ Epoch 700/3500] test_loss=0.275294, test_acc=0.9095
2026-03-04 18:34:53,649 - INFO - [Epoch 710/3500] loss_total=0.697830, loss_main=0.163675, loss_diff_source=214.005085, loss_label_inv=2.302678, loss_global_dom=0.673509, loss_recon=0.147050, loss_local_dom=5.724146, lr=0.00009031, epoch_time=00:00:04, eta=03:31:51
2026-03-04 18:35:39,469 - INFO - [Epoch 720/3500] loss_total=0.602423, loss_main=0.119290, loss_diff_source=231.261177, loss_label_inv=2.303078, loss_global_dom=0.678022, loss_recon=0.097377, loss_local_dom=6.400455, lr=0.00009004, epoch_time=00:00:04, eta=03:31:06
2026-03-04 18:36:25,130 - INFO - [Epoch 730/3500] loss_total=0.599091, loss_main=0.125651, loss_diff_source=232.804249, loss_label_inv=2.302931, loss_global_dom=0.672344, loss_recon=0.063450, loss_local_dom=1.581038, lr=0.00008978, epoch_time=00:00:04, eta=03:30:21
2026-03-04 18:37:11,525 - INFO - [Epoch 740/3500] loss_total=0.606092, loss_main=0.123360, loss_diff_source=227.257557, loss_label_inv=2.302914, loss_global_dom=0.673041, loss_recon=0.051657, loss_local_dom=1.889479, lr=0.00008950, epoch_time=00:00:04, eta=03:29:39
2026-03-04 18:37:57,353 - INFO - [Epoch 750/3500] loss_total=0.698302, loss_main=0.160809, loss_diff_source=228.561554, loss_label_inv=2.302942, loss_global_dom=0.688070, loss_recon=0.048613, loss_local_dom=4.320040, lr=0.00008923, epoch_time=00:00:04, eta=03:28:54
2026-03-04 18:38:43,217 - INFO - [Epoch 760/3500] loss_total=0.673033, loss_main=0.152242, loss_diff_source=230.700418, loss_label_inv=2.302908, loss_global_dom=0.676980, loss_recon=0.043478, loss_local_dom=2.364673, lr=0.00008895, epoch_time=00:00:04, eta=03:28:10
2026-03-04 18:39:29,579 - INFO - [Epoch 770/3500] loss_total=0.623831, loss_main=0.128015, loss_diff_source=220.026844, loss_label_inv=2.302838, loss_global_dom=0.683377, loss_recon=0.051077, loss_local_dom=2.272001, lr=0.00008867, epoch_time=00:00:04, eta=03:27:27
2026-03-04 18:40:14,656 - INFO - [Epoch 780/3500] loss_total=0.558740, loss_main=0.112510, loss_diff_source=242.101095, loss_label_inv=2.651367, loss_global_dom=0.673163, loss_recon=0.178620, loss_local_dom=0.969391, lr=0.00008838, epoch_time=00:00:04, eta=03:26:39
2026-03-04 18:41:00,728 - INFO - [Epoch 790/3500] loss_total=0.569104, loss_main=0.127911, loss_diff_source=237.618673, loss_label_inv=21.533519, loss_global_dom=0.679764, loss_recon=0.459074, loss_local_dom=0.711382, lr=0.00008810, epoch_time=00:00:04, eta=03:25:55
2026-03-04 18:41:46,488 - INFO - [Epoch 800/3500] loss_total=0.558037, loss_main=0.113235, loss_diff_source=228.223814, loss_label_inv=2.394280, loss_global_dom=0.676917, loss_recon=0.176291, loss_local_dom=0.954337, lr=0.00008781, epoch_time=00:00:04, eta=03:25:10
2026-03-04 18:41:46,694 - INFO - [Eval @ Epoch 800/3500] test_loss=0.233605, test_acc=0.9171
2026-03-04 18:42:31,802 - INFO - [Epoch 810/3500] loss_total=0.534046, loss_main=0.099470, loss_diff_source=232.522015, loss_label_inv=2.312142, loss_global_dom=0.677806, loss_recon=0.093807, loss_local_dom=0.753822, lr=0.00008751, epoch_time=00:00:04, eta=03:24:24
2026-03-04 18:43:18,080 - INFO - [Epoch 820/3500] loss_total=0.566129, loss_main=0.125367, loss_diff_source=228.828102, loss_label_inv=2.571426, loss_global_dom=0.675697, loss_recon=0.266050, loss_local_dom=0.751803, lr=0.00008722, epoch_time=00:00:04, eta=03:23:41
2026-03-04 18:44:04,112 - INFO - [Epoch 830/3500] loss_total=0.561802, loss_main=0.113511, loss_diff_source=222.862759, loss_label_inv=2.308938, loss_global_dom=0.673338, loss_recon=0.070725, loss_local_dom=0.905414, lr=0.00008692, epoch_time=00:00:04, eta=03:22:56
2026-03-04 18:44:49,488 - INFO - [Epoch 840/3500] loss_total=0.519850, loss_main=0.092136, loss_diff_source=224.073910, loss_label_inv=2.308810, loss_global_dom=0.674890, loss_recon=0.058848, loss_local_dom=0.734428, lr=0.00008661, epoch_time=00:00:04, eta=03:22:10
2026-03-04 18:45:34,967 - INFO - [Epoch 850/3500] loss_total=0.572395, loss_main=0.124451, loss_diff_source=221.777021, loss_label_inv=2.313962, loss_global_dom=0.681012, loss_recon=0.061330, loss_local_dom=0.890100, lr=0.00008631, epoch_time=00:00:04, eta=03:21:24
2026-03-04 18:46:21,067 - INFO - [Epoch 860/3500] loss_total=0.530968, loss_main=0.093497, loss_diff_source=220.532288, loss_label_inv=4.652860, loss_global_dom=0.677421, loss_recon=0.160517, loss_local_dom=0.808833, lr=0.00008600, epoch_time=00:00:04, eta=03:20:40
2026-03-04 18:47:07,128 - INFO - [Epoch 870/3500] loss_total=0.553257, loss_main=0.124256, loss_diff_source=218.490021, loss_label_inv=2.313539, loss_global_dom=0.677734, loss_recon=0.062344, loss_local_dom=0.671829, lr=0.00008569, epoch_time=00:00:04, eta=03:19:56
2026-03-04 18:47:52,874 - INFO - [Epoch 880/3500] loss_total=0.514703, loss_main=0.091269, loss_diff_source=218.055378, loss_label_inv=2.315244, loss_global_dom=0.671466, loss_recon=0.052816, loss_local_dom=0.795796, lr=0.00008538, epoch_time=00:00:04, eta=03:19:10
2026-03-04 18:48:39,082 - INFO - [Epoch 890/3500] loss_total=0.499139, loss_main=0.077343, loss_diff_source=216.766409, loss_label_inv=2.326826, loss_global_dom=0.675025, loss_recon=0.050119, loss_local_dom=0.866992, lr=0.00008506, epoch_time=00:00:04, eta=03:18:27
2026-03-04 18:49:25,634 - INFO - [Epoch 900/3500] loss_total=0.513096, loss_main=0.104498, loss_diff_source=217.095066, loss_label_inv=2.316008, loss_global_dom=0.669126, loss_recon=0.046303, loss_local_dom=0.870417, lr=0.00008474, epoch_time=00:00:04, eta=03:17:44
2026-03-04 18:49:25,837 - INFO - [Eval @ Epoch 900/3500] test_loss=0.206235, test_acc=0.9352
2026-03-04 18:50:11,623 - INFO - [Epoch 910/3500] loss_total=0.548035, loss_main=0.108895, loss_diff_source=219.026653, loss_label_inv=2.325981, loss_global_dom=0.675066, loss_recon=0.044634, loss_local_dom=0.807582, lr=0.00008442, epoch_time=00:00:04, eta=03:16:59
2026-03-04 18:50:57,064 - INFO - [Epoch 920/3500] loss_total=0.489195, loss_main=0.089032, loss_diff_source=218.256069, loss_label_inv=2.633538, loss_global_dom=0.668727, loss_recon=0.103272, loss_local_dom=0.810268, lr=0.00008409, epoch_time=00:00:04, eta=03:16:13
2026-03-04 18:51:42,568 - INFO - [Epoch 930/3500] loss_total=0.510992, loss_main=0.083164, loss_diff_source=215.332491, loss_label_inv=2.333199, loss_global_dom=0.673986, loss_recon=0.089462, loss_local_dom=0.844123, lr=0.00008376, epoch_time=00:00:04, eta=03:15:27
2026-03-04 18:52:28,407 - INFO - [Epoch 940/3500] loss_total=0.514421, loss_main=0.092022, loss_diff_source=216.625767, loss_label_inv=4.525649, loss_global_dom=0.669423, loss_recon=0.127129, loss_local_dom=0.857679, lr=0.00008343, epoch_time=00:00:04, eta=03:14:42
2026-03-04 18:53:14,081 - INFO - [Epoch 950/3500] loss_total=0.496228, loss_main=0.090596, loss_diff_source=215.546257, loss_label_inv=2.323773, loss_global_dom=0.674625, loss_recon=0.060417, loss_local_dom=0.765254, lr=0.00008310, epoch_time=00:00:04, eta=03:13:56
2026-03-04 18:53:59,209 - INFO - [Epoch 960/3500] loss_total=0.526106, loss_main=0.117557, loss_diff_source=214.458229, loss_label_inv=2.321145, loss_global_dom=0.677972, loss_recon=0.062680, loss_local_dom=0.733060, lr=0.00008277, epoch_time=00:00:04, eta=03:13:09
2026-03-04 18:54:44,395 - INFO - [Epoch 970/3500] loss_total=0.502100, loss_main=0.080359, loss_diff_source=213.833916, loss_label_inv=2.335287, loss_global_dom=0.674631, loss_recon=0.046400, loss_local_dom=0.865857, lr=0.00008243, epoch_time=00:00:04, eta=03:12:23
2026-03-04 18:55:29,447 - INFO - [Epoch 980/3500] loss_total=0.552909, loss_main=0.102346, loss_diff_source=217.572365, loss_label_inv=4.534987, loss_global_dom=0.675388, loss_recon=0.225001, loss_local_dom=0.984953, lr=0.00008209, epoch_time=00:00:04, eta=03:11:35
2026-03-04 18:56:14,587 - INFO - [Epoch 990/3500] loss_total=0.518933, loss_main=0.089737, loss_diff_source=218.011591, loss_label_inv=2.545385, loss_global_dom=0.681577, loss_recon=0.269107, loss_local_dom=1.245227, lr=0.00008174, epoch_time=00:00:04, eta=03:10:49
2026-03-04 18:56:59,940 - INFO - [Epoch 1000/3500] loss_total=0.519011, loss_main=0.085530, loss_diff_source=220.401180, loss_label_inv=2.468145, loss_global_dom=0.676786, loss_recon=0.116316, loss_local_dom=2.164105, lr=0.00008140, epoch_time=00:00:04, eta=03:10:02
2026-03-04 18:57:00,143 - INFO - [Eval @ Epoch 1000/3500] test_loss=0.216516, test_acc=0.9371
2026-03-04 18:57:44,577 - INFO - [Epoch 1010/3500] loss_total=0.505168, loss_main=0.089551, loss_diff_source=224.053238, loss_label_inv=16.194657, loss_global_dom=0.671375, loss_recon=0.162323, loss_local_dom=0.913385, lr=0.00008105, epoch_time=00:00:04, eta=03:09:14
2026-03-04 18:58:29,457 - INFO - [Epoch 1020/3500] loss_total=0.531557, loss_main=0.091677, loss_diff_source=227.181166, loss_label_inv=25.639404, loss_global_dom=0.688758, loss_recon=0.173327, loss_local_dom=1.594077, lr=0.00008070, epoch_time=00:00:04, eta=03:08:27
2026-03-04 18:59:13,971 - INFO - [Epoch 1030/3500] loss_total=0.534383, loss_main=0.094864, loss_diff_source=224.156900, loss_label_inv=2.909361, loss_global_dom=0.675170, loss_recon=0.241174, loss_local_dom=1.890948, lr=0.00008035, epoch_time=00:00:04, eta=03:07:39
2026-03-04 18:59:58,836 - INFO - [Epoch 1040/3500] loss_total=0.550391, loss_main=0.111518, loss_diff_source=231.103365, loss_label_inv=2.313004, loss_global_dom=0.690520, loss_recon=0.062758, loss_local_dom=0.931193, lr=0.00007999, epoch_time=00:00:04, eta=03:06:51
2026-03-04 19:00:43,747 - INFO - [Epoch 1050/3500] loss_total=0.544519, loss_main=0.099764, loss_diff_source=226.557131, loss_label_inv=2.306284, loss_global_dom=0.679576, loss_recon=0.050407, loss_local_dom=0.987976, lr=0.00007963, epoch_time=00:00:04, eta=03:06:04
2026-03-04 19:01:28,246 - INFO - [Epoch 1060/3500] loss_total=0.529193, loss_main=0.087985, loss_diff_source=226.265724, loss_label_inv=2.303448, loss_global_dom=0.676166, loss_recon=0.046571, loss_local_dom=0.930050, lr=0.00007927, epoch_time=00:00:04, eta=03:05:16
2026-03-04 19:02:12,894 - INFO - [Epoch 1070/3500] loss_total=0.572330, loss_main=0.112799, loss_diff_source=222.971308, loss_label_inv=2.303209, loss_global_dom=0.676340, loss_recon=0.051699, loss_local_dom=1.059710, lr=0.00007891, epoch_time=00:00:04, eta=03:04:29
2026-03-04 19:02:57,554 - INFO - [Epoch 1080/3500] loss_total=0.553570, loss_main=0.103352, loss_diff_source=228.091175, loss_label_inv=2.302995, loss_global_dom=0.681450, loss_recon=0.040911, loss_local_dom=1.435663, lr=0.00007854, epoch_time=00:00:04, eta=03:03:41
2026-03-04 19:03:41,948 - INFO - [Epoch 1090/3500] loss_total=0.574387, loss_main=0.108076, loss_diff_source=232.240791, loss_label_inv=2.302948, loss_global_dom=0.678716, loss_recon=0.039186, loss_local_dom=3.635459, lr=0.00007818, epoch_time=00:00:04, eta=03:02:53
2026-03-04 19:04:26,711 - INFO - [Epoch 1100/3500] loss_total=0.558924, loss_main=0.104780, loss_diff_source=233.540554, loss_label_inv=2.303005, loss_global_dom=0.681933, loss_recon=0.039442, loss_local_dom=1.836678, lr=0.00007781, epoch_time=00:00:04, eta=03:02:06
2026-03-04 19:04:26,910 - INFO - [Eval @ Epoch 1100/3500] test_loss=0.252010, test_acc=0.9257
2026-03-04 19:05:12,425 - INFO - [Epoch 1110/3500] loss_total=0.517958, loss_main=0.085502, loss_diff_source=233.193508, loss_label_inv=2.302890, loss_global_dom=0.678718, loss_recon=0.036937, loss_local_dom=1.804114, lr=0.00007743, epoch_time=00:00:04, eta=03:01:21
2026-03-04 19:05:57,340 - INFO - [Epoch 1120/3500] loss_total=0.586977, loss_main=0.118198, loss_diff_source=235.299906, loss_label_inv=2.303093, loss_global_dom=0.678965, loss_recon=0.035961, loss_local_dom=1.949549, lr=0.00007706, epoch_time=00:00:04, eta=03:00:34
2026-03-04 19:06:42,478 - INFO - [Epoch 1130/3500] loss_total=0.609321, loss_main=0.121031, loss_diff_source=234.640808, loss_label_inv=2.302944, loss_global_dom=0.685309, loss_recon=0.039802, loss_local_dom=3.908208, lr=0.00007668, epoch_time=00:00:04, eta=02:59:48
2026-03-04 19:07:27,198 - INFO - [Epoch 1140/3500] loss_total=0.501997, loss_main=0.079065, loss_diff_source=241.989075, loss_label_inv=2.302986, loss_global_dom=0.676989, loss_recon=0.036315, loss_local_dom=2.862566, lr=0.00007631, epoch_time=00:00:04, eta=02:59:00
2026-03-04 19:08:11,840 - INFO - [Epoch 1150/3500] loss_total=0.568231, loss_main=0.103851, loss_diff_source=239.017626, loss_label_inv=2.302938, loss_global_dom=0.678247, loss_recon=0.063584, loss_local_dom=3.987465, lr=0.00007593, epoch_time=00:00:04, eta=02:58:13
2026-03-04 19:08:56,723 - INFO - [Epoch 1160/3500] loss_total=0.555579, loss_main=0.099151, loss_diff_source=243.109228, loss_label_inv=2.302819, loss_global_dom=0.680140, loss_recon=0.033218, loss_local_dom=3.927945, lr=0.00007554, epoch_time=00:00:04, eta=02:57:26
2026-03-04 19:09:40,812 - INFO - [Epoch 1170/3500] loss_total=0.523178, loss_main=0.085611, loss_diff_source=237.522629, loss_label_inv=2.302928, loss_global_dom=0.675704, loss_recon=0.032236, loss_local_dom=4.251825, lr=0.00007516, epoch_time=00:00:04, eta=02:56:38
2026-03-04 19:10:25,519 - INFO - [Epoch 1180/3500] loss_total=0.605119, loss_main=0.139592, loss_diff_source=249.167847, loss_label_inv=2.302897, loss_global_dom=0.687559, loss_recon=0.030998, loss_local_dom=1.023517, lr=0.00007477, epoch_time=00:00:04, eta=02:55:51
2026-03-04 19:11:09,969 - INFO - [Epoch 1190/3500] loss_total=0.572438, loss_main=0.106654, loss_diff_source=238.481325, loss_label_inv=2.302662, loss_global_dom=0.685350, loss_recon=0.029151, loss_local_dom=1.316466, lr=0.00007439, epoch_time=00:00:04, eta=02:55:04
2026-03-04 19:11:54,468 - INFO - [Epoch 1200/3500] loss_total=0.488208, loss_main=0.076912, loss_diff_source=233.050043, loss_label_inv=2.302884, loss_global_dom=0.686723, loss_recon=0.043129, loss_local_dom=1.010013, lr=0.00007400, epoch_time=00:00:04, eta=02:54:16
2026-03-04 19:11:54,666 - INFO - [Eval @ Epoch 1200/3500] test_loss=0.196524, test_acc=0.9395
2026-03-04 19:12:39,221 - INFO - [Epoch 1210/3500] loss_total=0.461781, loss_main=0.083675, loss_diff_source=232.338387, loss_label_inv=2.302803, loss_global_dom=0.682679, loss_recon=0.030343, loss_local_dom=0.942036, lr=0.00007360, epoch_time=00:00:04, eta=02:53:29
2026-03-04 19:13:23,621 - INFO - [Epoch 1220/3500] loss_total=0.542195, loss_main=0.102078, loss_diff_source=235.202841, loss_label_inv=2.302937, loss_global_dom=0.684919, loss_recon=0.029703, loss_local_dom=0.881925, lr=0.00007321, epoch_time=00:00:04, eta=02:52:42
2026-03-04 19:14:08,052 - INFO - [Epoch 1230/3500] loss_total=0.470308, loss_main=0.075639, loss_diff_source=233.390495, loss_label_inv=2.302880, loss_global_dom=0.680447, loss_recon=0.028949, loss_local_dom=0.845827, lr=0.00007281, epoch_time=00:00:04, eta=02:51:55
2026-03-04 19:14:52,509 - INFO - [Epoch 1240/3500] loss_total=0.475263, loss_main=0.078738, loss_diff_source=233.158052, loss_label_inv=2.302907, loss_global_dom=0.681595, loss_recon=0.027226, loss_local_dom=0.811028, lr=0.00007242, epoch_time=00:00:04, eta=02:51:07
2026-03-04 19:15:36,857 - INFO - [Epoch 1250/3500] loss_total=0.474295, loss_main=0.076180, loss_diff_source=228.978979, loss_label_inv=2.302902, loss_global_dom=0.686454, loss_recon=0.026808, loss_local_dom=0.857635, lr=0.00007202, epoch_time=00:00:04, eta=02:50:20
2026-03-04 19:16:21,108 - INFO - [Epoch 1260/3500] loss_total=0.436709, loss_main=0.068929, loss_diff_source=231.805227, loss_label_inv=2.302746, loss_global_dom=0.676189, loss_recon=0.027798, loss_local_dom=0.806488, lr=0.00007162, epoch_time=00:00:04, eta=02:49:32
2026-03-04 19:17:05,093 - INFO - [Epoch 1270/3500] loss_total=0.500345, loss_main=0.089624, loss_diff_source=230.501566, loss_label_inv=2.302785, loss_global_dom=0.676536, loss_recon=0.029772, loss_local_dom=0.767890, lr=0.00007121, epoch_time=00:00:04, eta=02:48:45
2026-03-04 19:17:50,116 - INFO - [Epoch 1280/3500] loss_total=0.447873, loss_main=0.063683, loss_diff_source=228.857166, loss_label_inv=2.302766, loss_global_dom=0.675429, loss_recon=0.026431, loss_local_dom=0.903344, lr=0.00007081, epoch_time=00:00:04, eta=02:47:58
2026-03-04 19:18:34,621 - INFO - [Epoch 1290/3500] loss_total=0.441888, loss_main=0.071560, loss_diff_source=231.783709, loss_label_inv=2.302761, loss_global_dom=0.676096, loss_recon=0.023864, loss_local_dom=0.764864, lr=0.00007040, epoch_time=00:00:04, eta=02:47:12
2026-03-04 19:19:19,411 - INFO - [Epoch 1300/3500] loss_total=0.362580, loss_main=0.050332, loss_diff_source=229.181990, loss_label_inv=2.302813, loss_global_dom=0.674036, loss_recon=0.023676, loss_local_dom=0.830738, lr=0.00007000, epoch_time=00:00:04, eta=02:46:25
2026-03-04 19:19:19,616 - INFO - [Eval @ Epoch 1300/3500] test_loss=0.158420, test_acc=0.9476
2026-03-04 19:20:04,393 - INFO - [Epoch 1310/3500] loss_total=0.464036, loss_main=0.073016, loss_diff_source=228.049416, loss_label_inv=2.302882, loss_global_dom=0.674538, loss_recon=0.023473, loss_local_dom=0.886959, lr=0.00006959, epoch_time=00:00:04, eta=02:45:39
2026-03-04 19:20:49,148 - INFO - [Epoch 1320/3500] loss_total=0.480436, loss_main=0.070750, loss_diff_source=231.193747, loss_label_inv=2.302869, loss_global_dom=0.678390, loss_recon=0.022743, loss_local_dom=0.931388, lr=0.00006918, epoch_time=00:00:04, eta=02:44:53
2026-03-04 19:21:33,495 - INFO - [Epoch 1330/3500] loss_total=0.440497, loss_main=0.064480, loss_diff_source=229.098679, loss_label_inv=2.302765, loss_global_dom=0.675623, loss_recon=0.022135, loss_local_dom=0.804612, lr=0.00006876, epoch_time=00:00:04, eta=02:44:06
2026-03-04 19:22:18,281 - INFO - [Epoch 1340/3500] loss_total=0.409034, loss_main=0.062422, loss_diff_source=232.146124, loss_label_inv=2.302721, loss_global_dom=0.673987, loss_recon=0.085893, loss_local_dom=0.952641, lr=0.00006835, epoch_time=00:00:04, eta=02:43:19
2026-03-04 19:23:03,112 - INFO - [Epoch 1350/3500] loss_total=0.418079, loss_main=0.058073, loss_diff_source=231.549368, loss_label_inv=2.302736, loss_global_dom=0.674482, loss_recon=0.021850, loss_local_dom=0.865804, lr=0.00006793, epoch_time=00:00:04, eta=02:42:33
2026-03-04 19:23:47,799 - INFO - [Epoch 1360/3500] loss_total=0.400611, loss_main=0.057571, loss_diff_source=229.891899, loss_label_inv=2.302780, loss_global_dom=0.670757, loss_recon=0.021089, loss_local_dom=0.913808, lr=0.00006752, epoch_time=00:00:04, eta=02:41:47
2026-03-04 19:24:32,800 - INFO - [Epoch 1370/3500] loss_total=0.497798, loss_main=0.081834, loss_diff_source=231.487844, loss_label_inv=2.302659, loss_global_dom=0.674399, loss_recon=0.020532, loss_local_dom=0.915065, lr=0.00006710, epoch_time=00:00:04, eta=02:41:01
2026-03-04 19:25:17,915 - INFO - [Epoch 1380/3500] loss_total=0.407244, loss_main=0.058844, loss_diff_source=232.052603, loss_label_inv=2.302753, loss_global_dom=0.674300, loss_recon=0.019978, loss_local_dom=0.953473, lr=0.00006668, epoch_time=00:00:04, eta=02:40:15
2026-03-04 19:26:03,238 - INFO - [Epoch 1390/3500] loss_total=0.446941, loss_main=0.067301, loss_diff_source=231.007772, loss_label_inv=2.302753, loss_global_dom=0.678040, loss_recon=0.019523, loss_local_dom=1.045546, lr=0.00006626, epoch_time=00:00:04, eta=02:39:30
2026-03-04 19:26:48,547 - INFO - [Epoch 1400/3500] loss_total=0.428010, loss_main=0.062711, loss_diff_source=232.354254, loss_label_inv=2.302733, loss_global_dom=0.677639, loss_recon=0.022350, loss_local_dom=0.929763, lr=0.00006584, epoch_time=00:00:04, eta=02:38:44
2026-03-04 19:26:48,752 - INFO - [Eval @ Epoch 1400/3500] test_loss=0.163215, test_acc=0.9481
2026-03-04 19:27:33,604 - INFO - [Epoch 1410/3500] loss_total=0.374397, loss_main=0.052592, loss_diff_source=231.495529, loss_label_inv=2.302808, loss_global_dom=0.673963, loss_recon=0.019231, loss_local_dom=0.867998, lr=0.00006542, epoch_time=00:00:04, eta=02:37:58
2026-03-04 19:28:18,972 - INFO - [Epoch 1420/3500] loss_total=0.463574, loss_main=0.079985, loss_diff_source=231.892073, loss_label_inv=2.302572, loss_global_dom=0.676609, loss_recon=0.019223, loss_local_dom=0.941528, lr=0.00006499, epoch_time=00:00:04, eta=02:37:13
2026-03-04 19:29:04,128 - INFO - [Epoch 1430/3500] loss_total=0.551052, loss_main=0.100768, loss_diff_source=232.257469, loss_label_inv=2.302670, loss_global_dom=0.683115, loss_recon=0.019110, loss_local_dom=0.917268, lr=0.00006457, epoch_time=00:00:04, eta=02:36:27
2026-03-04 19:29:49,546 - INFO - [Epoch 1440/3500] loss_total=0.499325, loss_main=0.080870, loss_diff_source=233.582773, loss_label_inv=2.302746, loss_global_dom=0.680026, loss_recon=0.019027, loss_local_dom=0.983165, lr=0.00006414, epoch_time=00:00:04, eta=02:35:42
2026-03-04 19:30:34,190 - INFO - [Epoch 1450/3500] loss_total=0.389536, loss_main=0.055827, loss_diff_source=234.525972, loss_label_inv=2.302742, loss_global_dom=0.679044, loss_recon=0.017224, loss_local_dom=0.894329, lr=0.00006371, epoch_time=00:00:04, eta=02:34:56
2026-03-04 19:31:19,037 - INFO - [Epoch 1460/3500] loss_total=0.383556, loss_main=0.054443, loss_diff_source=233.471319, loss_label_inv=2.302664, loss_global_dom=0.682210, loss_recon=0.018988, loss_local_dom=1.513548, lr=0.00006328, epoch_time=00:00:04, eta=02:34:10
2026-03-04 19:32:04,156 - INFO - [Epoch 1470/3500] loss_total=0.375241, loss_main=0.067413, loss_diff_source=233.320980, loss_label_inv=2.302672, loss_global_dom=0.679106, loss_recon=0.017573, loss_local_dom=1.153419, lr=0.00006285, epoch_time=00:00:04, eta=02:33:24
2026-03-04 19:32:49,461 - INFO - [Epoch 1480/3500] loss_total=0.367457, loss_main=0.053460, loss_diff_source=235.387308, loss_label_inv=2.302678, loss_global_dom=0.678596, loss_recon=0.022385, loss_local_dom=1.125486, lr=0.00006242, epoch_time=00:00:04, eta=02:32:39
2026-03-04 19:33:34,492 - INFO - [Epoch 1490/3500] loss_total=0.422070, loss_main=0.068286, loss_diff_source=234.558020, loss_label_inv=2.302694, loss_global_dom=0.674006, loss_recon=0.016684, loss_local_dom=0.911201, lr=0.00006199, epoch_time=00:00:04, eta=02:31:53
2026-03-04 19:34:20,089 - INFO - [Epoch 1500/3500] loss_total=0.363023, loss_main=0.052671, loss_diff_source=235.346268, loss_label_inv=2.302686, loss_global_dom=0.675195, loss_recon=0.017258, loss_local_dom=0.898472, lr=0.00006156, epoch_time=00:00:04, eta=02:31:08
2026-03-04 19:34:20,292 - INFO - [Eval @ Epoch 1500/3500] test_loss=0.162388, test_acc=0.9510
2026-03-04 19:35:05,895 - INFO - [Epoch 1510/3500] loss_total=0.349095, loss_main=0.049573, loss_diff_source=232.261580, loss_label_inv=2.302731, loss_global_dom=0.678352, loss_recon=0.016024, loss_local_dom=0.886140, lr=0.00006112, epoch_time=00:00:04, eta=02:30:23
2026-03-04 19:35:50,795 - INFO - [Epoch 1520/3500] loss_total=0.386299, loss_main=0.054984, loss_diff_source=232.893734, loss_label_inv=2.302601, loss_global_dom=0.677574, loss_recon=0.016729, loss_local_dom=0.952232, lr=0.00006069, epoch_time=00:00:04, eta=02:29:37
2026-03-04 19:36:36,200 - INFO - [Epoch 1530/3500] loss_total=0.368319, loss_main=0.054114, loss_diff_source=232.874731, loss_label_inv=2.302541, loss_global_dom=0.680091, loss_recon=0.016409, loss_local_dom=0.850396, lr=0.00006026, epoch_time=00:00:04, eta=02:28:52
2026-03-04 19:37:21,218 - INFO - [Epoch 1540/3500] loss_total=0.411540, loss_main=0.060258, loss_diff_source=231.385473, loss_label_inv=2.302615, loss_global_dom=0.677064, loss_recon=0.015177, loss_local_dom=0.926913, lr=0.00005982, epoch_time=00:00:04, eta=02:28:06
2026-03-04 19:38:06,093 - INFO - [Epoch 1550/3500] loss_total=0.375025, loss_main=0.056773, loss_diff_source=231.057840, loss_label_inv=2.302679, loss_global_dom=0.677644, loss_recon=0.015148, loss_local_dom=0.839325, lr=0.00005938, epoch_time=00:00:04, eta=02:27:20
2026-03-04 19:38:50,638 - INFO - [Epoch 1560/3500] loss_total=0.398236, loss_main=0.055876, loss_diff_source=233.334547, loss_label_inv=2.302697, loss_global_dom=0.676674, loss_recon=0.014566, loss_local_dom=0.889722, lr=0.00005894, epoch_time=00:00:04, eta=02:26:34
2026-03-04 19:39:35,271 - INFO - [Epoch 1570/3500] loss_total=0.378689, loss_main=0.055990, loss_diff_source=231.350124, loss_label_inv=2.302713, loss_global_dom=0.673909, loss_recon=0.014283, loss_local_dom=0.906052, lr=0.00005851, epoch_time=00:00:04, eta=02:25:48
2026-03-04 19:40:20,298 - INFO - [Epoch 1580/3500] loss_total=0.400228, loss_main=0.057082, loss_diff_source=231.490324, loss_label_inv=2.302690, loss_global_dom=0.674810, loss_recon=0.013998, loss_local_dom=0.858849, lr=0.00005807, epoch_time=00:00:04, eta=02:25:02
2026-03-04 19:41:05,632 - INFO - [Epoch 1590/3500] loss_total=0.401709, loss_main=0.059816, loss_diff_source=231.721493, loss_label_inv=2.302647, loss_global_dom=0.671544, loss_recon=0.015016, loss_local_dom=0.867281, lr=0.00005763, epoch_time=00:00:04, eta=02:24:17
2026-03-04 19:41:50,518 - INFO - [Epoch 1600/3500] loss_total=0.324184, loss_main=0.045007, loss_diff_source=233.166132, loss_label_inv=2.302774, loss_global_dom=0.678453, loss_recon=0.013449, loss_local_dom=0.858580, lr=0.00005719, epoch_time=00:00:04, eta=02:23:31
2026-03-04 19:41:50,733 - INFO - [Eval @ Epoch 1600/3500] test_loss=0.179061, test_acc=0.9500
2026-03-04 19:42:35,629 - INFO - [Epoch 1610/3500] loss_total=0.380148, loss_main=0.056442, loss_diff_source=232.719278, loss_label_inv=2.302637, loss_global_dom=0.678285, loss_recon=0.013215, loss_local_dom=0.826903, lr=0.00005675, epoch_time=00:00:04, eta=02:22:45
2026-03-04 19:43:20,991 - INFO - [Epoch 1620/3500] loss_total=0.339721, loss_main=0.047455, loss_diff_source=231.505791, loss_label_inv=2.302653, loss_global_dom=0.672161, loss_recon=0.016067, loss_local_dom=0.878893, lr=0.00005631, epoch_time=00:00:04, eta=02:22:00
2026-03-04 19:44:06,635 - INFO - [Epoch 1630/3500] loss_total=0.359380, loss_main=0.049896, loss_diff_source=231.937073, loss_label_inv=2.302623, loss_global_dom=0.675649, loss_recon=0.013100, loss_local_dom=0.785990, lr=0.00005587, epoch_time=00:00:04, eta=02:21:15
2026-03-04 19:44:51,854 - INFO - [Epoch 1640/3500] loss_total=0.344299, loss_main=0.055773, loss_diff_source=230.063974, loss_label_inv=2.302633, loss_global_dom=0.676349, loss_recon=0.012712, loss_local_dom=0.865972, lr=0.00005542, epoch_time=00:00:04, eta=02:20:30
2026-03-04 19:45:37,144 - INFO - [Epoch 1650/3500] loss_total=0.409036, loss_main=0.062164, loss_diff_source=230.421223, loss_label_inv=2.302646, loss_global_dom=0.673266, loss_recon=0.012333, loss_local_dom=0.869536, lr=0.00005498, epoch_time=00:00:04, eta=02:19:44
2026-03-04 19:46:22,280 - INFO - [Epoch 1660/3500] loss_total=0.258860, loss_main=0.035936, loss_diff_source=228.677275, loss_label_inv=2.302703, loss_global_dom=0.671824, loss_recon=0.012060, loss_local_dom=0.790590, lr=0.00005454, epoch_time=00:00:04, eta=02:18:59
2026-03-04 19:47:07,612 - INFO - [Epoch 1670/3500] loss_total=0.372648, loss_main=0.057290, loss_diff_source=227.620201, loss_label_inv=2.302686, loss_global_dom=0.673187, loss_recon=0.012271, loss_local_dom=0.699534, lr=0.00005410, epoch_time=00:00:04, eta=02:18:13
2026-03-04 19:47:51,862 - INFO - [Epoch 1680/3500] loss_total=0.402050, loss_main=0.066873, loss_diff_source=228.130138, loss_label_inv=2.302604, loss_global_dom=0.670799, loss_recon=0.011711, loss_local_dom=0.830534, lr=0.00005365, epoch_time=00:00:04, eta=02:17:27
2026-03-04 19:48:36,037 - INFO - [Epoch 1690/3500] loss_total=0.355276, loss_main=0.049407, loss_diff_source=228.535261, loss_label_inv=2.302592, loss_global_dom=0.680210, loss_recon=0.012183, loss_local_dom=0.809761, lr=0.00005321, epoch_time=00:00:04, eta=02:16:40
2026-03-04 19:49:20,376 - INFO - [Epoch 1700/3500] loss_total=0.315267, loss_main=0.044289, loss_diff_source=227.720163, loss_label_inv=2.302685, loss_global_dom=0.674428, loss_recon=0.011280, loss_local_dom=0.817096, lr=0.00005277, epoch_time=00:00:04, eta=02:15:54
2026-03-04 19:49:20,570 - INFO - [Eval @ Epoch 1700/3500] test_loss=0.158312, test_acc=0.9562
2026-03-04 19:50:04,027 - INFO - [Epoch 1710/3500] loss_total=0.460535, loss_main=0.073459, loss_diff_source=229.278706, loss_label_inv=2.302636, loss_global_dom=0.678790, loss_recon=0.013359, loss_local_dom=0.772925, lr=0.00005232, epoch_time=00:00:04, eta=02:15:07
2026-03-04 19:50:47,308 - INFO - [Epoch 1720/3500] loss_total=0.385658, loss_main=0.053546, loss_diff_source=227.105093, loss_label_inv=2.302687, loss_global_dom=0.678407, loss_recon=0.012460, loss_local_dom=0.841728, lr=0.00005188, epoch_time=00:00:04, eta=02:14:20
2026-03-04 19:51:30,738 - INFO - [Epoch 1730/3500] loss_total=0.381701, loss_main=0.053818, loss_diff_source=226.450186, loss_label_inv=2.302647, loss_global_dom=0.678353, loss_recon=0.010954, loss_local_dom=0.830792, lr=0.00005143, epoch_time=00:00:04, eta=02:13:33
2026-03-04 19:52:14,710 - INFO - [Epoch 1740/3500] loss_total=0.386909, loss_main=0.058213, loss_diff_source=229.336010, loss_label_inv=2.302695, loss_global_dom=0.677618, loss_recon=0.010561, loss_local_dom=0.812294, lr=0.00005099, epoch_time=00:00:04, eta=02:12:46
2026-03-04 19:52:58,701 - INFO - [Epoch 1750/3500] loss_total=0.351651, loss_main=0.048825, loss_diff_source=227.107035, loss_label_inv=2.302632, loss_global_dom=0.678733, loss_recon=0.011072, loss_local_dom=0.778611, lr=0.00005054, epoch_time=00:00:04, eta=02:11:59
2026-03-04 19:53:42,515 - INFO - [Epoch 1760/3500] loss_total=0.386678, loss_main=0.055037, loss_diff_source=229.585663, loss_label_inv=2.302713, loss_global_dom=0.681869, loss_recon=0.011016, loss_local_dom=0.816944, lr=0.00005010, epoch_time=00:00:04, eta=02:11:13
2026-03-04 19:54:26,630 - INFO - [Epoch 1770/3500] loss_total=0.313283, loss_main=0.043497, loss_diff_source=226.128092, loss_label_inv=2.302609, loss_global_dom=0.678170, loss_recon=0.010237, loss_local_dom=0.782111, lr=0.00004966, epoch_time=00:00:04, eta=02:10:26
2026-03-04 19:55:10,770 - INFO - [Epoch 1780/3500] loss_total=0.264973, loss_main=0.037907, loss_diff_source=226.103403, loss_label_inv=2.302599, loss_global_dom=0.680767, loss_recon=0.009959, loss_local_dom=0.771641, lr=0.00004921, epoch_time=00:00:04, eta=02:09:40
2026-03-04 19:55:54,417 - INFO - [Epoch 1790/3500] loss_total=0.262854, loss_main=0.036494, loss_diff_source=225.184210, loss_label_inv=2.302640, loss_global_dom=0.677088, loss_recon=0.009771, loss_local_dom=0.787144, lr=0.00004877, epoch_time=00:00:04, eta=02:08:53
2026-03-04 19:56:38,114 - INFO - [Epoch 1800/3500] loss_total=0.277172, loss_main=0.038483, loss_diff_source=224.109140, loss_label_inv=2.302629, loss_global_dom=0.678350, loss_recon=0.009831, loss_local_dom=0.775660, lr=0.00004832, epoch_time=00:00:04, eta=02:08:07
2026-03-04 19:56:38,306 - INFO - [Eval @ Epoch 1800/3500] test_loss=0.153967, test_acc=0.9590
2026-03-04 19:57:22,367 - INFO - [Epoch 1810/3500] loss_total=0.324713, loss_main=0.045086, loss_diff_source=226.612040, loss_label_inv=2.302611, loss_global_dom=0.678548, loss_recon=0.009437, loss_local_dom=0.782173, lr=0.00004788, epoch_time=00:00:04, eta=02:07:20
2026-03-04 19:58:06,411 - INFO - [Epoch 1820/3500] loss_total=0.331110, loss_main=0.048355, loss_diff_source=228.902370, loss_label_inv=2.302624, loss_global_dom=0.677527, loss_recon=0.009289, loss_local_dom=0.785306, lr=0.00004744, epoch_time=00:00:04, eta=02:06:34
2026-03-04 19:58:51,012 - INFO - [Epoch 1830/3500] loss_total=0.331913, loss_main=0.046086, loss_diff_source=226.978716, loss_label_inv=2.302602, loss_global_dom=0.678386, loss_recon=0.009554, loss_local_dom=0.774851, lr=0.00004699, epoch_time=00:00:04, eta=02:05:48
2026-03-04 19:59:35,840 - INFO - [Epoch 1840/3500] loss_total=0.265574, loss_main=0.036873, loss_diff_source=226.855495, loss_label_inv=2.302611, loss_global_dom=0.680196, loss_recon=0.008932, loss_local_dom=0.767512, lr=0.00004655, epoch_time=00:00:04, eta=02:05:03
2026-03-04 20:00:20,144 - INFO - [Epoch 1850/3500] loss_total=0.351161, loss_main=0.049650, loss_diff_source=227.979282, loss_label_inv=2.302632, loss_global_dom=0.679840, loss_recon=0.008755, loss_local_dom=0.790082, lr=0.00004611, epoch_time=00:00:04, eta=02:04:17
2026-03-04 20:01:04,241 - INFO - [Epoch 1860/3500] loss_total=0.335453, loss_main=0.047181, loss_diff_source=228.289387, loss_label_inv=2.302608, loss_global_dom=0.680513, loss_recon=0.008907, loss_local_dom=0.793893, lr=0.00004566, epoch_time=00:00:04, eta=02:03:31
2026-03-04 20:01:48,346 - INFO - [Epoch 1870/3500] loss_total=0.355168, loss_main=0.050345, loss_diff_source=225.571390, loss_label_inv=2.302605, loss_global_dom=0.681368, loss_recon=0.008789, loss_local_dom=0.786742, lr=0.00004522, epoch_time=00:00:04, eta=02:02:45
2026-03-04 20:02:32,492 - INFO - [Epoch 1880/3500] loss_total=0.293286, loss_main=0.040722, loss_diff_source=224.932312, loss_label_inv=2.302712, loss_global_dom=0.683594, loss_recon=0.008474, loss_local_dom=0.771239, lr=0.00004478, epoch_time=00:00:04, eta=02:01:59
2026-03-04 20:03:16,837 - INFO - [Epoch 1890/3500] loss_total=0.314865, loss_main=0.043720, loss_diff_source=226.341270, loss_label_inv=2.302616, loss_global_dom=0.678774, loss_recon=0.008330, loss_local_dom=0.799158, lr=0.00004434, epoch_time=00:00:04, eta=02:01:13
2026-03-04 20:04:01,385 - INFO - [Epoch 1900/3500] loss_total=0.273558, loss_main=0.037982, loss_diff_source=227.212067, loss_label_inv=2.302635, loss_global_dom=0.677098, loss_recon=0.008674, loss_local_dom=0.760667, lr=0.00004390, epoch_time=00:00:04, eta=02:00:27
2026-03-04 20:04:01,570 - INFO - [Eval @ Epoch 1900/3500] test_loss=0.138125, test_acc=0.9600
2026-03-04 20:04:46,282 - INFO - [Epoch 1910/3500] loss_total=0.275220, loss_main=0.038738, loss_diff_source=226.938133, loss_label_inv=2.302647, loss_global_dom=0.672781, loss_recon=0.009202, loss_local_dom=0.784057, lr=0.00004346, epoch_time=00:00:04, eta=01:59:42
2026-03-04 20:05:30,348 - INFO - [Epoch 1920/3500] loss_total=0.312585, loss_main=0.043404, loss_diff_source=228.013174, loss_label_inv=2.302614, loss_global_dom=0.679780, loss_recon=0.007837, loss_local_dom=0.791945, lr=0.00004302, epoch_time=00:00:04, eta=01:58:55
2026-03-04 20:06:14,205 - INFO - [Epoch 1930/3500] loss_total=0.267065, loss_main=0.038293, loss_diff_source=227.819456, loss_label_inv=2.302596, loss_global_dom=0.677861, loss_recon=0.007714, loss_local_dom=0.769018, lr=0.00004258, epoch_time=00:00:04, eta=01:58:09
2026-03-04 20:06:58,680 - INFO - [Epoch 1940/3500] loss_total=0.263674, loss_main=0.036608, loss_diff_source=228.535030, loss_label_inv=2.302599, loss_global_dom=0.677105, loss_recon=0.009698, loss_local_dom=0.737251, lr=0.00004214, epoch_time=00:00:04, eta=01:57:24
2026-03-04 20:07:43,016 - INFO - [Epoch 1950/3500] loss_total=0.344585, loss_main=0.047848, loss_diff_source=224.090128, loss_label_inv=2.302649, loss_global_dom=0.677002, loss_recon=0.007697, loss_local_dom=0.726663, lr=0.00004171, epoch_time=00:00:04, eta=01:56:38
2026-03-04 20:08:27,921 - INFO - [Epoch 1960/3500] loss_total=0.178612, loss_main=0.024797, loss_diff_source=224.323828, loss_label_inv=2.302568, loss_global_dom=0.678731, loss_recon=0.007536, loss_local_dom=0.801355, lr=0.00004127, epoch_time=00:00:04, eta=01:55:52
2026-03-04 20:09:11,816 - INFO - [Epoch 1970/3500] loss_total=0.314677, loss_main=0.043695, loss_diff_source=227.599102, loss_label_inv=2.302619, loss_global_dom=0.678976, loss_recon=0.007465, loss_local_dom=0.796285, lr=0.00004083, epoch_time=00:00:04, eta=01:55:06
2026-03-04 20:09:56,184 - INFO - [Epoch 1980/3500] loss_total=0.269347, loss_main=0.037399, loss_diff_source=227.319954, loss_label_inv=2.302571, loss_global_dom=0.679487, loss_recon=0.007351, loss_local_dom=0.775290, lr=0.00004040, epoch_time=00:00:04, eta=01:54:21
2026-03-04 20:10:40,652 - INFO - [Epoch 1990/3500] loss_total=0.343252, loss_main=0.049266, loss_diff_source=224.718952, loss_label_inv=2.302664, loss_global_dom=0.679417, loss_recon=0.008825, loss_local_dom=0.786344, lr=0.00003996, epoch_time=00:00:04, eta=01:53:35
2026-03-04 20:11:25,279 - INFO - [Epoch 2000/3500] loss_total=0.229630, loss_main=0.031883, loss_diff_source=225.418709, loss_label_inv=2.302627, loss_global_dom=0.675961, loss_recon=0.007208, loss_local_dom=0.789920, lr=0.00003953, epoch_time=00:00:04, eta=01:52:49
2026-03-04 20:11:25,538 - INFO - [Eval @ Epoch 2000/3500] test_loss=0.163466, test_acc=0.9557
2026-03-04 20:12:10,175 - INFO - [Epoch 2010/3500] loss_total=0.250094, loss_main=0.034725, loss_diff_source=224.566599, loss_label_inv=2.302605, loss_global_dom=0.676774, loss_recon=0.007094, loss_local_dom=0.765820, lr=0.00003910, epoch_time=00:00:04, eta=01:52:04
2026-03-04 20:12:54,305 - INFO - [Epoch 2020/3500] loss_total=0.212478, loss_main=0.029501, loss_diff_source=226.647560, loss_label_inv=2.302623, loss_global_dom=0.676868, loss_recon=0.006876, loss_local_dom=0.769311, lr=0.00003866, epoch_time=00:00:04, eta=01:51:18
2026-03-04 20:13:38,379 - INFO - [Epoch 2030/3500] loss_total=0.248660, loss_main=0.034527, loss_diff_source=227.381422, loss_label_inv=2.302596, loss_global_dom=0.679133, loss_recon=0.006800, loss_local_dom=0.753419, lr=0.00003823, epoch_time=00:00:04, eta=01:50:32
2026-03-04 20:14:22,618 - INFO - [Epoch 2040/3500] loss_total=0.284529, loss_main=0.039509, loss_diff_source=228.915039, loss_label_inv=2.302607, loss_global_dom=0.676935, loss_recon=0.006682, loss_local_dom=0.759736, lr=0.00003780, epoch_time=00:00:04, eta=01:49:47
2026-03-04 20:15:06,995 - INFO - [Epoch 2050/3500] loss_total=0.255445, loss_main=0.035469, loss_diff_source=227.752010, loss_label_inv=2.302620, loss_global_dom=0.676984, loss_recon=0.006601, loss_local_dom=0.760730, lr=0.00003737, epoch_time=00:00:04, eta=01:49:01
2026-03-04 20:15:51,532 - INFO - [Epoch 2060/3500] loss_total=0.205949, loss_main=0.028595, loss_diff_source=225.922901, loss_label_inv=2.302619, loss_global_dom=0.677972, loss_recon=0.006659, loss_local_dom=0.720329, lr=0.00003695, epoch_time=00:00:04, eta=01:48:15
2026-03-04 20:16:35,921 - INFO - [Epoch 2070/3500] loss_total=0.257928, loss_main=0.036239, loss_diff_source=226.551287, loss_label_inv=2.302595, loss_global_dom=0.679241, loss_recon=0.006503, loss_local_dom=0.757040, lr=0.00003652, epoch_time=00:00:04, eta=01:47:30
2026-03-04 20:17:21,252 - INFO - [Epoch 2080/3500] loss_total=0.328120, loss_main=0.045592, loss_diff_source=224.190874, loss_label_inv=2.302603, loss_global_dom=0.674489, loss_recon=0.007125, loss_local_dom=0.706891, lr=0.00003609, epoch_time=00:00:04, eta=01:46:45
2026-03-04 20:18:06,037 - INFO - [Epoch 2090/3500] loss_total=0.236747, loss_main=0.033254, loss_diff_source=225.696449, loss_label_inv=2.302569, loss_global_dom=0.676019, loss_recon=0.006647, loss_local_dom=0.739903, lr=0.00003567, epoch_time=00:00:04, eta=01:45:59
2026-03-04 20:18:50,610 - INFO - [Epoch 2100/3500] loss_total=0.303562, loss_main=0.042264, loss_diff_source=223.616064, loss_label_inv=2.302623, loss_global_dom=0.677367, loss_recon=0.008510, loss_local_dom=0.765263, lr=0.00003525, epoch_time=00:00:04, eta=01:45:14
2026-03-04 20:18:50,808 - INFO - [Eval @ Epoch 2100/3500] test_loss=0.164301, test_acc=0.9557
2026-03-04 20:19:34,936 - INFO - [Epoch 2110/3500] loss_total=0.214550, loss_main=0.029790, loss_diff_source=225.221710, loss_label_inv=2.302629, loss_global_dom=0.678263, loss_recon=0.006288, loss_local_dom=0.746816, lr=0.00003482, epoch_time=00:00:04, eta=01:44:28
2026-03-04 20:20:19,535 - INFO - [Epoch 2120/3500] loss_total=0.221736, loss_main=0.030788, loss_diff_source=227.605858, loss_label_inv=2.302632, loss_global_dom=0.677000, loss_recon=0.006062, loss_local_dom=0.746643, lr=0.00003440, epoch_time=00:00:04, eta=01:43:43
2026-03-04 20:21:03,787 - INFO - [Epoch 2130/3500] loss_total=0.207083, loss_main=0.028753, loss_diff_source=225.823513, loss_label_inv=2.302623, loss_global_dom=0.681613, loss_recon=0.006131, loss_local_dom=0.745730, lr=0.00003398, epoch_time=00:00:04, eta=01:42:57
2026-03-04 20:21:48,490 - INFO - [Epoch 2140/3500] loss_total=0.194400, loss_main=0.026992, loss_diff_source=227.606466, loss_label_inv=2.302631, loss_global_dom=0.677532, loss_recon=0.005957, loss_local_dom=0.710345, lr=0.00003357, epoch_time=00:00:04, eta=01:42:12
2026-03-04 20:22:32,884 - INFO - [Epoch 2150/3500] loss_total=0.236397, loss_main=0.032825, loss_diff_source=228.339176, loss_label_inv=2.302595, loss_global_dom=0.676463, loss_recon=0.005889, loss_local_dom=0.738393, lr=0.00003315, epoch_time=00:00:04, eta=01:41:26
2026-03-04 20:23:17,383 - INFO - [Epoch 2160/3500] loss_total=0.200860, loss_main=0.027889, loss_diff_source=225.274340, loss_label_inv=2.302658, loss_global_dom=0.678358, loss_recon=0.005873, loss_local_dom=0.739485, lr=0.00003273, epoch_time=00:00:04, eta=01:40:41
2026-03-04 20:24:02,098 - INFO - [Epoch 2170/3500] loss_total=0.219790, loss_main=0.030518, loss_diff_source=226.687340, loss_label_inv=2.302613, loss_global_dom=0.676420, loss_recon=0.005814, loss_local_dom=0.725489, lr=0.00003232, epoch_time=00:00:04, eta=01:39:56
2026-03-04 20:24:46,905 - INFO - [Epoch 2180/3500] loss_total=0.275019, loss_main=0.038189, loss_diff_source=230.731102, loss_label_inv=2.302598, loss_global_dom=0.682715, loss_recon=0.005665, loss_local_dom=0.737093, lr=0.00003191, epoch_time=00:00:04, eta=01:39:10
2026-03-04 20:25:31,294 - INFO - [Epoch 2190/3500] loss_total=0.288370, loss_main=0.040044, loss_diff_source=229.755022, loss_label_inv=2.302661, loss_global_dom=0.679692, loss_recon=0.005625, loss_local_dom=0.739468, lr=0.00003150, epoch_time=00:00:04, eta=01:38:25
2026-03-04 20:26:15,212 - INFO - [Epoch 2200/3500] loss_total=0.279212, loss_main=0.038771, loss_diff_source=230.676594, loss_label_inv=2.302590, loss_global_dom=0.680842, loss_recon=0.005870, loss_local_dom=0.738186, lr=0.00003109, epoch_time=00:00:04, eta=01:37:39
2026-03-04 20:26:15,405 - INFO - [Eval @ Epoch 2200/3500] test_loss=0.173720, test_acc=0.9557
2026-03-04 20:26:59,650 - INFO - [Epoch 2210/3500] loss_total=0.226838, loss_main=0.031498, loss_diff_source=227.529263, loss_label_inv=2.302614, loss_global_dom=0.679226, loss_recon=0.005526, loss_local_dom=0.728047, lr=0.00003068, epoch_time=00:00:04, eta=01:36:54
2026-03-04 20:27:44,301 - INFO - [Epoch 2220/3500] loss_total=0.299325, loss_main=0.041565, loss_diff_source=228.128843, loss_label_inv=2.302599, loss_global_dom=0.679339, loss_recon=0.005469, loss_local_dom=0.745664, lr=0.00003027, epoch_time=00:00:04, eta=01:36:08
2026-03-04 20:28:28,672 - INFO - [Epoch 2230/3500] loss_total=0.216570, loss_main=0.030072, loss_diff_source=228.023720, loss_label_inv=2.302578, loss_global_dom=0.677082, loss_recon=0.005438, loss_local_dom=0.712741, lr=0.00002987, epoch_time=00:00:04, eta=01:35:23
2026-03-04 20:29:12,810 - INFO - [Epoch 2240/3500] loss_total=0.272036, loss_main=0.038422, loss_diff_source=229.009045, loss_label_inv=2.302622, loss_global_dom=0.680873, loss_recon=0.005315, loss_local_dom=0.711876, lr=0.00002946, epoch_time=00:00:04, eta=01:34:37
2026-03-04 20:29:56,978 - INFO - [Epoch 2250/3500] loss_total=0.291574, loss_main=0.040847, loss_diff_source=226.009260, loss_label_inv=2.302619, loss_global_dom=0.682312, loss_recon=0.005720, loss_local_dom=0.733971, lr=0.00002906, epoch_time=00:00:04, eta=01:33:52
2026-03-04 20:30:41,361 - INFO - [Epoch 2260/3500] loss_total=0.224564, loss_main=0.031182, loss_diff_source=226.122036, loss_label_inv=2.302583, loss_global_dom=0.679144, loss_recon=0.005249, loss_local_dom=0.719880, lr=0.00002866, epoch_time=00:00:04, eta=01:33:06
2026-03-04 20:31:25,228 - INFO - [Epoch 2270/3500] loss_total=0.206524, loss_main=0.028677, loss_diff_source=228.269028, loss_label_inv=2.302600, loss_global_dom=0.677483, loss_recon=0.005224, loss_local_dom=0.734149, lr=0.00002827, epoch_time=00:00:04, eta=01:32:21
2026-03-04 20:32:09,306 - INFO - [Epoch 2280/3500] loss_total=0.197104, loss_main=0.027368, loss_diff_source=229.812309, loss_label_inv=2.302567, loss_global_dom=0.680006, loss_recon=0.005222, loss_local_dom=0.728452, lr=0.00002787, epoch_time=00:00:04, eta=01:31:35
2026-03-04 20:32:53,391 - INFO - [Epoch 2290/3500] loss_total=0.247758, loss_main=0.034403, loss_diff_source=227.532476, loss_label_inv=2.302605, loss_global_dom=0.681113, loss_recon=0.005311, loss_local_dom=0.723145, lr=0.00002748, epoch_time=00:00:04, eta=01:30:50
2026-03-04 20:33:37,871 - INFO - [Epoch 2300/3500] loss_total=0.172948, loss_main=0.024013, loss_diff_source=226.564331, loss_label_inv=2.302589, loss_global_dom=0.680955, loss_recon=0.005443, loss_local_dom=0.733040, lr=0.00002708, epoch_time=00:00:04, eta=01:30:04
2026-03-04 20:33:38,069 - INFO - [Eval @ Epoch 2300/3500] test_loss=0.153024, test_acc=0.9605
2026-03-04 20:34:21,555 - INFO - [Epoch 2310/3500] loss_total=0.239625, loss_main=0.033274, loss_diff_source=228.633486, loss_label_inv=2.302607, loss_global_dom=0.682866, loss_recon=0.005010, loss_local_dom=0.721956, lr=0.00002669, epoch_time=00:00:04, eta=01:29:18
2026-03-04 20:35:05,343 - INFO - [Epoch 2320/3500] loss_total=0.229505, loss_main=0.031868, loss_diff_source=228.888004, loss_label_inv=2.302622, loss_global_dom=0.684169, loss_recon=0.005363, loss_local_dom=0.717556, lr=0.00002630, epoch_time=00:00:04, eta=01:28:33
2026-03-04 20:35:49,446 - INFO - [Epoch 2330/3500] loss_total=0.249676, loss_main=0.034671, loss_diff_source=226.732971, loss_label_inv=2.302621, loss_global_dom=0.678641, loss_recon=0.004876, loss_local_dom=0.724141, lr=0.00002592, epoch_time=00:00:04, eta=01:27:47
2026-03-04 20:36:33,299 - INFO - [Epoch 2340/3500] loss_total=0.242586, loss_main=0.033686, loss_diff_source=228.062767, loss_label_inv=2.302544, loss_global_dom=0.680010, loss_recon=0.004799, loss_local_dom=0.729129, lr=0.00002553, epoch_time=00:00:04, eta=01:27:02
2026-03-04 20:37:16,820 - INFO - [Epoch 2350/3500] loss_total=0.263603, loss_main=0.037131, loss_diff_source=225.914877, loss_label_inv=2.302582, loss_global_dom=0.684130, loss_recon=0.004780, loss_local_dom=0.726484, lr=0.00002515, epoch_time=00:00:04, eta=01:26:16
2026-03-04 20:38:01,088 - INFO - [Epoch 2360/3500] loss_total=0.195733, loss_main=0.029117, loss_diff_source=229.362755, loss_label_inv=2.302614, loss_global_dom=0.681272, loss_recon=0.004617, loss_local_dom=0.693053, lr=0.00002477, epoch_time=00:00:04, eta=01:25:31
2026-03-04 20:38:45,203 - INFO - [Epoch 2370/3500] loss_total=0.168556, loss_main=0.023404, loss_diff_source=226.915117, loss_label_inv=2.302597, loss_global_dom=0.682616, loss_recon=0.004794, loss_local_dom=0.721142, lr=0.00002439, epoch_time=00:00:04, eta=01:24:45
2026-03-04 20:39:28,923 - INFO - [Epoch 2380/3500] loss_total=0.234743, loss_main=0.033204, loss_diff_source=225.613569, loss_label_inv=2.302634, loss_global_dom=0.681812, loss_recon=0.004819, loss_local_dom=0.717084, lr=0.00002401, epoch_time=00:00:04, eta=01:24:00
2026-03-04 20:40:13,525 - INFO - [Epoch 2390/3500] loss_total=0.230656, loss_main=0.032029, loss_diff_source=229.072226, loss_label_inv=2.302611, loss_global_dom=0.684297, loss_recon=0.004502, loss_local_dom=0.740457, lr=0.00002364, epoch_time=00:00:04, eta=01:23:14
2026-03-04 20:40:57,624 - INFO - [Epoch 2400/3500] loss_total=0.204140, loss_main=0.028346, loss_diff_source=224.907743, loss_label_inv=2.302598, loss_global_dom=0.683815, loss_recon=0.004646, loss_local_dom=0.739324, lr=0.00002327, epoch_time=00:00:04, eta=01:22:29
2026-03-04 20:40:57,807 - INFO - [Eval @ Epoch 2400/3500] test_loss=0.173267, test_acc=0.9581
2026-03-04 20:41:42,078 - INFO - [Epoch 2410/3500] loss_total=0.227595, loss_main=0.031604, loss_diff_source=227.637693, loss_label_inv=2.302603, loss_global_dom=0.683477, loss_recon=0.004489, loss_local_dom=0.722830, lr=0.00002290, epoch_time=00:00:04, eta=01:21:44
2026-03-04 20:42:26,322 - INFO - [Epoch 2420/3500] loss_total=0.151767, loss_main=0.021073, loss_diff_source=227.157957, loss_label_inv=2.302591, loss_global_dom=0.684259, loss_recon=0.004463, loss_local_dom=0.721538, lr=0.00002253, epoch_time=00:00:04, eta=01:20:58
2026-03-04 20:43:10,252 - INFO - [Epoch 2430/3500] loss_total=0.136924, loss_main=0.019011, loss_diff_source=226.405573, loss_label_inv=2.302607, loss_global_dom=0.683365, loss_recon=0.004558, loss_local_dom=0.732035, lr=0.00002216, epoch_time=00:00:04, eta=01:20:13
2026-03-04 20:43:53,975 - INFO - [Epoch 2440/3500] loss_total=0.214431, loss_main=0.029776, loss_diff_source=225.184513, loss_label_inv=2.302588, loss_global_dom=0.682201, loss_recon=0.004375, loss_local_dom=0.709380, lr=0.00002180, epoch_time=00:00:04, eta=01:19:27
2026-03-04 20:44:38,452 - INFO - [Epoch 2450/3500] loss_total=0.161726, loss_main=0.022456, loss_diff_source=227.627743, loss_label_inv=2.302578, loss_global_dom=0.682056, loss_recon=0.004323, loss_local_dom=0.698926, lr=0.00002144, epoch_time=00:00:04, eta=01:18:42
2026-03-04 20:45:22,655 - INFO - [Epoch 2460/3500] loss_total=0.209359, loss_main=0.029072, loss_diff_source=226.314943, loss_label_inv=2.302617, loss_global_dom=0.682547, loss_recon=0.004255, loss_local_dom=0.740422, lr=0.00002108, epoch_time=00:00:04, eta=01:17:57
2026-03-04 20:46:06,625 - INFO - [Epoch 2470/3500] loss_total=0.160479, loss_main=0.022283, loss_diff_source=224.782631, loss_label_inv=2.302621, loss_global_dom=0.681983, loss_recon=0.004293, loss_local_dom=0.722618, lr=0.00002073, epoch_time=00:00:04, eta=01:17:12
2026-03-04 20:46:50,844 - INFO - [Epoch 2480/3500] loss_total=0.164748, loss_main=0.022876, loss_diff_source=224.876804, loss_label_inv=2.302612, loss_global_dom=0.684132, loss_recon=0.004203, loss_local_dom=0.707098, lr=0.00002037, epoch_time=00:00:04, eta=01:16:26
2026-03-04 20:47:34,853 - INFO - [Epoch 2490/3500] loss_total=0.221179, loss_main=0.030713, loss_diff_source=224.498440, loss_label_inv=2.302601, loss_global_dom=0.683296, loss_recon=0.004193, loss_local_dom=0.719075, lr=0.00002002, epoch_time=00:00:04, eta=01:15:41
2026-03-04 20:48:18,760 - INFO - [Epoch 2500/3500] loss_total=0.245123, loss_main=0.034165, loss_diff_source=223.532587, loss_label_inv=2.302626, loss_global_dom=0.684654, loss_recon=0.004218, loss_local_dom=0.699611, lr=0.00001967, epoch_time=00:00:04, eta=01:14:55
2026-03-04 20:48:18,941 - INFO - [Eval @ Epoch 2500/3500] test_loss=0.169481, test_acc=0.9624
2026-03-04 20:49:02,887 - INFO - [Epoch 2510/3500] loss_total=0.230666, loss_main=0.032031, loss_diff_source=224.517618, loss_label_inv=2.302576, loss_global_dom=0.683235, loss_recon=0.004647, loss_local_dom=0.712785, lr=0.00001933, epoch_time=00:00:04, eta=01:14:10
2026-03-04 20:49:46,923 - INFO - [Epoch 2520/3500] loss_total=0.241462, loss_main=0.033762, loss_diff_source=223.927704, loss_label_inv=2.302581, loss_global_dom=0.683573, loss_recon=0.004133, loss_local_dom=0.719235, lr=0.00001898, epoch_time=00:00:04, eta=01:13:25
2026-03-04 20:50:30,433 - INFO - [Epoch 2530/3500] loss_total=0.176203, loss_main=0.024467, loss_diff_source=227.000448, loss_label_inv=2.302605, loss_global_dom=0.681570, loss_recon=0.003959, loss_local_dom=0.721969, lr=0.00001864, epoch_time=00:00:04, eta=01:12:39
2026-03-04 20:51:14,924 - INFO - [Epoch 2540/3500] loss_total=0.198704, loss_main=0.027592, loss_diff_source=226.692963, loss_label_inv=2.302593, loss_global_dom=0.682778, loss_recon=0.003983, loss_local_dom=0.732967, lr=0.00001830, epoch_time=00:00:04, eta=01:11:54
2026-03-04 20:51:59,013 - INFO - [Epoch 2550/3500] loss_total=0.193308, loss_main=0.026843, loss_diff_source=225.446173, loss_label_inv=2.302580, loss_global_dom=0.681098, loss_recon=0.003959, loss_local_dom=0.714438, lr=0.00001797, epoch_time=00:00:04, eta=01:11:09
2026-03-04 20:52:43,323 - INFO - [Epoch 2560/3500] loss_total=0.122344, loss_main=0.016987, loss_diff_source=226.160456, loss_label_inv=2.302589, loss_global_dom=0.681408, loss_recon=0.003823, loss_local_dom=0.727379, lr=0.00001763, epoch_time=00:00:04, eta=01:10:24
2026-03-04 20:53:27,197 - INFO - [Epoch 2570/3500] loss_total=0.195162, loss_main=0.027100, loss_diff_source=226.447973, loss_label_inv=2.302569, loss_global_dom=0.682263, loss_recon=0.003909, loss_local_dom=0.715386, lr=0.00001730, epoch_time=00:00:04, eta=01:09:38
2026-03-04 20:54:12,190 - INFO - [Epoch 2580/3500] loss_total=0.193608, loss_main=0.026885, loss_diff_source=225.837366, loss_label_inv=2.302594, loss_global_dom=0.681859, loss_recon=0.003830, loss_local_dom=0.713486, lr=0.00001697, epoch_time=00:00:04, eta=01:08:54
2026-03-04 20:54:56,615 - INFO - [Epoch 2590/3500] loss_total=0.194924, loss_main=0.031859, loss_diff_source=226.292812, loss_label_inv=2.302607, loss_global_dom=0.681000, loss_recon=0.004112, loss_local_dom=0.707722, lr=0.00001665, epoch_time=00:00:04, eta=01:08:08
2026-03-04 20:55:40,848 - INFO - [Epoch 2600/3500] loss_total=0.118066, loss_main=0.016393, loss_diff_source=227.203518, loss_label_inv=2.302591, loss_global_dom=0.681613, loss_recon=0.003707, loss_local_dom=0.703466, lr=0.00001632, epoch_time=00:00:04, eta=01:07:23
2026-03-04 20:55:41,052 - INFO - [Eval @ Epoch 2600/3500] test_loss=0.151023, test_acc=0.9638
2026-03-04 20:56:25,889 - INFO - [Epoch 2610/3500] loss_total=0.243257, loss_main=0.033780, loss_diff_source=223.279306, loss_label_inv=2.302649, loss_global_dom=0.679588, loss_recon=0.003753, loss_local_dom=0.718086, lr=0.00001600, epoch_time=00:00:04, eta=01:06:38
2026-03-04 20:57:10,575 - INFO - [Epoch 2620/3500] loss_total=0.197568, loss_main=0.027435, loss_diff_source=224.173187, loss_label_inv=2.302613, loss_global_dom=0.679844, loss_recon=0.003676, loss_local_dom=0.714873, lr=0.00001569, epoch_time=00:00:04, eta=01:05:53
2026-03-04 20:57:55,534 - INFO - [Epoch 2630/3500] loss_total=0.180146, loss_main=0.025015, loss_diff_source=224.625799, loss_label_inv=2.302590, loss_global_dom=0.680416, loss_recon=0.003753, loss_local_dom=0.697797, lr=0.00001537, epoch_time=00:00:04, eta=01:05:08
2026-03-04 20:58:39,843 - INFO - [Epoch 2640/3500] loss_total=0.156484, loss_main=0.021729, loss_diff_source=224.284449, loss_label_inv=2.302576, loss_global_dom=0.681838, loss_recon=0.003621, loss_local_dom=0.719288, lr=0.00001506, epoch_time=00:00:04, eta=01:04:23
2026-03-04 20:59:25,662 - INFO - [Epoch 2650/3500] loss_total=0.229388, loss_main=0.031854, loss_diff_source=225.021868, loss_label_inv=2.302592, loss_global_dom=0.681784, loss_recon=0.003676, loss_local_dom=0.723624, lr=0.00001475, epoch_time=00:00:04, eta=01:03:39
2026-03-04 21:00:10,471 - INFO - [Epoch 2660/3500] loss_total=0.133468, loss_main=0.018532, loss_diff_source=222.728149, loss_label_inv=2.302593, loss_global_dom=0.681141, loss_recon=0.003584, loss_local_dom=0.688762, lr=0.00001445, epoch_time=00:00:04, eta=01:02:54
2026-03-04 21:00:54,623 - INFO - [Epoch 2670/3500] loss_total=0.178424, loss_main=0.024776, loss_diff_source=224.467627, loss_label_inv=2.302578, loss_global_dom=0.682537, loss_recon=0.003546, loss_local_dom=0.731260, lr=0.00001414, epoch_time=00:00:04, eta=01:02:09
2026-03-04 21:01:39,583 - INFO - [Epoch 2680/3500] loss_total=0.146134, loss_main=0.020291, loss_diff_source=224.794079, loss_label_inv=2.302585, loss_global_dom=0.683652, loss_recon=0.003527, loss_local_dom=0.707757, lr=0.00001384, epoch_time=00:00:04, eta=01:01:24
2026-03-04 21:02:24,584 - INFO - [Epoch 2690/3500] loss_total=0.155213, loss_main=0.021553, loss_diff_source=223.070831, loss_label_inv=2.302596, loss_global_dom=0.682673, loss_recon=0.003489, loss_local_dom=0.722852, lr=0.00001355, epoch_time=00:00:04, eta=01:00:39
2026-03-04 21:03:09,258 - INFO - [Epoch 2700/3500] loss_total=0.181129, loss_main=0.025152, loss_diff_source=224.323608, loss_label_inv=2.302590, loss_global_dom=0.681034, loss_recon=0.003442, loss_local_dom=0.708049, lr=0.00001325, epoch_time=00:00:04, eta=00:59:54
2026-03-04 21:03:09,466 - INFO - [Eval @ Epoch 2700/3500] test_loss=0.138188, test_acc=0.9629
2026-03-04 21:03:54,721 - INFO - [Epoch 2710/3500] loss_total=0.181763, loss_main=0.025240, loss_diff_source=223.744310, loss_label_inv=2.302604, loss_global_dom=0.682218, loss_recon=0.003516, loss_local_dom=0.712362, lr=0.00001296, epoch_time=00:00:04, eta=00:59:09
2026-03-04 21:04:39,998 - INFO - [Epoch 2720/3500] loss_total=0.150549, loss_main=0.020905, loss_diff_source=225.807989, loss_label_inv=2.302602, loss_global_dom=0.683201, loss_recon=0.003393, loss_local_dom=0.714145, lr=0.00001267, epoch_time=00:00:04, eta=00:58:24
2026-03-04 21:05:25,002 - INFO - [Epoch 2730/3500] loss_total=0.148881, loss_main=0.020673, loss_diff_source=224.316221, loss_label_inv=2.302613, loss_global_dom=0.680281, loss_recon=0.003447, loss_local_dom=0.718447, lr=0.00001239, epoch_time=00:00:04, eta=00:57:39
2026-03-04 21:06:10,244 - INFO - [Epoch 2740/3500] loss_total=0.215813, loss_main=0.029969, loss_diff_source=224.253704, loss_label_inv=2.302604, loss_global_dom=0.681954, loss_recon=0.003359, loss_local_dom=0.712743, lr=0.00001211, epoch_time=00:00:04, eta=00:56:54
2026-03-04 21:06:54,839 - INFO - [Epoch 2750/3500] loss_total=0.210088, loss_main=0.029174, loss_diff_source=222.434181, loss_label_inv=2.302594, loss_global_dom=0.682045, loss_recon=0.003326, loss_local_dom=0.713088, lr=0.00001183, epoch_time=00:00:04, eta=00:56:09
2026-03-04 21:07:40,203 - INFO - [Epoch 2760/3500] loss_total=0.149935, loss_main=0.020820, loss_diff_source=224.100304, loss_label_inv=2.302592, loss_global_dom=0.679383, loss_recon=0.003256, loss_local_dom=0.692175, lr=0.00001155, epoch_time=00:00:04, eta=00:55:25
2026-03-04 21:08:25,420 - INFO - [Epoch 2770/3500] loss_total=0.188546, loss_main=0.026182, loss_diff_source=223.669792, loss_label_inv=2.302611, loss_global_dom=0.680719, loss_recon=0.003263, loss_local_dom=0.712822, lr=0.00001128, epoch_time=00:00:04, eta=00:54:40
2026-03-04 21:09:11,441 - INFO - [Epoch 2780/3500] loss_total=0.188042, loss_main=0.026112, loss_diff_source=226.457550, loss_label_inv=2.302595, loss_global_dom=0.680404, loss_recon=0.003211, loss_local_dom=0.718162, lr=0.00001101, epoch_time=00:00:04, eta=00:53:55
2026-03-04 21:09:57,059 - INFO - [Epoch 2790/3500] loss_total=0.157317, loss_main=0.021845, loss_diff_source=225.126045, loss_label_inv=2.302597, loss_global_dom=0.681660, loss_recon=0.003178, loss_local_dom=0.701271, lr=0.00001074, epoch_time=00:00:04, eta=00:53:10
2026-03-04 21:10:42,834 - INFO - [Epoch 2800/3500] loss_total=0.159764, loss_main=0.022185, loss_diff_source=226.452831, loss_label_inv=2.302634, loss_global_dom=0.685065, loss_recon=0.003163, loss_local_dom=0.687429, lr=0.00001048, epoch_time=00:00:04, eta=00:52:26
2026-03-04 21:10:43,040 - INFO - [Eval @ Epoch 2800/3500] test_loss=0.146307, test_acc=0.9624
2026-03-04 21:11:28,764 - INFO - [Epoch 2810/3500] loss_total=0.141115, loss_main=0.019595, loss_diff_source=225.124119, loss_label_inv=2.302595, loss_global_dom=0.681074, loss_recon=0.003177, loss_local_dom=0.689543, lr=0.00001022, epoch_time=00:00:04, eta=00:51:41
2026-03-04 21:12:14,390 - INFO - [Epoch 2820/3500] loss_total=0.151078, loss_main=0.020979, loss_diff_source=226.657400, loss_label_inv=2.302606, loss_global_dom=0.680512, loss_recon=0.003103, loss_local_dom=0.689630, lr=0.00000996, epoch_time=00:00:04, eta=00:50:56
2026-03-04 21:13:00,376 - INFO - [Epoch 2830/3500] loss_total=0.184995, loss_main=0.025689, loss_diff_source=225.906998, loss_label_inv=2.302576, loss_global_dom=0.680237, loss_recon=0.003116, loss_local_dom=0.672618, lr=0.00000971, epoch_time=00:00:04, eta=00:50:11
2026-03-04 21:13:45,352 - INFO - [Epoch 2840/3500] loss_total=0.152119, loss_main=0.021123, loss_diff_source=226.650534, loss_label_inv=2.302605, loss_global_dom=0.679814, loss_recon=0.003042, loss_local_dom=0.682685, lr=0.00000946, epoch_time=00:00:04, eta=00:49:26
2026-03-04 21:14:31,576 - INFO - [Epoch 2850/3500] loss_total=0.110406, loss_main=0.015330, loss_diff_source=226.401775, loss_label_inv=2.302616, loss_global_dom=0.680065, loss_recon=0.003040, loss_local_dom=0.719868, lr=0.00000921, epoch_time=00:00:04, eta=00:48:42
2026-03-04 21:15:16,895 - INFO - [Epoch 2860/3500] loss_total=0.192392, loss_main=0.026717, loss_diff_source=227.570189, loss_label_inv=2.302600, loss_global_dom=0.682667, loss_recon=0.003034, loss_local_dom=0.717961, lr=0.00000897, epoch_time=00:00:04, eta=00:47:57
2026-03-04 21:16:02,496 - INFO - [Epoch 2870/3500] loss_total=0.166931, loss_main=0.023181, loss_diff_source=227.011681, loss_label_inv=2.302596, loss_global_dom=0.682306, loss_recon=0.003044, loss_local_dom=0.718102, lr=0.00000873, epoch_time=00:00:04, eta=00:47:12
2026-03-04 21:16:47,673 - INFO - [Epoch 2880/3500] loss_total=0.126060, loss_main=0.017504, loss_diff_source=228.108250, loss_label_inv=2.302606, loss_global_dom=0.680384, loss_recon=0.002952, loss_local_dom=0.705810, lr=0.00000849, epoch_time=00:00:04, eta=00:46:27
2026-03-04 21:17:32,751 - INFO - [Epoch 2890/3500] loss_total=0.176395, loss_main=0.024495, loss_diff_source=226.839458, loss_label_inv=2.302580, loss_global_dom=0.678604, loss_recon=0.003002, loss_local_dom=0.719172, lr=0.00000826, epoch_time=00:00:04, eta=00:45:42
2026-03-04 21:18:17,808 - INFO - [Epoch 2900/3500] loss_total=0.179288, loss_main=0.024897, loss_diff_source=226.649809, loss_label_inv=2.302575, loss_global_dom=0.682086, loss_recon=0.002987, loss_local_dom=0.681253, lr=0.00000803, epoch_time=00:00:04, eta=00:44:57
2026-03-04 21:18:18,010 - INFO - [Eval @ Epoch 2900/3500] test_loss=0.163208, test_acc=0.9619
2026-03-04 21:19:03,500 - INFO - [Epoch 2910/3500] loss_total=0.148328, loss_main=0.020597, loss_diff_source=226.383535, loss_label_inv=2.302573, loss_global_dom=0.681912, loss_recon=0.002946, loss_local_dom=0.688042, lr=0.00000780, epoch_time=00:00:04, eta=00:44:12
2026-03-04 21:19:49,324 - INFO - [Epoch 2920/3500] loss_total=0.158513, loss_main=0.022012, loss_diff_source=225.443066, loss_label_inv=2.302602, loss_global_dom=0.682073, loss_recon=0.002934, loss_local_dom=0.696848, lr=0.00000758, epoch_time=00:00:04, eta=00:43:28
2026-03-04 21:20:34,353 - INFO - [Epoch 2930/3500] loss_total=0.120923, loss_main=0.016791, loss_diff_source=225.368614, loss_label_inv=2.302599, loss_global_dom=0.681885, loss_recon=0.002917, loss_local_dom=0.680063, lr=0.00000736, epoch_time=00:00:04, eta=00:42:43
2026-03-04 21:21:20,960 - INFO - [Epoch 2940/3500] loss_total=0.118094, loss_main=0.016398, loss_diff_source=225.009087, loss_label_inv=2.302615, loss_global_dom=0.680626, loss_recon=0.002985, loss_local_dom=0.696973, lr=0.00000714, epoch_time=00:00:04, eta=00:41:58
2026-03-04 21:22:06,922 - INFO - [Epoch 2950/3500] loss_total=0.126523, loss_main=0.017569, loss_diff_source=225.169657, loss_label_inv=2.302572, loss_global_dom=0.682044, loss_recon=0.002911, loss_local_dom=0.686291, lr=0.00000693, epoch_time=00:00:04, eta=00:41:13
2026-03-04 21:22:52,443 - INFO - [Epoch 2960/3500] loss_total=0.154131, loss_main=0.021403, loss_diff_source=224.475243, loss_label_inv=2.302592, loss_global_dom=0.683335, loss_recon=0.002915, loss_local_dom=0.717246, lr=0.00000672, epoch_time=00:00:04, eta=00:40:28
2026-03-04 21:23:38,627 - INFO - [Epoch 2970/3500] loss_total=0.145824, loss_main=0.020249, loss_diff_source=224.208752, loss_label_inv=2.302592, loss_global_dom=0.682944, loss_recon=0.002869, loss_local_dom=0.704682, lr=0.00000652, epoch_time=00:00:04, eta=00:39:44
2026-03-04 21:24:23,525 - INFO - [Epoch 2980/3500] loss_total=0.142412, loss_main=0.019775, loss_diff_source=222.667065, loss_label_inv=2.302648, loss_global_dom=0.682961, loss_recon=0.002882, loss_local_dom=0.715633, lr=0.00000631, epoch_time=00:00:04, eta=00:38:59
2026-03-04 21:25:09,386 - INFO - [Epoch 2990/3500] loss_total=0.158777, loss_main=0.022048, loss_diff_source=224.101774, loss_label_inv=2.302612, loss_global_dom=0.683906, loss_recon=0.002834, loss_local_dom=0.696858, lr=0.00000612, epoch_time=00:00:04, eta=00:38:14
2026-03-04 21:25:55,716 - INFO - [Epoch 3000/3500] loss_total=0.132317, loss_main=0.018373, loss_diff_source=223.056297, loss_label_inv=2.302587, loss_global_dom=0.679498, loss_recon=0.002836, loss_local_dom=0.681985, lr=0.00000592, epoch_time=00:00:04, eta=00:37:29
2026-03-04 21:25:56,001 - INFO - [Eval @ Epoch 3000/3500] test_loss=0.167443, test_acc=0.9605
2026-03-04 21:26:42,187 - INFO - [Epoch 3010/3500] loss_total=0.221692, loss_main=0.030787, loss_diff_source=223.969521, loss_label_inv=2.302610, loss_global_dom=0.683770, loss_recon=0.002813, loss_local_dom=0.708343, lr=0.00000573, epoch_time=00:00:04, eta=00:36:44
2026-03-04 21:27:27,703 - INFO - [Epoch 3020/3500] loss_total=0.134497, loss_main=0.018676, loss_diff_source=223.731392, loss_label_inv=2.302615, loss_global_dom=0.682622, loss_recon=0.002786, loss_local_dom=0.695721, lr=0.00000554, epoch_time=00:00:04, eta=00:35:59
2026-03-04 21:28:13,567 - INFO - [Epoch 3030/3500] loss_total=0.196417, loss_main=0.027276, loss_diff_source=224.885122, loss_label_inv=2.302601, loss_global_dom=0.680300, loss_recon=0.002758, loss_local_dom=0.692846, lr=0.00000536, epoch_time=00:00:04, eta=00:35:14
2026-03-04 21:28:58,781 - INFO - [Epoch 3040/3500] loss_total=0.140872, loss_main=0.019562, loss_diff_source=224.158844, loss_label_inv=2.302591, loss_global_dom=0.682393, loss_recon=0.002760, loss_local_dom=0.684117, lr=0.00000518, epoch_time=00:00:04, eta=00:34:29
2026-03-04 21:29:44,068 - INFO - [Epoch 3050/3500] loss_total=0.120779, loss_main=0.016771, loss_diff_source=222.914413, loss_label_inv=2.302575, loss_global_dom=0.680274, loss_recon=0.002762, loss_local_dom=0.712829, lr=0.00000500, epoch_time=00:00:04, eta=00:33:45
2026-03-04 21:30:29,808 - INFO - [Epoch 3060/3500] loss_total=0.131025, loss_main=0.018194, loss_diff_source=223.030403, loss_label_inv=2.302602, loss_global_dom=0.682522, loss_recon=0.002760, loss_local_dom=0.720735, lr=0.00000483, epoch_time=00:00:04, eta=00:33:00
2026-03-04 21:31:14,371 - INFO - [Epoch 3070/3500] loss_total=0.141206, loss_main=0.019608, loss_diff_source=224.291424, loss_label_inv=2.302622, loss_global_dom=0.682286, loss_recon=0.002725, loss_local_dom=0.710003, lr=0.00000466, epoch_time=00:00:04, eta=00:32:15
2026-03-04 21:31:59,627 - INFO - [Epoch 3080/3500] loss_total=0.164107, loss_main=0.022789, loss_diff_source=222.865591, loss_label_inv=2.302585, loss_global_dom=0.681457, loss_recon=0.002719, loss_local_dom=0.694334, lr=0.00000449, epoch_time=00:00:04, eta=00:31:30
2026-03-04 21:32:44,166 - INFO - [Epoch 3090/3500] loss_total=0.108806, loss_main=0.015108, loss_diff_source=222.533081, loss_label_inv=2.302568, loss_global_dom=0.682422, loss_recon=0.002728, loss_local_dom=0.690516, lr=0.00000433, epoch_time=00:00:04, eta=00:30:45
2026-03-04 21:33:30,206 - INFO - [Epoch 3100/3500] loss_total=0.140138, loss_main=0.019460, loss_diff_source=223.211632, loss_label_inv=2.302645, loss_global_dom=0.680716, loss_recon=0.002719, loss_local_dom=0.682422, lr=0.00000417, epoch_time=00:00:04, eta=00:30:00
2026-03-04 21:33:30,406 - INFO - [Eval @ Epoch 3100/3500] test_loss=0.151419, test_acc=0.9657
2026-03-04 21:34:15,442 - INFO - [Epoch 3110/3500] loss_total=0.093961, loss_main=0.013046, loss_diff_source=222.598881, loss_label_inv=2.302570, loss_global_dom=0.680026, loss_recon=0.002692, loss_local_dom=0.712345, lr=0.00000402, epoch_time=00:00:04, eta=00:29:15
2026-03-04 21:35:01,324 - INFO - [Epoch 3120/3500] loss_total=0.159151, loss_main=0.022100, loss_diff_source=223.223396, loss_label_inv=2.302599, loss_global_dom=0.680787, loss_recon=0.002726, loss_local_dom=0.709084, lr=0.00000387, epoch_time=00:00:04, eta=00:28:30
2026-03-04 21:35:47,337 - INFO - [Epoch 3130/3500] loss_total=0.156699, loss_main=0.021760, loss_diff_source=223.382431, loss_label_inv=2.302585, loss_global_dom=0.680907, loss_recon=0.002686, loss_local_dom=0.690030, lr=0.00000372, epoch_time=00:00:04, eta=00:27:45
2026-03-04 21:36:32,952 - INFO - [Epoch 3140/3500] loss_total=0.123441, loss_main=0.017141, loss_diff_source=224.402021, loss_label_inv=2.302597, loss_global_dom=0.681654, loss_recon=0.002647, loss_local_dom=0.690055, lr=0.00000358, epoch_time=00:00:04, eta=00:27:00
2026-03-04 21:37:18,487 - INFO - [Epoch 3150/3500] loss_total=0.196396, loss_main=0.027274, loss_diff_source=224.204781, loss_label_inv=2.302570, loss_global_dom=0.683447, loss_recon=0.002632, loss_local_dom=0.730395, lr=0.00000344, epoch_time=00:00:04, eta=00:26:15
2026-03-04 21:38:03,272 - INFO - [Epoch 3160/3500] loss_total=0.140876, loss_main=0.019562, loss_diff_source=223.430399, loss_label_inv=2.302629, loss_global_dom=0.682148, loss_recon=0.002604, loss_local_dom=0.724432, lr=0.00000330, epoch_time=00:00:04, eta=00:25:30
2026-03-04 21:38:48,774 - INFO - [Epoch 3170/3500] loss_total=0.091140, loss_main=0.012655, loss_diff_source=223.280777, loss_label_inv=2.302582, loss_global_dom=0.682195, loss_recon=0.002650, loss_local_dom=0.697732, lr=0.00000317, epoch_time=00:00:04, eta=00:24:45
2026-03-04 21:39:33,886 - INFO - [Epoch 3180/3500] loss_total=0.101489, loss_main=0.014092, loss_diff_source=222.091114, loss_label_inv=2.302634, loss_global_dom=0.682844, loss_recon=0.002633, loss_local_dom=0.714021, lr=0.00000304, epoch_time=00:00:04, eta=00:24:00
2026-03-04 21:40:18,990 - INFO - [Epoch 3190/3500] loss_total=0.160590, loss_main=0.022301, loss_diff_source=221.777441, loss_label_inv=2.302586, loss_global_dom=0.684124, loss_recon=0.002639, loss_local_dom=0.725268, lr=0.00000292, epoch_time=00:00:04, eta=00:23:15
2026-03-04 21:41:04,366 - INFO - [Epoch 3200/3500] loss_total=0.146114, loss_main=0.020290, loss_diff_source=222.117630, loss_label_inv=2.302603, loss_global_dom=0.681913, loss_recon=0.002647, loss_local_dom=0.696657, lr=0.00000280, epoch_time=00:00:04, eta=00:22:30
2026-03-04 21:41:04,570 - INFO - [Eval @ Epoch 3200/3500] test_loss=0.161371, test_acc=0.9638
2026-03-04 21:41:49,009 - INFO - [Epoch 3210/3500] loss_total=0.150525, loss_main=0.020903, loss_diff_source=223.872379, loss_label_inv=2.302617, loss_global_dom=0.681227, loss_recon=0.002599, loss_local_dom=0.684221, lr=0.00000268, epoch_time=00:00:04, eta=00:21:45
2026-03-04 21:42:34,523 - INFO - [Epoch 3220/3500] loss_total=0.134593, loss_main=0.018690, loss_diff_source=223.397459, loss_label_inv=2.302557, loss_global_dom=0.682524, loss_recon=0.002593, loss_local_dom=0.686835, lr=0.00000257, epoch_time=00:00:04, eta=00:21:00
2026-03-04 21:43:19,205 - INFO - [Epoch 3230/3500] loss_total=0.127604, loss_main=0.017719, loss_diff_source=222.267599, loss_label_inv=2.302588, loss_global_dom=0.680842, loss_recon=0.002595, loss_local_dom=0.691300, lr=0.00000246, epoch_time=00:00:04, eta=00:20:15
2026-03-04 21:44:04,323 - INFO - [Epoch 3240/3500] loss_total=0.147322, loss_main=0.020458, loss_diff_source=222.897625, loss_label_inv=2.302609, loss_global_dom=0.681337, loss_recon=0.002596, loss_local_dom=0.702817, lr=0.00000235, epoch_time=00:00:04, eta=00:19:30
2026-03-04 21:44:49,307 - INFO - [Epoch 3250/3500] loss_total=0.189473, loss_main=0.026312, loss_diff_source=222.576637, loss_label_inv=2.302590, loss_global_dom=0.682301, loss_recon=0.002561, loss_local_dom=0.696390, lr=0.00000225, epoch_time=00:00:04, eta=00:18:45
2026-03-04 21:45:34,379 - INFO - [Epoch 3260/3500] loss_total=0.125957, loss_main=0.017490, loss_diff_source=223.411903, loss_label_inv=2.302584, loss_global_dom=0.679923, loss_recon=0.002546, loss_local_dom=0.697461, lr=0.00000215, epoch_time=00:00:04, eta=00:18:00
2026-03-04 21:46:19,469 - INFO - [Epoch 3270/3500] loss_total=0.168449, loss_main=0.023392, loss_diff_source=223.200565, loss_label_inv=2.302605, loss_global_dom=0.680643, loss_recon=0.002599, loss_local_dom=0.710476, lr=0.00000206, epoch_time=00:00:04, eta=00:17:15
2026-03-04 21:47:04,536 - INFO - [Epoch 3280/3500] loss_total=0.138761, loss_main=0.019269, loss_diff_source=223.957525, loss_label_inv=2.302577, loss_global_dom=0.682724, loss_recon=0.002525, loss_local_dom=0.707864, lr=0.00000197, epoch_time=00:00:04, eta=00:16:30
2026-03-04 21:47:49,759 - INFO - [Epoch 3290/3500] loss_total=0.113576, loss_main=0.015771, loss_diff_source=222.747101, loss_label_inv=2.302579, loss_global_dom=0.679293, loss_recon=0.002545, loss_local_dom=0.709942, lr=0.00000189, epoch_time=00:00:04, eta=00:15:45
2026-03-04 21:48:35,374 - INFO - [Epoch 3300/3500] loss_total=0.074410, loss_main=0.010331, loss_diff_source=223.020540, loss_label_inv=2.302627, loss_global_dom=0.678224, loss_recon=0.002520, loss_local_dom=0.673119, lr=0.00000180, epoch_time=00:00:04, eta=00:15:00
2026-03-04 21:48:35,557 - INFO - [Eval @ Epoch 3300/3500] test_loss=0.155251, test_acc=0.9633
2026-03-04 21:49:20,781 - INFO - [Epoch 3310/3500] loss_total=0.204975, loss_main=0.028465, loss_diff_source=223.280174, loss_label_inv=2.302592, loss_global_dom=0.683845, loss_recon=0.002532, loss_local_dom=0.723750, lr=0.00000173, epoch_time=00:00:04, eta=00:14:15
2026-03-04 21:50:06,358 - INFO - [Epoch 3320/3500] loss_total=0.122558, loss_main=0.017019, loss_diff_source=223.138033, loss_label_inv=2.302610, loss_global_dom=0.681639, loss_recon=0.002522, loss_local_dom=0.701961, lr=0.00000165, epoch_time=00:00:04, eta=00:13:30
2026-03-04 21:50:52,075 - INFO - [Epoch 3330/3500] loss_total=0.160851, loss_main=0.022337, loss_diff_source=223.707657, loss_label_inv=2.302607, loss_global_dom=0.681497, loss_recon=0.002501, loss_local_dom=0.662941, lr=0.00000158, epoch_time=00:00:04, eta=00:12:45
2026-03-04 21:51:37,581 - INFO - [Epoch 3340/3500] loss_total=0.098591, loss_main=0.013690, loss_diff_source=223.456686, loss_label_inv=2.302603, loss_global_dom=0.681112, loss_recon=0.002556, loss_local_dom=0.717972, lr=0.00000152, epoch_time=00:00:04, eta=00:12:00
2026-03-04 21:52:22,296 - INFO - [Epoch 3350/3500] loss_total=0.141862, loss_main=0.019700, loss_diff_source=223.681261, loss_label_inv=2.302611, loss_global_dom=0.682402, loss_recon=0.002514, loss_local_dom=0.714424, lr=0.00000145, epoch_time=00:00:04, eta=00:11:15
2026-03-04 21:53:07,861 - INFO - [Epoch 3360/3500] loss_total=0.146804, loss_main=0.020386, loss_diff_source=223.487600, loss_label_inv=2.302635, loss_global_dom=0.681234, loss_recon=0.002518, loss_local_dom=0.705784, lr=0.00000140, epoch_time=00:00:04, eta=00:10:30
2026-03-04 21:53:52,538 - INFO - [Epoch 3370/3500] loss_total=0.098621, loss_main=0.013694, loss_diff_source=223.547285, loss_label_inv=2.302597, loss_global_dom=0.681314, loss_recon=0.002518, loss_local_dom=0.698984, lr=0.00000134, epoch_time=00:00:04, eta=00:09:45
2026-03-04 21:54:37,926 - INFO - [Epoch 3380/3500] loss_total=0.132594, loss_main=0.018412, loss_diff_source=224.218042, loss_label_inv=2.302594, loss_global_dom=0.680823, loss_recon=0.002478, loss_local_dom=0.695355, lr=0.00000129, epoch_time=00:00:04, eta=00:09:00
2026-03-04 21:55:22,873 - INFO - [Epoch 3390/3500] loss_total=0.164286, loss_main=0.022814, loss_diff_source=223.935434, loss_label_inv=2.302601, loss_global_dom=0.678556, loss_recon=0.002483, loss_local_dom=0.692909, lr=0.00000125, epoch_time=00:00:04, eta=00:08:15
2026-03-04 21:56:07,950 - INFO - [Epoch 3400/3500] loss_total=0.137654, loss_main=0.019115, loss_diff_source=224.207937, loss_label_inv=2.302596, loss_global_dom=0.679811, loss_recon=0.002514, loss_local_dom=0.707450, lr=0.00000120, epoch_time=00:00:04, eta=00:07:30
2026-03-04 21:56:08,150 - INFO - [Eval @ Epoch 3400/3500] test_loss=0.154749, test_acc=0.9633
2026-03-04 21:56:53,148 - INFO - [Epoch 3410/3500] loss_total=0.117403, loss_main=0.016303, loss_diff_source=223.405846, loss_label_inv=2.302601, loss_global_dom=0.679751, loss_recon=0.002472, loss_local_dom=0.696820, lr=0.00000117, epoch_time=00:00:04, eta=00:06:45
2026-03-04 21:57:38,316 - INFO - [Epoch 3420/3500] loss_total=0.120137, loss_main=0.016682, loss_diff_source=223.196095, loss_label_inv=2.302607, loss_global_dom=0.680738, loss_recon=0.002496, loss_local_dom=0.695414, lr=0.00000113, epoch_time=00:00:04, eta=00:06:00
2026-03-04 21:58:23,368 - INFO - [Epoch 3430/3500] loss_total=0.145458, loss_main=0.020199, loss_diff_source=223.494991, loss_label_inv=2.302609, loss_global_dom=0.683924, loss_recon=0.002472, loss_local_dom=0.677994, lr=0.00000110, epoch_time=00:00:04, eta=00:05:15
2026-03-04 21:59:08,102 - INFO - [Epoch 3440/3500] loss_total=0.113430, loss_main=0.015751, loss_diff_source=223.369366, loss_label_inv=2.302592, loss_global_dom=0.681549, loss_recon=0.002471, loss_local_dom=0.718602, lr=0.00000107, epoch_time=00:00:04, eta=00:04:30
2026-03-04 21:59:53,070 - INFO - [Epoch 3450/3500] loss_total=0.161830, loss_main=0.022473, loss_diff_source=223.364979, loss_label_inv=2.302604, loss_global_dom=0.681102, loss_recon=0.002494, loss_local_dom=0.710302, lr=0.00000105, epoch_time=00:00:04, eta=00:03:45
2026-03-04 22:00:38,386 - INFO - [Epoch 3460/3500] loss_total=0.126738, loss_main=0.017599, loss_diff_source=223.752052, loss_label_inv=2.302580, loss_global_dom=0.682457, loss_recon=0.002459, loss_local_dom=0.682872, lr=0.00000103, epoch_time=00:00:04, eta=00:03:00
2026-03-04 22:01:24,163 - INFO - [Epoch 3470/3500] loss_total=0.137489, loss_main=0.019092, loss_diff_source=223.363359, loss_label_inv=2.302545, loss_global_dom=0.682618, loss_recon=0.002477, loss_local_dom=0.717458, lr=0.00000102, epoch_time=00:00:04, eta=00:02:15
2026-03-04 22:02:08,954 - INFO - [Epoch 3480/3500] loss_total=0.168415, loss_main=0.023388, loss_diff_source=224.217787, loss_label_inv=2.302618, loss_global_dom=0.681987, loss_recon=0.002466, loss_local_dom=0.717442, lr=0.00000101, epoch_time=00:00:04, eta=00:01:30
2026-03-04 22:02:54,295 - INFO - [Epoch 3490/3500] loss_total=0.145951, loss_main=0.020268, loss_diff_source=223.842886, loss_label_inv=2.302590, loss_global_dom=0.682512, loss_recon=0.002441, loss_local_dom=0.714380, lr=0.00000100, epoch_time=00:00:04, eta=00:00:45
2026-03-04 22:03:40,121 - INFO - [Epoch 3500/3500] loss_total=0.172990, loss_main=0.024023, loss_diff_source=223.766510, loss_label_inv=2.302598, loss_global_dom=0.682276, loss_recon=0.002469, loss_local_dom=0.708790, lr=0.00000100, epoch_time=00:00:04, eta=00:00:00
2026-03-04 22:03:40,324 - INFO - [Eval @ Epoch 3500/3500] test_loss=0.156278, test_acc=0.9643
2026-03-04 22:03:41,236 - INFO - Training complete! Best training loss: 0.0088
2026-03-04 22:03:41,236 - INFO - Model saved to: results/model_best.pth
